TpTrace Verbose: 0 : 17452, 1, 2021/11/17, 11:56:23.568, 1300822482751, vstest.console.dll, Version: 16.11.0
TpTrace Information: 0 : 17452, 1, 2021/11/17, 11:56:23.577, 1300822567083, vstest.console.dll, FilePatternParser: The given file C:\Users\roshini.lakshmanan\source\repos\Del\ToDo\ToDoAPI\ToDoList.Domain.UnitTests\bin\Debug\netcoreapp3.1\fine-code-coverage\build-output\ToDoList.Domain.UnitTests.dll is a full path.
TpTrace Verbose: 0 : 17452, 1, 2021/11/17, 11:56:23.585, 1300822646390, vstest.console.dll, TestPluginCache.DiscoverTestExtensions: finding test extensions in assemblies ends with: RuntimeProvider.dll TPluginInfo: Microsoft.VisualStudio.TestPlatform.Common.ExtensionFramework.Utilities.TestRuntimePluginInformation TExtension: Microsoft.VisualStudio.TestPlatform.ObjectModel.Host.ITestRuntimeProvider
TpTrace Verbose: 0 : 17452, 1, 2021/11/17, 11:56:23.849, 1300825285174, vstest.console.dll, TestPluginCache.GetExtensionPaths: Filtered extension paths: 
TpTrace Verbose: 0 : 17452, 1, 2021/11/17, 11:56:23.850, 1300825296803, vstest.console.dll, TestPluginCache.GetExtensionPaths: Added default extension paths: C:\Program Files\dotnet\sdk\5.0.403\Extensions\Microsoft.Diagnostics.NETCore.Client.dll
C:\Program Files\dotnet\sdk\5.0.403\Extensions\Microsoft.TestPlatform.Extensions.BlameDataCollector.dll
C:\Program Files\dotnet\sdk\5.0.403\Extensions\Microsoft.TestPlatform.Extensions.EventLogCollector.dll
C:\Program Files\dotnet\sdk\5.0.403\Extensions\Microsoft.TestPlatform.TestHostRuntimeProvider.dll
C:\Program Files\dotnet\sdk\5.0.403\Extensions\Microsoft.VisualStudio.TestPlatform.Extensions.Html.TestLogger.dll
C:\Program Files\dotnet\sdk\5.0.403\Extensions\Microsoft.VisualStudio.TestPlatform.Extensions.Trx.TestLogger.dll
TpTrace Verbose: 0 : 17452, 1, 2021/11/17, 11:56:23.851, 1300825304150, vstest.console.dll, TestPluginCache.GetExtensionPaths: Added unfilterableExtensionPaths: 
TpTrace Information: 0 : 17452, 1, 2021/11/17, 11:56:23.863, 1300825422375, vstest.console.dll, AssemblyResolver.ctor: Creating AssemblyResolver with searchDirectories C:\Program Files\dotnet\sdk\5.0.403\Extensions,C:\Program Files\dotnet\sdk\5.0.403
TpTrace Verbose: 0 : 17452, 1, 2021/11/17, 11:56:23.875, 1300825540664, vstest.console.dll, TestPluginCache.DiscoverTestExtensions: Discovering the extensions using extension path.
TpTrace Verbose: 0 : 17452, 1, 2021/11/17, 11:56:23.875, 1300825546603, vstest.console.dll, TestPluginCache.GetExtensionPaths: Filtered extension paths: 
TpTrace Verbose: 0 : 17452, 1, 2021/11/17, 11:56:23.876, 1300825548793, vstest.console.dll, TestPluginCache.GetExtensionPaths: Added default extension paths: C:\Program Files\dotnet\sdk\5.0.403\Extensions\Microsoft.Diagnostics.NETCore.Client.dll
C:\Program Files\dotnet\sdk\5.0.403\Extensions\Microsoft.TestPlatform.Extensions.BlameDataCollector.dll
C:\Program Files\dotnet\sdk\5.0.403\Extensions\Microsoft.TestPlatform.Extensions.EventLogCollector.dll
C:\Program Files\dotnet\sdk\5.0.403\Extensions\Microsoft.TestPlatform.TestHostRuntimeProvider.dll
C:\Program Files\dotnet\sdk\5.0.403\Extensions\Microsoft.VisualStudio.TestPlatform.Extensions.Html.TestLogger.dll
C:\Program Files\dotnet\sdk\5.0.403\Extensions\Microsoft.VisualStudio.TestPlatform.Extensions.Trx.TestLogger.dll
TpTrace Verbose: 0 : 17452, 1, 2021/11/17, 11:56:23.876, 1300825550839, vstest.console.dll, TestPluginCache.GetExtensionPaths: Added unfilterableExtensionPaths: 
TpTrace Verbose: 0 : 17452, 1, 2021/11/17, 11:56:23.876, 1300825554410, vstest.console.dll, TestPluginCache.DiscoverTestExtensions: Discovering the extensions using allExtensionPaths: C:\Program Files\dotnet\sdk\5.0.403\Extensions\Microsoft.Diagnostics.NETCore.Client.dll
C:\Program Files\dotnet\sdk\5.0.403\Extensions\Microsoft.TestPlatform.Extensions.BlameDataCollector.dll
C:\Program Files\dotnet\sdk\5.0.403\Extensions\Microsoft.TestPlatform.Extensions.EventLogCollector.dll
C:\Program Files\dotnet\sdk\5.0.403\Extensions\Microsoft.TestPlatform.TestHostRuntimeProvider.dll
C:\Program Files\dotnet\sdk\5.0.403\Extensions\Microsoft.VisualStudio.TestPlatform.Extensions.Html.TestLogger.dll
C:\Program Files\dotnet\sdk\5.0.403\Extensions\Microsoft.VisualStudio.TestPlatform.Extensions.Trx.TestLogger.dll
TpTrace Information: 0 : 17452, 1, 2021/11/17, 11:56:23.877, 1300825561425, vstest.console.dll, AssemblyResolver.AddSearchDirectories: Adding more searchDirectories C:\Program Files\dotnet\sdk\5.0.403\Extensions,C:\Program Files\dotnet\sdk\5.0.403
TpTrace Information: 0 : 17452, 1, 2021/11/17, 11:56:23.877, 1300825564990, vstest.console.dll, AssemblyResolver.AddSearchDirectories: Adding more searchDirectories C:\Program Files\dotnet\sdk\5.0.403\Extensions,C:\Program Files\dotnet\sdk\5.0.403
TpTrace Information: 0 : 17452, 1, 2021/11/17, 11:56:23.878, 1300825568784, vstest.console.dll, AssemblyResolver.AddSearchDirectories: Adding more searchDirectories C:\Program Files\dotnet\sdk\5.0.403\Extensions,C:\Program Files\dotnet\sdk\5.0.403
TpTrace Information: 0 : 17452, 1, 2021/11/17, 11:56:23.878, 1300825572670, vstest.console.dll, AssemblyResolver.AddSearchDirectories: Adding more searchDirectories C:\Program Files\dotnet\sdk\5.0.403\Extensions,C:\Program Files\dotnet\sdk\5.0.403
TpTrace Information: 0 : 17452, 1, 2021/11/17, 11:56:23.878, 1300825575037, vstest.console.dll, AssemblyResolver.AddSearchDirectories: Adding more searchDirectories C:\Program Files\dotnet\sdk\5.0.403\Extensions,C:\Program Files\dotnet\sdk\5.0.403
TpTrace Information: 0 : 17452, 1, 2021/11/17, 11:56:23.878, 1300825576834, vstest.console.dll, AssemblyResolver.AddSearchDirectories: Adding more searchDirectories C:\Program Files\dotnet\sdk\5.0.403\Extensions,C:\Program Files\dotnet\sdk\5.0.403
TpTrace Information: 0 : 17452, 1, 2021/11/17, 11:56:23.880, 1300825590666, vstest.console.dll, AssemblyResolver.OnResolve: Microsoft.Diagnostics.NETCore.Client: Resolving assembly.
TpTrace Information: 0 : 17452, 1, 2021/11/17, 11:56:23.880, 1300825592902, vstest.console.dll, AssemblyResolver.OnResolve: Microsoft.Diagnostics.NETCore.Client: Searching in: 'C:\Program Files\dotnet\sdk\5.0.403\Extensions'.
TpTrace Information: 0 : 17452, 1, 2021/11/17, 11:56:23.882, 1300825610773, vstest.console.dll, AssemblyResolver.OnResolve: Microsoft.Diagnostics.NETCore.Client: Loading assembly 'C:\Program Files\dotnet\sdk\5.0.403\Extensions\Microsoft.Diagnostics.NETCore.Client.dll'.
TpTrace Information: 0 : 17452, 1, 2021/11/17, 11:56:23.886, 1300825648035, vstest.console.dll, AssemblyResolver.OnResolve: Resolved assembly: Microsoft.Diagnostics.NETCore.Client, from path: C:\Program Files\dotnet\sdk\5.0.403\Extensions\Microsoft.Diagnostics.NETCore.Client.dll
TpTrace Information: 0 : 17452, 1, 2021/11/17, 11:56:23.896, 1300825750356, vstest.console.dll, AssemblyResolver.OnResolve: Microsoft.Bcl.AsyncInterfaces: Resolving assembly.
TpTrace Information: 0 : 17452, 1, 2021/11/17, 11:56:23.896, 1300825752080, vstest.console.dll, AssemblyResolver.OnResolve: Microsoft.Bcl.AsyncInterfaces: Searching in: 'C:\Program Files\dotnet\sdk\5.0.403\Extensions'.
TpTrace Information: 0 : 17452, 1, 2021/11/17, 11:56:23.896, 1300825754168, vstest.console.dll, AssemblyResolver.OnResolve: Microsoft.Bcl.AsyncInterfaces: Assembly path does not exist: 'C:\Program Files\dotnet\sdk\5.0.403\Extensions\Microsoft.Bcl.AsyncInterfaces.dll', returning.
TpTrace Information: 0 : 17452, 1, 2021/11/17, 11:56:23.896, 1300825755492, vstest.console.dll, AssemblyResolver.OnResolve: Microsoft.Bcl.AsyncInterfaces: Assembly path does not exist: 'C:\Program Files\dotnet\sdk\5.0.403\Extensions\Microsoft.Bcl.AsyncInterfaces.exe', returning.
TpTrace Information: 0 : 17452, 1, 2021/11/17, 11:56:23.896, 1300825756346, vstest.console.dll, AssemblyResolver.OnResolve: Microsoft.Bcl.AsyncInterfaces: Searching in: 'C:\Program Files\dotnet\sdk\5.0.403'.
TpTrace Information: 0 : 17452, 1, 2021/11/17, 11:56:23.897, 1300825758274, vstest.console.dll, AssemblyResolver.OnResolve: Microsoft.Bcl.AsyncInterfaces: Assembly path does not exist: 'C:\Program Files\dotnet\sdk\5.0.403\Microsoft.Bcl.AsyncInterfaces.dll', returning.
TpTrace Information: 0 : 17452, 1, 2021/11/17, 11:56:23.897, 1300825759635, vstest.console.dll, AssemblyResolver.OnResolve: Microsoft.Bcl.AsyncInterfaces: Assembly path does not exist: 'C:\Program Files\dotnet\sdk\5.0.403\Microsoft.Bcl.AsyncInterfaces.exe', returning.
TpTrace Information: 0 : 17452, 1, 2021/11/17, 11:56:23.897, 1300825760814, vstest.console.dll, AssemblyResolver.OnResolve: Microsoft.Bcl.AsyncInterfaces: Failed to load assembly.
TpTrace Verbose: 0 : 17452, 1, 2021/11/17, 11:56:23.897, 1300825761732, vstest.console.dll, CurrentDomainAssemblyResolve: Resolving assembly 'Microsoft.Bcl.AsyncInterfaces'.
TpTrace Information: 0 : 17452, 1, 2021/11/17, 11:56:23.897, 1300825763124, vstest.console.dll, AssemblyResolver.OnResolve: Microsoft.Bcl.AsyncInterfaces: Resolving assembly.
TpTrace Information: 0 : 17452, 1, 2021/11/17, 11:56:23.897, 1300825764285, vstest.console.dll, AssemblyResolver.OnResolve: Microsoft.Bcl.AsyncInterfaces: Resolved from cache.
TpTrace Verbose: 0 : 17452, 1, 2021/11/17, 11:56:23.897, 1300825766927, vstest.console.dll, CurrentDomainAssemblyResolve: Resolving assembly 'Microsoft.Bcl.AsyncInterfaces'.
TpTrace Verbose: 0 : 17452, 1, 2021/11/17, 11:56:23.898, 1300825768576, vstest.console.dll, CurrentDomainAssemblyResolve: Failed to resolve assembly 'Microsoft.Bcl.AsyncInterfaces'.
TpTrace Verbose: 0 : 17452, 1, 2021/11/17, 11:56:23.901, 1300825799214, vstest.console.dll, CurrentDomainAssemblyResolve: Failed to resolve assembly 'Microsoft.Bcl.AsyncInterfaces'.
TpTrace Warning: 0 : 17452, 1, 2021/11/17, 11:56:23.930, 1300826090943, vstest.console.dll, TestPluginDiscoverer: Failed to get types from assembly 'Microsoft.Diagnostics.NETCore.Client, Version=0.2.2.41902, Culture=neutral, PublicKeyToken=31bf3856ad364e35'.  Skipping test extension scan for this assembly.  Error: System.Reflection.ReflectionTypeLoadException: Unable to load one or more of the requested types.
Could not load file or assembly 'Microsoft.Bcl.AsyncInterfaces, Version=1.0.0.0, Culture=neutral, PublicKeyToken=cc7b13ffcd2ddd51'. The system cannot find the file specified.
   at System.Reflection.RuntimeModule.GetTypes(RuntimeModule module)
   at System.Reflection.RuntimeModule.GetTypes()
   at System.Reflection.Assembly.GetTypes()
   at Microsoft.VisualStudio.TestPlatform.Common.ExtensionFramework.TestPluginDiscoverer.GetTestExtensionsFromAssembly[TPluginInfo,TExtension](Assembly assembly, Dictionary`2 pluginInfos)
System.IO.FileNotFoundException: Could not load file or assembly 'Microsoft.Bcl.AsyncInterfaces, Version=1.0.0.0, Culture=neutral, PublicKeyToken=cc7b13ffcd2ddd51'. The system cannot find the file specified.
File name: 'Microsoft.Bcl.AsyncInterfaces, Version=1.0.0.0, Culture=neutral, PublicKeyToken=cc7b13ffcd2ddd51'
TpTrace Warning: 0 : 17452, 1, 2021/11/17, 11:56:23.930, 1300826092755, vstest.console.dll, LoaderExceptions: System.IO.FileNotFoundException: Could not load file or assembly 'Microsoft.Bcl.AsyncInterfaces, Version=1.0.0.0, Culture=neutral, PublicKeyToken=cc7b13ffcd2ddd51'. The system cannot find the file specified.
File name: 'Microsoft.Bcl.AsyncInterfaces, Version=1.0.0.0, Culture=neutral, PublicKeyToken=cc7b13ffcd2ddd51'
TpTrace Information: 0 : 17452, 1, 2021/11/17, 11:56:23.930, 1300826094827, vstest.console.dll, AssemblyResolver.OnResolve: Microsoft.TestPlatform.Extensions.BlameDataCollector: Resolving assembly.
TpTrace Information: 0 : 17452, 1, 2021/11/17, 11:56:23.930, 1300826095460, vstest.console.dll, AssemblyResolver.OnResolve: Microsoft.TestPlatform.Extensions.BlameDataCollector: Searching in: 'C:\Program Files\dotnet\sdk\5.0.403\Extensions'.
TpTrace Information: 0 : 17452, 1, 2021/11/17, 11:56:23.931, 1300826101269, vstest.console.dll, AssemblyResolver.OnResolve: Microsoft.TestPlatform.Extensions.BlameDataCollector: Loading assembly 'C:\Program Files\dotnet\sdk\5.0.403\Extensions\Microsoft.TestPlatform.Extensions.BlameDataCollector.dll'.
TpTrace Information: 0 : 17452, 1, 2021/11/17, 11:56:23.932, 1300826115531, vstest.console.dll, AssemblyResolver.OnResolve: Resolved assembly: Microsoft.TestPlatform.Extensions.BlameDataCollector, from path: C:\Program Files\dotnet\sdk\5.0.403\Extensions\Microsoft.TestPlatform.Extensions.BlameDataCollector.dll
TpTrace Information: 0 : 17452, 1, 2021/11/17, 11:56:23.933, 1300826127115, vstest.console.dll, AssemblyResolver.OnResolve: Microsoft.TestPlatform.Extensions.EventLogCollector: Resolving assembly.
TpTrace Information: 0 : 17452, 1, 2021/11/17, 11:56:23.934, 1300826128643, vstest.console.dll, AssemblyResolver.OnResolve: Microsoft.TestPlatform.Extensions.EventLogCollector: Searching in: 'C:\Program Files\dotnet\sdk\5.0.403\Extensions'.
TpTrace Information: 0 : 17452, 1, 2021/11/17, 11:56:23.934, 1300826134945, vstest.console.dll, AssemblyResolver.OnResolve: Microsoft.TestPlatform.Extensions.EventLogCollector: Loading assembly 'C:\Program Files\dotnet\sdk\5.0.403\Extensions\Microsoft.TestPlatform.Extensions.EventLogCollector.dll'.
TpTrace Information: 0 : 17452, 1, 2021/11/17, 11:56:23.935, 1300826146859, vstest.console.dll, AssemblyResolver.OnResolve: Resolved assembly: Microsoft.TestPlatform.Extensions.EventLogCollector, from path: C:\Program Files\dotnet\sdk\5.0.403\Extensions\Microsoft.TestPlatform.Extensions.EventLogCollector.dll
TpTrace Information: 0 : 17452, 1, 2021/11/17, 11:56:23.940, 1300826190393, vstest.console.dll, AssemblyResolver.OnResolve: Microsoft.TestPlatform.TestHostRuntimeProvider: Resolving assembly.
TpTrace Information: 0 : 17452, 1, 2021/11/17, 11:56:23.940, 1300826191950, vstest.console.dll, AssemblyResolver.OnResolve: Microsoft.TestPlatform.TestHostRuntimeProvider: Searching in: 'C:\Program Files\dotnet\sdk\5.0.403\Extensions'.
TpTrace Information: 0 : 17452, 1, 2021/11/17, 11:56:23.941, 1300826198524, vstest.console.dll, AssemblyResolver.OnResolve: Microsoft.TestPlatform.TestHostRuntimeProvider: Loading assembly 'C:\Program Files\dotnet\sdk\5.0.403\Extensions\Microsoft.TestPlatform.TestHostRuntimeProvider.dll'.
TpTrace Information: 0 : 17452, 1, 2021/11/17, 11:56:23.942, 1300826214438, vstest.console.dll, AssemblyResolver.OnResolve: Resolved assembly: Microsoft.TestPlatform.TestHostRuntimeProvider, from path: C:\Program Files\dotnet\sdk\5.0.403\Extensions\Microsoft.TestPlatform.TestHostRuntimeProvider.dll
TpTrace Information: 0 : 17452, 1, 2021/11/17, 11:56:23.944, 1300826233835, vstest.console.dll, AssemblyResolver.OnResolve: Microsoft.VisualStudio.TestPlatform.Extensions.Html.TestLogger: Resolving assembly.
TpTrace Information: 0 : 17452, 1, 2021/11/17, 11:56:23.944, 1300826235287, vstest.console.dll, AssemblyResolver.OnResolve: Microsoft.VisualStudio.TestPlatform.Extensions.Html.TestLogger: Searching in: 'C:\Program Files\dotnet\sdk\5.0.403\Extensions'.
TpTrace Information: 0 : 17452, 1, 2021/11/17, 11:56:23.945, 1300826241769, vstest.console.dll, AssemblyResolver.OnResolve: Microsoft.VisualStudio.TestPlatform.Extensions.Html.TestLogger: Loading assembly 'C:\Program Files\dotnet\sdk\5.0.403\Extensions\Microsoft.VisualStudio.TestPlatform.Extensions.Html.TestLogger.dll'.
TpTrace Information: 0 : 17452, 1, 2021/11/17, 11:56:23.946, 1300826252894, vstest.console.dll, AssemblyResolver.OnResolve: Resolved assembly: Microsoft.VisualStudio.TestPlatform.Extensions.Html.TestLogger, from path: C:\Program Files\dotnet\sdk\5.0.403\Extensions\Microsoft.VisualStudio.TestPlatform.Extensions.Html.TestLogger.dll
TpTrace Information: 0 : 17452, 1, 2021/11/17, 11:56:23.947, 1300826258428, vstest.console.dll, AssemblyResolver.OnResolve: Microsoft.VisualStudio.TestPlatform.Extensions.Trx.TestLogger: Resolving assembly.
TpTrace Information: 0 : 17452, 1, 2021/11/17, 11:56:23.947, 1300826259404, vstest.console.dll, AssemblyResolver.OnResolve: Microsoft.VisualStudio.TestPlatform.Extensions.Trx.TestLogger: Searching in: 'C:\Program Files\dotnet\sdk\5.0.403\Extensions'.
TpTrace Information: 0 : 17452, 1, 2021/11/17, 11:56:23.947, 1300826265326, vstest.console.dll, AssemblyResolver.OnResolve: Microsoft.VisualStudio.TestPlatform.Extensions.Trx.TestLogger: Loading assembly 'C:\Program Files\dotnet\sdk\5.0.403\Extensions\Microsoft.VisualStudio.TestPlatform.Extensions.Trx.TestLogger.dll'.
TpTrace Information: 0 : 17452, 1, 2021/11/17, 11:56:23.949, 1300826278463, vstest.console.dll, AssemblyResolver.OnResolve: Resolved assembly: Microsoft.VisualStudio.TestPlatform.Extensions.Trx.TestLogger, from path: C:\Program Files\dotnet\sdk\5.0.403\Extensions\Microsoft.VisualStudio.TestPlatform.Extensions.Trx.TestLogger.dll
TpTrace Verbose: 0 : 17452, 1, 2021/11/17, 11:56:23.949, 1300826285651, vstest.console.dll, TestPluginCache: Discovered the extensions using extension path ''.
TpTrace Verbose: 0 : 17452, 1, 2021/11/17, 11:56:23.949, 1300826287088, vstest.console.dll, TestPluginCache: Discoverers are ''.
TpTrace Verbose: 0 : 17452, 1, 2021/11/17, 11:56:23.950, 1300826287634, vstest.console.dll, TestPluginCache: Executors are ''.
TpTrace Verbose: 0 : 17452, 1, 2021/11/17, 11:56:23.950, 1300826288087, vstest.console.dll, TestPluginCache: Executors2 are ''.
TpTrace Verbose: 0 : 17452, 1, 2021/11/17, 11:56:23.950, 1300826288873, vstest.console.dll, TestPluginCache: Setting providers are ''.
TpTrace Verbose: 0 : 17452, 1, 2021/11/17, 11:56:23.950, 1300826289624, vstest.console.dll, TestPluginCache: Loggers are ''.
TpTrace Information: 0 : 17452, 1, 2021/11/17, 11:56:23.955, 1300826340925, vstest.console.dll, RunTestsArgumentProcessor:Execute: Test run is starting.
TpTrace Verbose: 0 : 17452, 1, 2021/11/17, 11:56:23.955, 1300826342021, vstest.console.dll, RunTestsArgumentProcessor:Execute: Queuing Test run.
TpTrace Information: 0 : 17452, 1, 2021/11/17, 11:56:23.955, 1300826344066, vstest.console.dll, TestRequestManager.RunTests: run tests started.
TpTrace Information: 0 : 17452, 1, 2021/11/17, 11:56:23.960, 1300826396893, vstest.console.dll, AssemblyMetadataProvider.GetFrameWork: Determined framework:'.NETCoreApp,Version=v3.1' for source: 'C:\Users\roshini.lakshmanan\source\repos\Del\ToDo\ToDoAPI\ToDoList.Domain.UnitTests\bin\Debug\netcoreapp3.1\fine-code-coverage\build-output\ToDoList.Domain.UnitTests.dll'
TpTrace Information: 0 : 17452, 1, 2021/11/17, 11:56:23.961, 1300826399309, vstest.console.dll, Determined framework for all sources: .NETCoreApp,Version=v3.1
TpTrace Information: 0 : 17452, 1, 2021/11/17, 11:56:23.962, 1300826407929, vstest.console.dll, AssemblyMetadataProvider.GetArchitecture: Determined architecture:AnyCPU info for assembly: C:\Users\roshini.lakshmanan\source\repos\Del\ToDo\ToDoAPI\ToDoList.Domain.UnitTests\bin\Debug\netcoreapp3.1\fine-code-coverage\build-output\ToDoList.Domain.UnitTests.dll
TpTrace Information: 0 : 17452, 1, 2021/11/17, 11:56:23.964, 1300826429136, vstest.console.dll, Determined platform for all sources: X64
TpTrace Information: 0 : 17452, 1, 2021/11/17, 11:56:23.966, 1300826456847, vstest.console.dll, Compatible sources list : 
TpTrace Information: 0 : 17452, 1, 2021/11/17, 11:56:23.967, 1300826458150, vstest.console.dll, C:\Users\roshini.lakshmanan\source\repos\Del\ToDo\ToDoAPI\ToDoList.Domain.UnitTests\bin\Debug\netcoreapp3.1\fine-code-coverage\build-output\ToDoList.Domain.UnitTests.dll
TpTrace Information: 0 : 17452, 1, 2021/11/17, 11:56:23.968, 1300826475840, vstest.console.dll, InferRunSettingsHelper.IsTestSettingsEnabled: Unable to navigate to RunSettings/MSTest. Current node: RunSettings
TpTrace Information: 0 : 17452, 1, 2021/11/17, 11:56:23.969, 1300826481853, vstest.console.dll, AssemblyResolver.OnResolve: Microsoft.VisualStudio.TestPlatform.Fakes: Resolving assembly.
TpTrace Information: 0 : 17452, 1, 2021/11/17, 11:56:23.969, 1300826482431, vstest.console.dll, AssemblyResolver.OnResolve: Microsoft.VisualStudio.TestPlatform.Fakes: Searching in: 'C:\Program Files\dotnet\sdk\5.0.403\Extensions'.
TpTrace Information: 0 : 17452, 1, 2021/11/17, 11:56:23.969, 1300826483600, vstest.console.dll, AssemblyResolver.OnResolve: Microsoft.VisualStudio.TestPlatform.Fakes: Assembly path does not exist: 'C:\Program Files\dotnet\sdk\5.0.403\Extensions\Microsoft.VisualStudio.TestPlatform.Fakes.dll', returning.
TpTrace Information: 0 : 17452, 1, 2021/11/17, 11:56:23.969, 1300826484720, vstest.console.dll, AssemblyResolver.OnResolve: Microsoft.VisualStudio.TestPlatform.Fakes: Assembly path does not exist: 'C:\Program Files\dotnet\sdk\5.0.403\Extensions\Microsoft.VisualStudio.TestPlatform.Fakes.exe', returning.
TpTrace Information: 0 : 17452, 1, 2021/11/17, 11:56:23.969, 1300826485893, vstest.console.dll, AssemblyResolver.OnResolve: Microsoft.VisualStudio.TestPlatform.Fakes: Searching in: 'C:\Program Files\dotnet\sdk\5.0.403'.
TpTrace Information: 0 : 17452, 1, 2021/11/17, 11:56:23.969, 1300826486982, vstest.console.dll, AssemblyResolver.OnResolve: Microsoft.VisualStudio.TestPlatform.Fakes: Assembly path does not exist: 'C:\Program Files\dotnet\sdk\5.0.403\Microsoft.VisualStudio.TestPlatform.Fakes.dll', returning.
TpTrace Information: 0 : 17452, 1, 2021/11/17, 11:56:23.970, 1300826488095, vstest.console.dll, AssemblyResolver.OnResolve: Microsoft.VisualStudio.TestPlatform.Fakes: Assembly path does not exist: 'C:\Program Files\dotnet\sdk\5.0.403\Microsoft.VisualStudio.TestPlatform.Fakes.exe', returning.
TpTrace Information: 0 : 17452, 1, 2021/11/17, 11:56:23.970, 1300826488639, vstest.console.dll, AssemblyResolver.OnResolve: Microsoft.VisualStudio.TestPlatform.Fakes: Failed to load assembly.
TpTrace Information: 0 : 17452, 1, 2021/11/17, 11:56:23.970, 1300826494188, vstest.console.dll, Failed to create newly implemented Fakes Configurator. Reason:System.IO.FileNotFoundException: Could not load file or assembly 'Microsoft.VisualStudio.TestPlatform.Fakes, Version=16.0.0.0, Culture=neutral, PublicKeyToken=null'. The system cannot find the file specified.
File name: 'Microsoft.VisualStudio.TestPlatform.Fakes, Version=16.0.0.0, Culture=neutral, PublicKeyToken=null'
   at System.Reflection.RuntimeAssembly.InternalLoad(ObjectHandleOnStack assemblyName, ObjectHandleOnStack requestingAssembly, StackCrawlMarkHandle stackMark, Boolean throwOnFileNotFound, ObjectHandleOnStack assemblyLoadContext, ObjectHandleOnStack retAssembly)
   at System.Reflection.RuntimeAssembly.InternalLoad(AssemblyName assemblyName, RuntimeAssembly requestingAssembly, StackCrawlMark& stackMark, Boolean throwOnFileNotFound, AssemblyLoadContext assemblyLoadContext)
   at System.Reflection.Assembly.Load(AssemblyName assemblyRef)
   at Microsoft.VisualStudio.TestPlatform.Common.Utilities.FakesUtilities.TryGetFakesCrossPlatformDataCollectorConfigurator() 
TpTrace Verbose: 0 : 17452, 1, 2021/11/17, 11:56:23.974, 1300826528463, vstest.console.dll, TestPluginCache.DiscoverTestExtensions: finding test extensions in assemblies ends with: TestLogger.dll TPluginInfo: Microsoft.VisualStudio.TestPlatform.Common.ExtensionFramework.Utilities.TestLoggerPluginInformation TExtension: Microsoft.VisualStudio.TestPlatform.ObjectModel.Client.ITestLogger
TpTrace Verbose: 0 : 17452, 1, 2021/11/17, 11:56:23.974, 1300826530015, vstest.console.dll, TestPluginCache.GetExtensionPaths: Filtered extension paths: 
TpTrace Verbose: 0 : 17452, 1, 2021/11/17, 11:56:23.974, 1300826530603, vstest.console.dll, TestPluginCache.GetExtensionPaths: Added default extension paths: C:\Program Files\dotnet\sdk\5.0.403\Extensions\Microsoft.Diagnostics.NETCore.Client.dll
C:\Program Files\dotnet\sdk\5.0.403\Extensions\Microsoft.TestPlatform.Extensions.BlameDataCollector.dll
C:\Program Files\dotnet\sdk\5.0.403\Extensions\Microsoft.TestPlatform.Extensions.EventLogCollector.dll
C:\Program Files\dotnet\sdk\5.0.403\Extensions\Microsoft.TestPlatform.TestHostRuntimeProvider.dll
C:\Program Files\dotnet\sdk\5.0.403\Extensions\Microsoft.VisualStudio.TestPlatform.Extensions.Html.TestLogger.dll
C:\Program Files\dotnet\sdk\5.0.403\Extensions\Microsoft.VisualStudio.TestPlatform.Extensions.Trx.TestLogger.dll
TpTrace Verbose: 0 : 17452, 1, 2021/11/17, 11:56:23.974, 1300826531025, vstest.console.dll, TestPluginCache.GetExtensionPaths: Added unfilterableExtensionPaths: 
TpTrace Information: 0 : 17452, 1, 2021/11/17, 11:56:23.974, 1300826533616, vstest.console.dll, AssemblyResolver.AddSearchDirectories: Adding more searchDirectories C:\Program Files\dotnet\sdk\5.0.403\Extensions,C:\Program Files\dotnet\sdk\5.0.403
TpTrace Verbose: 0 : 17452, 1, 2021/11/17, 11:56:23.974, 1300826534343, vstest.console.dll, TestPluginCache.DiscoverTestExtensions: Discovering the extensions using extension path.
TpTrace Verbose: 0 : 17452, 1, 2021/11/17, 11:56:23.974, 1300826534713, vstest.console.dll, TestPluginCache.GetExtensionPaths: Filtered extension paths: 
TpTrace Verbose: 0 : 17452, 1, 2021/11/17, 11:56:23.974, 1300826535052, vstest.console.dll, TestPluginCache.GetExtensionPaths: Added default extension paths: C:\Program Files\dotnet\sdk\5.0.403\Extensions\Microsoft.Diagnostics.NETCore.Client.dll
C:\Program Files\dotnet\sdk\5.0.403\Extensions\Microsoft.TestPlatform.Extensions.BlameDataCollector.dll
C:\Program Files\dotnet\sdk\5.0.403\Extensions\Microsoft.TestPlatform.Extensions.EventLogCollector.dll
C:\Program Files\dotnet\sdk\5.0.403\Extensions\Microsoft.TestPlatform.TestHostRuntimeProvider.dll
C:\Program Files\dotnet\sdk\5.0.403\Extensions\Microsoft.VisualStudio.TestPlatform.Extensions.Html.TestLogger.dll
C:\Program Files\dotnet\sdk\5.0.403\Extensions\Microsoft.VisualStudio.TestPlatform.Extensions.Trx.TestLogger.dll
TpTrace Verbose: 0 : 17452, 1, 2021/11/17, 11:56:23.974, 1300826535449, vstest.console.dll, TestPluginCache.GetExtensionPaths: Added unfilterableExtensionPaths: 
TpTrace Verbose: 0 : 17452, 1, 2021/11/17, 11:56:23.974, 1300826535785, vstest.console.dll, TestPluginCache.DiscoverTestExtensions: Discovering the extensions using allExtensionPaths: C:\Program Files\dotnet\sdk\5.0.403\Extensions\Microsoft.Diagnostics.NETCore.Client.dll
C:\Program Files\dotnet\sdk\5.0.403\Extensions\Microsoft.TestPlatform.Extensions.BlameDataCollector.dll
C:\Program Files\dotnet\sdk\5.0.403\Extensions\Microsoft.TestPlatform.Extensions.EventLogCollector.dll
C:\Program Files\dotnet\sdk\5.0.403\Extensions\Microsoft.TestPlatform.TestHostRuntimeProvider.dll
C:\Program Files\dotnet\sdk\5.0.403\Extensions\Microsoft.VisualStudio.TestPlatform.Extensions.Html.TestLogger.dll
C:\Program Files\dotnet\sdk\5.0.403\Extensions\Microsoft.VisualStudio.TestPlatform.Extensions.Trx.TestLogger.dll
TpTrace Information: 0 : 17452, 1, 2021/11/17, 11:56:23.974, 1300826536321, vstest.console.dll, AssemblyResolver.AddSearchDirectories: Adding more searchDirectories C:\Program Files\dotnet\sdk\5.0.403\Extensions,C:\Program Files\dotnet\sdk\5.0.403
TpTrace Information: 0 : 17452, 1, 2021/11/17, 11:56:23.974, 1300826536701, vstest.console.dll, AssemblyResolver.AddSearchDirectories: Adding more searchDirectories C:\Program Files\dotnet\sdk\5.0.403\Extensions,C:\Program Files\dotnet\sdk\5.0.403
TpTrace Information: 0 : 17452, 1, 2021/11/17, 11:56:23.974, 1300826537034, vstest.console.dll, AssemblyResolver.AddSearchDirectories: Adding more searchDirectories C:\Program Files\dotnet\sdk\5.0.403\Extensions,C:\Program Files\dotnet\sdk\5.0.403
TpTrace Information: 0 : 17452, 1, 2021/11/17, 11:56:23.975, 1300826537410, vstest.console.dll, AssemblyResolver.AddSearchDirectories: Adding more searchDirectories C:\Program Files\dotnet\sdk\5.0.403\Extensions,C:\Program Files\dotnet\sdk\5.0.403
TpTrace Information: 0 : 17452, 1, 2021/11/17, 11:56:23.975, 1300826537724, vstest.console.dll, AssemblyResolver.AddSearchDirectories: Adding more searchDirectories C:\Program Files\dotnet\sdk\5.0.403\Extensions,C:\Program Files\dotnet\sdk\5.0.403
TpTrace Information: 0 : 17452, 1, 2021/11/17, 11:56:23.975, 1300826538048, vstest.console.dll, AssemblyResolver.AddSearchDirectories: Adding more searchDirectories C:\Program Files\dotnet\sdk\5.0.403\Extensions,C:\Program Files\dotnet\sdk\5.0.403
TpTrace Information: 0 : 17452, 1, 2021/11/17, 11:56:23.975, 1300826540534, vstest.console.dll, AssemblyResolver.OnResolve: Microsoft.Bcl.AsyncInterfaces: Resolving assembly.
TpTrace Information: 0 : 17452, 1, 2021/11/17, 11:56:23.975, 1300826540946, vstest.console.dll, AssemblyResolver.OnResolve: Microsoft.Bcl.AsyncInterfaces: Resolved from cache.
TpTrace Verbose: 0 : 17452, 1, 2021/11/17, 11:56:23.975, 1300826541276, vstest.console.dll, CurrentDomainAssemblyResolve: Resolving assembly 'Microsoft.Bcl.AsyncInterfaces'.
TpTrace Information: 0 : 17452, 1, 2021/11/17, 11:56:23.975, 1300826542155, vstest.console.dll, AssemblyResolver.OnResolve: Microsoft.Bcl.AsyncInterfaces: Resolving assembly.
TpTrace Information: 0 : 17452, 1, 2021/11/17, 11:56:23.975, 1300826542709, vstest.console.dll, AssemblyResolver.OnResolve: Microsoft.Bcl.AsyncInterfaces: Resolved from cache.
TpTrace Verbose: 0 : 17452, 1, 2021/11/17, 11:56:23.975, 1300826543553, vstest.console.dll, CurrentDomainAssemblyResolve: Resolving assembly 'Microsoft.Bcl.AsyncInterfaces'.
TpTrace Verbose: 0 : 17452, 1, 2021/11/17, 11:56:23.975, 1300826544238, vstest.console.dll, CurrentDomainAssemblyResolve: Failed to resolve assembly 'Microsoft.Bcl.AsyncInterfaces'.
TpTrace Verbose: 0 : 17452, 1, 2021/11/17, 11:56:23.975, 1300826546560, vstest.console.dll, CurrentDomainAssemblyResolve: Failed to resolve assembly 'Microsoft.Bcl.AsyncInterfaces'.
TpTrace Warning: 0 : 17452, 1, 2021/11/17, 11:56:23.976, 1300826551072, vstest.console.dll, TestPluginDiscoverer: Failed to get types from assembly 'Microsoft.Diagnostics.NETCore.Client, Version=0.2.2.41902, Culture=neutral, PublicKeyToken=31bf3856ad364e35'.  Skipping test extension scan for this assembly.  Error: System.Reflection.ReflectionTypeLoadException: Unable to load one or more of the requested types.
Could not load file or assembly 'Microsoft.Bcl.AsyncInterfaces, Version=1.0.0.0, Culture=neutral, PublicKeyToken=cc7b13ffcd2ddd51'. The system cannot find the file specified.
   at System.Reflection.RuntimeModule.GetTypes(RuntimeModule module)
   at System.Reflection.RuntimeModule.GetTypes()
   at System.Reflection.Assembly.GetTypes()
   at Microsoft.VisualStudio.TestPlatform.Common.ExtensionFramework.TestPluginDiscoverer.GetTestExtensionsFromAssembly[TPluginInfo,TExtension](Assembly assembly, Dictionary`2 pluginInfos)
System.IO.FileNotFoundException: Could not load file or assembly 'Microsoft.Bcl.AsyncInterfaces, Version=1.0.0.0, Culture=neutral, PublicKeyToken=cc7b13ffcd2ddd51'. The system cannot find the file specified.
File name: 'Microsoft.Bcl.AsyncInterfaces, Version=1.0.0.0, Culture=neutral, PublicKeyToken=cc7b13ffcd2ddd51'
TpTrace Warning: 0 : 17452, 1, 2021/11/17, 11:56:23.976, 1300826551789, vstest.console.dll, LoaderExceptions: System.IO.FileNotFoundException: Could not load file or assembly 'Microsoft.Bcl.AsyncInterfaces, Version=1.0.0.0, Culture=neutral, PublicKeyToken=cc7b13ffcd2ddd51'. The system cannot find the file specified.
File name: 'Microsoft.Bcl.AsyncInterfaces, Version=1.0.0.0, Culture=neutral, PublicKeyToken=cc7b13ffcd2ddd51'
TpTrace Verbose: 0 : 17452, 1, 2021/11/17, 11:56:23.976, 1300826556853, vstest.console.dll, TestPluginCache: Discovered the extensions using extension path ''.
TpTrace Verbose: 0 : 17452, 1, 2021/11/17, 11:56:23.977, 1300826557725, vstest.console.dll, TestPluginCache: Discoverers are ''.
TpTrace Verbose: 0 : 17452, 1, 2021/11/17, 11:56:23.977, 1300826558129, vstest.console.dll, TestPluginCache: Executors are ''.
TpTrace Verbose: 0 : 17452, 1, 2021/11/17, 11:56:23.977, 1300826558556, vstest.console.dll, TestPluginCache: Executors2 are ''.
TpTrace Verbose: 0 : 17452, 1, 2021/11/17, 11:56:23.977, 1300826558937, vstest.console.dll, TestPluginCache: Setting providers are ''.
TpTrace Verbose: 0 : 17452, 1, 2021/11/17, 11:56:23.977, 1300826560033, vstest.console.dll, TestPluginCache: Loggers are 'logger://Microsoft/TestPlatform/Extensions/Blame/v1,logger://Microsoft/TestPlatform/HtmlLogger/v1,logger://Microsoft/TestPlatform/TrxLogger/v1'.
TpTrace Information: 0 : 17452, 1, 2021/11/17, 11:56:23.978, 1300826569730, vstest.console.dll, TestPluginManager.CreateTestExtension: Attempting to load test extension: Microsoft.TestPlatform.Extensions.BlameDataCollector.BlameLogger
TpTrace Information: 0 : 17452, 1, 2021/11/17, 11:56:23.986, 1300826653672, vstest.console.dll, TestPluginManager.CreateTestExtension: Attempting to load test extension: Microsoft.VisualStudio.TestPlatform.CrossPlatEngine.Hosting.DefaultTestHostManager
TpTrace Information: 0 : 17452, 1, 2021/11/17, 11:56:23.987, 1300826657558, vstest.console.dll, TestPluginManager.CreateTestExtension: Attempting to load test extension: Microsoft.VisualStudio.TestPlatform.CrossPlatEngine.Hosting.DotnetTestHostManager
TpTrace Verbose: 0 : 17452, 1, 2021/11/17, 11:56:23.987, 1300826662776, vstest.console.dll, TestEngine: Initializing Parallel Execution as MaxCpuCount is set to: 1
TpTrace Information: 0 : 17452, 1, 2021/11/17, 11:56:23.988, 1300826667257, vstest.console.dll, InferRunSettingsHelper.IsTestSettingsEnabled: Unable to navigate to RunSettings/MSTest. Current node: RunSettings
TpTrace Verbose: 0 : 17452, 1, 2021/11/17, 11:56:24.003, 1300826824235, vstest.console.dll, TestRequestSender is acting as server
TpTrace Verbose: 0 : 17452, 5, 2021/11/17, 11:56:24.006, 1300826850443, vstest.console.dll, DataCollectionRequestSender.InitializeCommunication : Initialize communication. 
TpTrace Information: 0 : 17452, 5, 2021/11/17, 11:56:24.022, 1300827007684, vstest.console.dll, Listening on Endpoint : 127.0.0.1:63758
TpTrace Verbose: 0 : 17452, 5, 2021/11/17, 11:56:24.034, 1300827129997, vstest.console.dll, DotnetDataCollectionLauncher: Full path of dotnet.exe is C:\Program Files\dotnet\dotnet.exe
TpTrace Verbose: 0 : 17452, 5, 2021/11/17, 11:56:24.034, 1300827131527, vstest.console.dll, DotnetDataCollectionLauncher: Adding  --runtimeconfig "C:\Program Files\dotnet\sdk\5.0.403\datacollector.runtimeconfig.json" in args
TpTrace Verbose: 0 : 17452, 5, 2021/11/17, 11:56:24.034, 1300827132401, vstest.console.dll, DotnetDataCollectionLauncher: Adding  --depsfile "C:\Program Files\dotnet\sdk\5.0.403\datacollector.deps.json" in args
TpTrace Information: 0 : 17452, 5, 2021/11/17, 11:56:24.045, 1300827246814, vstest.console.dll, ProxyDataCollectionManager.Initialize: Launched datacollector processId: 10820 port: 63758
TpTrace Information: 0 : 17452, 5, 2021/11/17, 11:56:24.046, 1300827248502, vstest.console.dll, ProxyDataCollectionManager.Initialize: waiting for connection with timeout: 90 seconds
TpTrace Verbose: 0 : 17452, 5, 2021/11/17, 11:56:24.046, 1300827249377, vstest.console.dll, DataCollectionRequestSender.WaitForRequestHandlerConnection : Waiting for connection with timeout: 90000
TpTrace Information: 0 : 17452, 7, 2021/11/17, 11:56:24.245, 1300829238758, vstest.console.dll, Using the buffer size of 16384 bytes
TpTrace Verbose: 0 : 17452, 5, 2021/11/17, 11:56:24.245, 1300829239241, vstest.console.dll, ProxyDataCollectionManager.InvokeDataCollectionServiceAction: Starting.
TpTrace Information: 0 : 17452, 7, 2021/11/17, 11:56:24.245, 1300829239674, vstest.console.dll, Accepted Client request and set the flag
TpTrace Information: 0 : 17452, 5, 2021/11/17, 11:56:24.245, 1300829240548, vstest.console.dll, ProxyDataCollectionManager.BeforeTestRunStart: Get environment variable and port for datacollector processId: 10820 port: 63758
TpTrace Verbose: 0 : 17452, 5, 2021/11/17, 11:56:24.245, 1300829241574, vstest.console.dll, DataCollectionRequestSender.SendBeforeTestRunStartAndGetResult : Send BeforeTestRunStart message with settingsXml <RunSettings><RunConfiguration><ResultsDirectory>C:\Users\roshini.lakshmanan\source\repos\Del\ToDo\ToDoAPI\ToDoList.Domain.UnitTests\bin\Debug\netcoreapp3.1\fine-code-coverage\coverage-tool-output</ResultsDirectory><TargetPlatform>X64</TargetPlatform><TargetFrameworkVersion>.NETCoreApp,Version=v3.1</TargetFrameworkVersion><DesignMode>False</DesignMode><CollectSourceInformation>False</CollectSourceInformation><TestAdaptersPaths>C:\Program Files\dotnet\sdk\5.0.403\Extensions</TestAdaptersPaths></RunConfiguration><LoggerRunSettings><Loggers><Logger friendlyName="blame" enabled="True" /><Logger friendlyName="Console" uri="logger://microsoft/TestPlatform/ConsoleLogger/v1" assemblyQualifiedName="Microsoft.VisualStudio.TestPlatform.CommandLine.Internal.ConsoleLogger, vstest.console, Version=15.0.0.0, Culture=neutral, PublicKeyToken=b03f5f7f11d50a3a" codeBase="C:\Program Files\dotnet\sdk\5.0.403\vstest.console.dll" enabled="True" /></Loggers></LoggerRunSettings><DataCollectionRunSettings><DataCollectors><DataCollector friendlyName="blame" enabled="True"><Configuration><ResultsDirectory>C:\Users\roshini.lakshmanan\source\repos\Del\ToDo\ToDoAPI\ToDoList.Domain.UnitTests\bin\Debug\netcoreapp3.1\fine-code-coverage\coverage-tool-output</ResultsDirectory></Configuration></DataCollector></DataCollectors></DataCollectionRunSettings></RunSettings> and sources System.Linq.Enumerable+Concat2Iterator`1[System.String]: 
TpTrace Verbose: 0 : 17452, 5, 2021/11/17, 11:56:24.326, 1300830056500, vstest.console.dll, DataCollectionRequestSender.SendBeforeTestRunStartAndGetResult : Received message: (DataCollection.SendMessage) -> {
  "FriendlyName": null,
  "Uri": null,
  "TestCaseId": "00000000-0000-0000-0000-000000000000",
  "Message": "Logging DataCollector Diagnostics in file: C:\\Users\\roshini.lakshmanan\\source\\repos\\Del\\ToDo\\ToDoAPI\\ToDoList.Domain.UnitTests\\bin\\Debug\\netcoreapp3.1\\fine-code-coverage\\coverage-tool-output\\diagnostics.datacollector.21-11-17_11-56-24_02966_5.log",
  "Level": 0
}
TpTrace Verbose: 0 : 17452, 5, 2021/11/17, 11:56:24.394, 1300830727278, vstest.console.dll, DataCollectionRequestSender.SendBeforeTestRunStartAndGetResult : Received message: (DataCollection.BeforeTestRunStartResult) -> {
  "EnvironmentVariables": {},
  "DataCollectionEventsPort": 63760
}
TpTrace Information: 0 : 17452, 5, 2021/11/17, 11:56:24.397, 1300830762447, vstest.console.dll, ProxyDataCollectionManager.BeforeTestRunStart: SendBeforeTestRunStartAndGetResult successful, env variable from datacollector:   and testhost port: 63760
TpTrace Information: 0 : 17452, 5, 2021/11/17, 11:56:24.397, 1300830763241, vstest.console.dll, ProxyDataCollectionManager.InvokeDataCollectionServiceAction: Completed.
TpTrace Verbose: 0 : 17452, 1, 2021/11/17, 11:56:24.397, 1300830764539, vstest.console.dll, TestRunRequest.ExecuteAsync: Creating test run request.
TpTrace Verbose: 0 : 17452, 1, 2021/11/17, 11:56:24.397, 1300830766771, vstest.console.dll, TestRunRequest.ExecuteAsync: Starting.
TpTrace Information: 0 : 17452, 1, 2021/11/17, 11:56:24.398, 1300830770041, vstest.console.dll, TestRunRequest.ExecuteAsync: Starting run with settings:TestRunCriteria:
   KeepAlive=False,FrequencyOfRunStatsChangeEvent=10,RunStatsChangeEventTimeout=00:00:01.5000000,TestCaseFilter=,TestExecutorLauncher=
   Settingsxml=<RunSettings>
  <RunConfiguration>
    <ResultsDirectory>C:\Users\roshini.lakshmanan\source\repos\Del\ToDo\ToDoAPI\ToDoList.Domain.UnitTests\bin\Debug\netcoreapp3.1\fine-code-coverage\coverage-tool-output</ResultsDirectory>
    <TargetPlatform>X64</TargetPlatform>
    <TargetFrameworkVersion>.NETCoreApp,Version=v3.1</TargetFrameworkVersion>
    <DesignMode>False</DesignMode>
    <CollectSourceInformation>False</CollectSourceInformation>
  </RunConfiguration>
  <LoggerRunSettings>
    <Loggers>
      <Logger friendlyName="blame" enabled="True" />
      <Logger friendlyName="Console" uri="logger://microsoft/TestPlatform/ConsoleLogger/v1" assemblyQualifiedName="Microsoft.VisualStudio.TestPlatform.CommandLine.Internal.ConsoleLogger, vstest.console, Version=15.0.0.0, Culture=neutral, PublicKeyToken=b03f5f7f11d50a3a" codeBase="C:\Program Files\dotnet\sdk\5.0.403\vstest.console.dll" enabled="True" />
    </Loggers>
  </LoggerRunSettings>
  <DataCollectionRunSettings>
    <DataCollectors>
      <DataCollector friendlyName="blame" enabled="True">
        <Configuration>
          <ResultsDirectory>C:\Users\roshini.lakshmanan\source\repos\Del\ToDo\ToDoAPI\ToDoList.Domain.UnitTests\bin\Debug\netcoreapp3.1\fine-code-coverage\coverage-tool-output</ResultsDirectory>
        </Configuration>
      </DataCollector>
    </DataCollectors>
  </DataCollectionRunSettings>
</RunSettings>

TpTrace Verbose: 0 : 17452, 1, 2021/11/17, 11:56:24.398, 1300830770638, vstest.console.dll, TestRunRequest.ExecuteAsync: Wait for the first run request is over.
TpTrace Verbose: 0 : 17452, 1, 2021/11/17, 11:56:24.398, 1300830775773, vstest.console.dll, ParallelProxyExecutionManager: Start execution. Total sources: 1
TpTrace Information: 0 : 17452, 1, 2021/11/17, 11:56:24.399, 1300830780803, vstest.console.dll, ProxyParallelExecutionManager: Triggering test run for next source: C:\Users\roshini.lakshmanan\source\repos\Del\ToDo\ToDoAPI\ToDoList.Domain.UnitTests\bin\Debug\netcoreapp3.1\fine-code-coverage\build-output\ToDoList.Domain.UnitTests.dll
TpTrace Verbose: 0 : 17452, 5, 2021/11/17, 11:56:24.399, 1300830782381, vstest.console.dll, ParallelProxyExecutionManager: Execution started. Started clients: 1
TpTrace Verbose: 0 : 17452, 1, 2021/11/17, 11:56:24.399, 1300830782554, vstest.console.dll, ProxyParallelExecutionManager: No sources available for execution.
TpTrace Information: 0 : 17452, 1, 2021/11/17, 11:56:24.399, 1300830783323, vstest.console.dll, TestRunRequest.ExecuteAsync: Started.
TpTrace Verbose: 0 : 17452, 1, 2021/11/17, 11:56:24.399, 1300830783948, vstest.console.dll, TestRunRequest.WaitForCompletion: Waiting with timeout -1.
TpTrace Verbose: 0 : 17452, 5, 2021/11/17, 11:56:24.399, 1300830784868, vstest.console.dll, TestRunRequest:SendTestRunMessage: Starting.
TpTrace Information: 0 : 17452, 5, 2021/11/17, 11:56:24.399, 1300830785890, vstest.console.dll, TestRunRequest:SendTestRunMessage: Completed.
TpTrace Verbose: 0 : 17452, 5, 2021/11/17, 11:56:24.400, 1300830787649, vstest.console.dll, ProxyExecutionManager: Test host is always Lazy initialize.
TpTrace Verbose: 0 : 17452, 5, 2021/11/17, 11:56:24.400, 1300830789476, vstest.console.dll, TestRequestSender.InitializeCommunication: initialize communication. 
TpTrace Information: 0 : 17452, 5, 2021/11/17, 11:56:24.400, 1300830793708, vstest.console.dll, SocketServer.Start: Listening on endpoint : 127.0.0.1:63761
TpTrace Verbose: 0 : 17452, 5, 2021/11/17, 11:56:24.401, 1300830800530, vstest.console.dll, DotnetTestHostmanager: Adding  --runtimeconfig "C:\Users\roshini.lakshmanan\source\repos\Del\ToDo\ToDoAPI\ToDoList.Domain.UnitTests\bin\Debug\netcoreapp3.1\fine-code-coverage\build-output\ToDoList.Domain.UnitTests.runtimeconfig.json" in args
TpTrace Verbose: 0 : 17452, 5, 2021/11/17, 11:56:24.401, 1300830801952, vstest.console.dll, DotnetTestHostmanager: Adding  --depsfile "C:\Users\roshini.lakshmanan\source\repos\Del\ToDo\ToDoAPI\ToDoList.Domain.UnitTests\bin\Debug\netcoreapp3.1\fine-code-coverage\build-output\ToDoList.Domain.UnitTests.deps.json" in args
TpTrace Information: 0 : 17452, 5, 2021/11/17, 11:56:24.401, 1300830804457, vstest.console.dll, AssemblyResolver.OnResolve: Microsoft.Extensions.DependencyModel: Resolving assembly.
TpTrace Information: 0 : 17452, 5, 2021/11/17, 11:56:24.401, 1300830804916, vstest.console.dll, AssemblyResolver.OnResolve: Microsoft.Extensions.DependencyModel: Searching in: 'C:\Program Files\dotnet\sdk\5.0.403\Extensions'.
TpTrace Information: 0 : 17452, 5, 2021/11/17, 11:56:24.401, 1300830805649, vstest.console.dll, AssemblyResolver.OnResolve: Microsoft.Extensions.DependencyModel: Assembly path does not exist: 'C:\Program Files\dotnet\sdk\5.0.403\Extensions\Microsoft.Extensions.DependencyModel.dll', returning.
TpTrace Information: 0 : 17452, 5, 2021/11/17, 11:56:24.401, 1300830806251, vstest.console.dll, AssemblyResolver.OnResolve: Microsoft.Extensions.DependencyModel: Assembly path does not exist: 'C:\Program Files\dotnet\sdk\5.0.403\Extensions\Microsoft.Extensions.DependencyModel.exe', returning.
TpTrace Information: 0 : 17452, 5, 2021/11/17, 11:56:24.401, 1300830806538, vstest.console.dll, AssemblyResolver.OnResolve: Microsoft.Extensions.DependencyModel: Searching in: 'C:\Program Files\dotnet\sdk\5.0.403'.
TpTrace Information: 0 : 17452, 5, 2021/11/17, 11:56:24.410, 1300830896439, vstest.console.dll, AssemblyResolver.OnResolve: Microsoft.Extensions.DependencyModel: Loading assembly 'C:\Program Files\dotnet\sdk\5.0.403\Microsoft.Extensions.DependencyModel.dll'.
TpTrace Information: 0 : 17452, 5, 2021/11/17, 11:56:24.411, 1300830907130, vstest.console.dll, AssemblyResolver.OnResolve: Resolved assembly: Microsoft.Extensions.DependencyModel, from path: C:\Program Files\dotnet\sdk\5.0.403\Microsoft.Extensions.DependencyModel.dll
TpTrace Verbose: 0 : 17452, 5, 2021/11/17, 11:56:24.412, 1300830911543, vstest.console.dll, DotnetTestHostmanager: Reading file C:\Users\roshini.lakshmanan\source\repos\Del\ToDo\ToDoAPI\ToDoList.Domain.UnitTests\bin\Debug\netcoreapp3.1\fine-code-coverage\build-output\ToDoList.Domain.UnitTests.deps.json to get path of testhost.dll
TpTrace Verbose: 0 : 17452, 5, 2021/11/17, 11:56:24.459, 1300831386090, vstest.console.dll, DotnetTestHostmanager: Relative path of testhost.dll with respect to package folder is microsoft.testplatform.testhost/16.5.0\lib/netcoreapp2.1/testhost.dll
TpTrace Verbose: 0 : 17452, 5, 2021/11/17, 11:56:24.460, 1300831395291, vstest.console.dll, DotnetTestHostmanager: Looking for path microsoft.testplatform.testhost/16.5.0\lib/netcoreapp2.1/testhost.dll in folder C:\Users\roshini.lakshmanan\.dotnet\store\|arch|\|tfm|
TpTrace Verbose: 0 : 17452, 5, 2021/11/17, 11:56:24.460, 1300831396532, vstest.console.dll, DotnetTestHostmanager: Looking for path microsoft.testplatform.testhost/16.5.0\lib/netcoreapp2.1/testhost.dll in folder C:\Users\roshini.lakshmanan\.nuget\packages
TpTrace Verbose: 0 : 17452, 5, 2021/11/17, 11:56:24.461, 1300831398879, vstest.console.dll, DotnetTestHostManager: Testhost.exe/testhost.x86.exe found at path: C:\Users\roshini.lakshmanan\.nuget\packages\microsoft.testplatform.testhost\16.5.0\build\netcoreapp2.1\x64\testhost.exe
TpTrace Verbose: 0 : 17452, 5, 2021/11/17, 11:56:24.461, 1300831399469, vstest.console.dll, DotnetTestHostmanager: Full path of host exe is C:\Users\roshini.lakshmanan\.nuget\packages\microsoft.testplatform.testhost\16.5.0\build\netcoreapp2.1\x64\testhost.exe
TpTrace Verbose: 0 : 17452, 10, 2021/11/17, 11:56:24.462, 1300831408406, vstest.console.dll, DotnetTestHostManager: Starting process 'C:\Users\roshini.lakshmanan\.nuget\packages\microsoft.testplatform.testhost\16.5.0\build\netcoreapp2.1\x64\testhost.exe' with command line ' --runtimeconfig "C:\Users\roshini.lakshmanan\source\repos\Del\ToDo\ToDoAPI\ToDoList.Domain.UnitTests\bin\Debug\netcoreapp3.1\fine-code-coverage\build-output\ToDoList.Domain.UnitTests.runtimeconfig.json" --depsfile "C:\Users\roshini.lakshmanan\source\repos\Del\ToDo\ToDoAPI\ToDoList.Domain.UnitTests\bin\Debug\netcoreapp3.1\fine-code-coverage\build-output\ToDoList.Domain.UnitTests.deps.json" --port 63761 --endpoint 127.0.0.1:063761 --role client --parentprocessid 17452 --diag "C:\Users\roshini.lakshmanan\source\repos\Del\ToDo\ToDoAPI\ToDoList.Domain.UnitTests\bin\Debug\netcoreapp3.1\fine-code-coverage\coverage-tool-output\diagnostics.host.21-11-17_11-56-24_40091_5.log" --tracelevel 4 --datacollectionport 63760 --telemetryoptedin false'
TpTrace Verbose: 0 : 17452, 10, 2021/11/17, 11:56:24.468, 1300831476734, vstest.console.dll, Test Runtime launched
TpTrace Verbose: 0 : 17452, 5, 2021/11/17, 11:56:24.469, 1300831482058, vstest.console.dll, TestRequestSender.WaitForRequestHandlerConnection: waiting for connection with timeout: 90000
TpTrace Verbose: 0 : 17452, 13, 2021/11/17, 11:56:24.722, 1300834009759, vstest.console.dll, SocketServer.OnClientConnected: Client connected for endPoint: 127.0.0.1:63761, starting MessageLoopAsync:
TpTrace Verbose: 0 : 17452, 11, 2021/11/17, 11:56:24.722, 1300834012936, vstest.console.dll, TcpClientExtensions.MessageLoopAsync: Polling on remoteEndPoint: 127.0.0.1:63762 localEndPoint: 127.0.0.1:63761
TpTrace Verbose: 0 : 17452, 11, 2021/11/17, 11:56:24.885, 1300835646154, vstest.console.dll, TcpClientExtensions.MessageLoopAsync: NotifyDataAvailable remoteEndPoint: 127.0.0.1:63762 localEndPoint: 127.0.0.1:63761
TpTrace Verbose: 0 : 17452, 11, 2021/11/17, 11:56:24.886, 1300835648663, vstest.console.dll, TestRequestSender.CheckVersionWithTestHost: onMessageReceived received message: (ProtocolVersion) -> 2
TpTrace Verbose: 0 : 17452, 11, 2021/11/17, 11:56:24.886, 1300835652321, vstest.console.dll, TcpClientExtensions.MessageLoopAsync: Polling on remoteEndPoint: 127.0.0.1:63762 localEndPoint: 127.0.0.1:63761
TpTrace Verbose: 0 : 17452, 5, 2021/11/17, 11:56:24.886, 1300835653483, vstest.console.dll, TestPluginCache.GetExtensionPaths: Filtered extension paths: 
TpTrace Verbose: 0 : 17452, 5, 2021/11/17, 11:56:24.886, 1300835654135, vstest.console.dll, TestPluginCache.GetExtensionPaths: Added default extension paths: C:\Program Files\dotnet\sdk\5.0.403\Extensions\Microsoft.Diagnostics.NETCore.Client.dll
C:\Program Files\dotnet\sdk\5.0.403\Extensions\Microsoft.TestPlatform.Extensions.BlameDataCollector.dll
C:\Program Files\dotnet\sdk\5.0.403\Extensions\Microsoft.TestPlatform.Extensions.EventLogCollector.dll
C:\Program Files\dotnet\sdk\5.0.403\Extensions\Microsoft.TestPlatform.TestHostRuntimeProvider.dll
C:\Program Files\dotnet\sdk\5.0.403\Extensions\Microsoft.VisualStudio.TestPlatform.Extensions.Html.TestLogger.dll
C:\Program Files\dotnet\sdk\5.0.403\Extensions\Microsoft.VisualStudio.TestPlatform.Extensions.Trx.TestLogger.dll
TpTrace Verbose: 0 : 17452, 5, 2021/11/17, 11:56:24.886, 1300835654524, vstest.console.dll, TestPluginCache.GetExtensionPaths: Added unfilterableExtensionPaths: 
TpTrace Verbose: 0 : 17452, 5, 2021/11/17, 11:56:24.890, 1300835689425, vstest.console.dll, TestRequestSender.InitializeExecution: Sending initializing execution with message: {"Version":2,"MessageType":"TestExecution.Initialize","Payload":["C:\\Users\\roshini.lakshmanan\\source\\repos\\Del\\ToDo\\ToDoAPI\\ToDoList.Domain.UnitTests\\bin\\Debug\\netcoreapp3.1\\fine-code-coverage\\build-output\\xunit.runner.visualstudio.dotnetcore.testadapter.dll"]}
TpTrace Verbose: 0 : 17452, 11, 2021/11/17, 11:56:24.900, 1300835795503, vstest.console.dll, TcpClientExtensions.MessageLoopAsync: NotifyDataAvailable remoteEndPoint: 127.0.0.1:63762 localEndPoint: 127.0.0.1:63761
TpTrace Verbose: 0 : 17452, 11, 2021/11/17, 11:56:24.900, 1300835796876, vstest.console.dll, TestRequestSender.OnExecutionMessageReceived: Received message: {"Version":2,"MessageType":"TestSession.Message","Payload":{"MessageLevel":0,"Message":"Logging TestHost Diagnostics in file: C:\\Users\\roshini.lakshmanan\\source\\repos\\Del\\ToDo\\ToDoAPI\\ToDoList.Domain.UnitTests\\bin\\Debug\\netcoreapp3.1\\fine-code-coverage\\coverage-tool-output\\diagnostics.host.21-11-17_11-56-24_40091_5.log"}}
TpTrace Verbose: 0 : 17452, 5, 2021/11/17, 11:56:24.901, 1300835806174, vstest.console.dll, TestRequestSender.StartTestRun: Sending test run with message: {"Version":2,"MessageType":"TestExecution.StartWithSources","Payload":{"AdapterSourceMap":{"_none_":["C:\\Users\\roshini.lakshmanan\\source\\repos\\Del\\ToDo\\ToDoAPI\\ToDoList.Domain.UnitTests\\bin\\Debug\\netcoreapp3.1\\fine-code-coverage\\build-output\\ToDoList.Domain.UnitTests.dll"]},"RunSettings":"<RunSettings>\r\n  <RunConfiguration>\r\n    <ResultsDirectory>C:\\Users\\roshini.lakshmanan\\source\\repos\\Del\\ToDo\\ToDoAPI\\ToDoList.Domain.UnitTests\\bin\\Debug\\netcoreapp3.1\\fine-code-coverage\\coverage-tool-output</ResultsDirectory>\r\n    <TargetPlatform>X64</TargetPlatform>\r\n    <TargetFrameworkVersion>.NETCoreApp,Version=v3.1</TargetFrameworkVersion>\r\n    <DesignMode>False</DesignMode>\r\n    <CollectSourceInformation>False</CollectSourceInformation>\r\n  </RunConfiguration>\r\n  <LoggerRunSettings>\r\n    <Loggers>\r\n      <Logger friendlyName=\"blame\" enabled=\"True\" />\r\n      <Logger friendlyName=\"Console\" uri=\"logger://microsoft/TestPlatform/ConsoleLogger/v1\" assemblyQualifiedName=\"Microsoft.VisualStudio.TestPlatform.CommandLine.Internal.ConsoleLogger, vstest.console, Version=15.0.0.0, Culture=neutral, PublicKeyToken=b03f5f7f11d50a3a\" codeBase=\"C:\\Program Files\\dotnet\\sdk\\5.0.403\\vstest.console.dll\" enabled=\"True\" />\r\n    </Loggers>\r\n  </LoggerRunSettings>\r\n  <DataCollectionRunSettings>\r\n    <DataCollectors>\r\n      <DataCollector friendlyName=\"blame\" enabled=\"True\">\r\n        <Configuration>\r\n          <ResultsDirectory>C:\\Users\\roshini.lakshmanan\\source\\repos\\Del\\ToDo\\ToDoAPI\\ToDoList.Domain.UnitTests\\bin\\Debug\\netcoreapp3.1\\fine-code-coverage\\coverage-tool-output</ResultsDirectory>\r\n        </Configuration>\r\n      </DataCollector>\r\n    </DataCollectors>\r\n  </DataCollectionRunSettings>\r\n</RunSettings>","TestExecutionContext":{"FrequencyOfRunStatsChangeEvent":10,"RunStatsChangeEventTimeout":"00:00:01.5000000","InIsolation":false,"KeepAlive":false,"AreTestCaseLevelEventsRequired":false,"IsDebug":false,"TestCaseFilter":null,"FilterOptions":null},"Package":null}}
TpTrace Verbose: 0 : 17452, 11, 2021/11/17, 11:56:24.902, 1300835813582, vstest.console.dll, TestRunRequest:SendTestRunMessage: Starting.
TpTrace Information: 0 : 17452, 11, 2021/11/17, 11:56:24.902, 1300835814741, vstest.console.dll, TestRunRequest:SendTestRunMessage: Completed.
TpTrace Verbose: 0 : 17452, 11, 2021/11/17, 11:56:24.902, 1300835815120, vstest.console.dll, TcpClientExtensions.MessageLoopAsync: Polling on remoteEndPoint: 127.0.0.1:63762 localEndPoint: 127.0.0.1:63761
TpTrace Verbose: 0 : 17452, 11, 2021/11/17, 11:56:25.206, 1300838855907, vstest.console.dll, TcpClientExtensions.MessageLoopAsync: NotifyDataAvailable remoteEndPoint: 127.0.0.1:63762 localEndPoint: 127.0.0.1:63761
TpTrace Verbose: 0 : 17452, 11, 2021/11/17, 11:56:25.207, 1300838857502, vstest.console.dll, TestRequestSender.OnExecutionMessageReceived: Received message: {"Version":2,"MessageType":"TestSession.Message","Payload":{"MessageLevel":0,"Message":"[xUnit.net 00:00:00.00] xUnit.net VSTest Adapter v2.4.0 (64-bit .NET Core 3.1.21)"}}
TpTrace Verbose: 0 : 17452, 11, 2021/11/17, 11:56:25.207, 1300838861474, vstest.console.dll, TestRunRequest:SendTestRunMessage: Starting.
TpTrace Information: 0 : 17452, 11, 2021/11/17, 11:56:25.207, 1300838862364, vstest.console.dll, TestRunRequest:SendTestRunMessage: Completed.
TpTrace Verbose: 0 : 17452, 11, 2021/11/17, 11:56:25.207, 1300838862882, vstest.console.dll, TcpClientExtensions.MessageLoopAsync: Polling on remoteEndPoint: 127.0.0.1:63762 localEndPoint: 127.0.0.1:63761
TpTrace Verbose: 0 : 17452, 11, 2021/11/17, 11:56:25.884, 1300845630412, vstest.console.dll, TcpClientExtensions.MessageLoopAsync: NotifyDataAvailable remoteEndPoint: 127.0.0.1:63762 localEndPoint: 127.0.0.1:63761
TpTrace Verbose: 0 : 17452, 11, 2021/11/17, 11:56:25.884, 1300845631561, vstest.console.dll, TestRequestSender.OnExecutionMessageReceived: Received message: {"Version":2,"MessageType":"TestSession.Message","Payload":{"MessageLevel":0,"Message":"[xUnit.net 00:00:00.68]   Discovering: ToDoList.Domain.UnitTests"}}
TpTrace Verbose: 0 : 17452, 11, 2021/11/17, 11:56:25.884, 1300845633329, vstest.console.dll, TestRunRequest:SendTestRunMessage: Starting.
TpTrace Information: 0 : 17452, 11, 2021/11/17, 11:56:25.884, 1300845633868, vstest.console.dll, TestRunRequest:SendTestRunMessage: Completed.
TpTrace Verbose: 0 : 17452, 11, 2021/11/17, 11:56:25.884, 1300845634213, vstest.console.dll, TcpClientExtensions.MessageLoopAsync: Polling on remoteEndPoint: 127.0.0.1:63762 localEndPoint: 127.0.0.1:63761
TpTrace Verbose: 0 : 17452, 11, 2021/11/17, 11:56:25.923, 1300846023488, vstest.console.dll, TcpClientExtensions.MessageLoopAsync: NotifyDataAvailable remoteEndPoint: 127.0.0.1:63762 localEndPoint: 127.0.0.1:63761
TpTrace Verbose: 0 : 17452, 11, 2021/11/17, 11:56:25.923, 1300846025208, vstest.console.dll, TestRequestSender.OnExecutionMessageReceived: Received message: {"Version":2,"MessageType":"TestSession.Message","Payload":{"MessageLevel":0,"Message":"[xUnit.net 00:00:00.72]   Discovered:  ToDoList.Domain.UnitTests"}}
TpTrace Verbose: 0 : 17452, 11, 2021/11/17, 11:56:25.924, 1300846028183, vstest.console.dll, TestRunRequest:SendTestRunMessage: Starting.
TpTrace Information: 0 : 17452, 11, 2021/11/17, 11:56:25.924, 1300846029252, vstest.console.dll, TestRunRequest:SendTestRunMessage: Completed.
TpTrace Verbose: 0 : 17452, 11, 2021/11/17, 11:56:25.924, 1300846029867, vstest.console.dll, TcpClientExtensions.MessageLoopAsync: Polling on remoteEndPoint: 127.0.0.1:63762 localEndPoint: 127.0.0.1:63761
TpTrace Verbose: 0 : 17452, 11, 2021/11/17, 11:56:25.926, 1300846055732, vstest.console.dll, TcpClientExtensions.MessageLoopAsync: NotifyDataAvailable remoteEndPoint: 127.0.0.1:63762 localEndPoint: 127.0.0.1:63761
TpTrace Verbose: 0 : 17452, 11, 2021/11/17, 11:56:25.926, 1300846056740, vstest.console.dll, TestRequestSender.OnExecutionMessageReceived: Received message: {"Version":2,"MessageType":"TestSession.Message","Payload":{"MessageLevel":0,"Message":"[xUnit.net 00:00:00.72]   Starting:    ToDoList.Domain.UnitTests"}}
TpTrace Verbose: 0 : 17452, 11, 2021/11/17, 11:56:25.927, 1300846058175, vstest.console.dll, TestRunRequest:SendTestRunMessage: Starting.
TpTrace Information: 0 : 17452, 11, 2021/11/17, 11:56:25.927, 1300846058945, vstest.console.dll, TestRunRequest:SendTestRunMessage: Completed.
TpTrace Verbose: 0 : 17452, 11, 2021/11/17, 11:56:25.927, 1300846059343, vstest.console.dll, TcpClientExtensions.MessageLoopAsync: Polling on remoteEndPoint: 127.0.0.1:63762 localEndPoint: 127.0.0.1:63761
TpTrace Verbose: 0 : 17452, 11, 2021/11/17, 11:56:26.349, 1300850283627, vstest.console.dll, TcpClientExtensions.MessageLoopAsync: NotifyDataAvailable remoteEndPoint: 127.0.0.1:63762 localEndPoint: 127.0.0.1:63761
TpTrace Verbose: 0 : 17452, 11, 2021/11/17, 11:56:26.349, 1300850286030, vstest.console.dll, TestRequestSender.OnExecutionMessageReceived: Received message: {"Version":2,"MessageType":"TestExecution.StatsChange","Payload":{"NewTestResults":[{"TestCase":{"Id":"6be52c7b-98e8-2407-ab93-8b7b1cb19d2f","FullyQualifiedName":"ToDoList.Domain.UnitTests.DependencyInjectionTest.Constructor_ServiceCollectionIsNotNull_AddDomain","DisplayName":"ToDoList.Domain.UnitTests.DependencyInjectionTest.Constructor_ServiceCollectionIsNotNull_AddDomain","ExecutorUri":"executor://xunit/VsTestRunner2/netcoreapp","Source":"C:\\Users\\roshini.lakshmanan\\source\\repos\\Del\\ToDo\\ToDoAPI\\ToDoList.Domain.UnitTests\\bin\\Debug\\netcoreapp3.1\\fine-code-coverage\\build-output\\ToDoList.Domain.UnitTests.dll","CodeFilePath":null,"LineNumber":0,"Properties":[]},"Attachments":[],"Outcome":1,"ErrorMessage":null,"ErrorStackTrace":null,"DisplayName":"ToDoList.Domain.UnitTests.DependencyInjectionTest.Constructor_ServiceCollectionIsNotNull_AddDomain","Messages":[],"ComputerName":"INDPRFTCPL488","Duration":"00:00:00.0105817","StartTime":"2021-11-17T06:26:26.0176617+00:00","EndTime":"2021-11-17T06:26:26.0177482+00:00","Properties":[]},{"TestCase":{"Id":"1c3d5155-f78d-1d8e-fff7-75c5ab9b08a4","FullyQualifiedName":"ToDoList.Domain.UnitTests.DependencyInjectionTest.Constructor_ServiceCollectionIsNull_ThrowsArgumentNullException","DisplayName":"ToDoList.Domain.UnitTests.DependencyInjectionTest.Constructor_ServiceCollectionIsNull_ThrowsArgumentNullException","ExecutorUri":"executor://xunit/VsTestRunner2/netcoreapp","Source":"C:\\Users\\roshini.lakshmanan\\source\\repos\\Del\\ToDo\\ToDoAPI\\ToDoList.Domain.UnitTests\\bin\\Debug\\netcoreapp3.1\\fine-code-coverage\\build-output\\ToDoList.Domain.UnitTests.dll","CodeFilePath":null,"LineNumber":0,"Properties":[]},"Attachments":[],"Outcome":1,"ErrorMessage":null,"ErrorStackTrace":null,"DisplayName":"ToDoList.Domain.UnitTests.DependencyInjectionTest.Constructor_ServiceCollectionIsNull_ThrowsArgumentNullException","Messages":[],"ComputerName":"INDPRFTCPL488","Duration":"00:00:00.0006930","StartTime":"2021-11-17T06:26:26.03886+00:00","EndTime":"2021-11-17T06:26:26.0388616+00:00","Properties":[]},{"TestCase":{"Id":"fddee1a9-b355-d07c-f839-71109c3940f6","FullyQualifiedName":"ToDoList.Domain.UnitTests.Providers.UserProviderTests.CheckItem_Success","DisplayName":"ToDoList.Domain.UnitTests.Providers.UserProviderTests.CheckItem_Success","ExecutorUri":"executor://xunit/VsTestRunner2/netcoreapp","Source":"C:\\Users\\roshini.lakshmanan\\source\\repos\\Del\\ToDo\\ToDoAPI\\ToDoList.Domain.UnitTests\\bin\\Debug\\netcoreapp3.1\\fine-code-coverage\\build-output\\ToDoList.Domain.UnitTests.dll","CodeFilePath":null,"LineNumber":0,"Properties":[]},"Attachments":[],"Outcome":1,"ErrorMessage":null,"ErrorStackTrace":null,"DisplayName":"ToDoList.Domain.UnitTests.Providers.UserProviderTests.CheckItem_Success","Messages":[],"ComputerName":"INDPRFTCPL488","Duration":"00:00:00.2365896","StartTime":"2021-11-17T06:26:26.2274492+00:00","EndTime":"2021-11-17T06:26:26.2274507+00:00","Properties":[]},{"TestCase":{"Id":"9608d176-9b47-6888-1685-10af1512936e","FullyQualifiedName":"ToDoList.Domain.UnitTests.Providers.UserProviderTests.Constructor_IMapperIsNull_ThrowsArgumentNullException","DisplayName":"ToDoList.Domain.UnitTests.Providers.UserProviderTests.Constructor_IMapperIsNull_ThrowsArgumentNullException","ExecutorUri":"executor://xunit/VsTestRunner2/netcoreapp","Source":"C:\\Users\\roshini.lakshmanan\\source\\repos\\Del\\ToDo\\ToDoAPI\\ToDoList.Domain.UnitTests\\bin\\Debug\\netcoreapp3.1\\fine-code-coverage\\build-output\\ToDoList.Domain.UnitTests.dll","CodeFilePath":null,"LineNumber":0,"Properties":[]},"Attachments":[],"Outcome":1,"ErrorMessage":null,"ErrorStackTrace":null,"DisplayName":"ToDoList.Domain.UnitTests.Providers.UserProviderTests.Constructor_IMapperIsNull_ThrowsArgumentNullException","Messages":[],"ComputerName":"INDPRFTCPL488","Duration":"00:00:00.0037274","StartTime":"2021-11-17T06:26:26.2312406+00:00","EndTime":"2021-11-17T06:26:26.2312436+00:00","Properties":[]},{"TestCase":{"Id":"4a5a45a3-a985-a9f9-0e46-3d71bc6810c4","FullyQualifiedName":"ToDoList.Domain.UnitTests.Providers.UserProviderTests.CheckItem_Failure","DisplayName":"ToDoList.Domain.UnitTests.Providers.UserProviderTests.CheckItem_Failure","ExecutorUri":"executor://xunit/VsTestRunner2/netcoreapp","Source":"C:\\Users\\roshini.lakshmanan\\source\\repos\\Del\\ToDo\\ToDoAPI\\ToDoList.Domain.UnitTests\\bin\\Debug\\netcoreapp3.1\\fine-code-coverage\\build-output\\ToDoList.Domain.UnitTests.dll","CodeFilePath":null,"LineNumber":0,"Properties":[]},"Attachments":[],"Outcome":1,"ErrorMessage":null,"ErrorStackTrace":null,"DisplayName":"ToDoList.Domain.UnitTests.Providers.UserProviderTests.CheckItem_Failure","Messages":[],"ComputerName":"INDPRFTCPL488","Duration":"00:00:00.0039626","StartTime":"2021-11-17T06:26:26.2352833+00:00","EndTime":"2021-11-17T06:26:26.2352857+00:00","Properties":[]},{"TestCase":{"Id":"96e9a6d4-4387-d9d8-4567-c44580233b20","FullyQualifiedName":"ToDoList.Domain.UnitTests.Providers.ToDoItemProviderTests.RemoveToDoItem_Success","DisplayName":"ToDoList.Domain.UnitTests.Providers.ToDoItemProviderTests.RemoveToDoItem_Success","ExecutorUri":"executor://xunit/VsTestRunner2/netcoreapp","Source":"C:\\Users\\roshini.lakshmanan\\source\\repos\\Del\\ToDo\\ToDoAPI\\ToDoList.Domain.UnitTests\\bin\\Debug\\netcoreapp3.1\\fine-code-coverage\\build-output\\ToDoList.Domain.UnitTests.dll","CodeFilePath":null,"LineNumber":0,"Properties":[]},"Attachments":[],"Outcome":1,"ErrorMessage":null,"ErrorStackTrace":null,"DisplayName":"ToDoList.Domain.UnitTests.Providers.ToDoItemProviderTests.RemoveToDoItem_Success","Messages":[],"ComputerName":"INDPRFTCPL488","Duration":"00:00:00.2602999","StartTime":"2021-11-17T06:26:26.2511175+00:00","EndTime":"2021-11-17T06:26:26.2511199+00:00","Properties":[]},{"TestCase":{"Id":"a910af07-8122-ed85-325c-d1792de042ec","FullyQualifiedName":"ToDoList.Domain.UnitTests.Providers.UserProviderTests.GetUser_Success","DisplayName":"ToDoList.Domain.UnitTests.Providers.UserProviderTests.GetUser_Success","ExecutorUri":"executor://xunit/VsTestRunner2/netcoreapp","Source":"C:\\Users\\roshini.lakshmanan\\source\\repos\\Del\\ToDo\\ToDoAPI\\ToDoList.Domain.UnitTests\\bin\\Debug\\netcoreapp3.1\\fine-code-coverage\\build-output\\ToDoList.Domain.UnitTests.dll","CodeFilePath":null,"LineNumber":0,"Properties":[]},"Attachments":[],"Outcome":1,"ErrorMessage":null,"ErrorStackTrace":null,"DisplayName":"ToDoList.Domain.UnitTests.Providers.UserProviderTests.GetUser_Success","Messages":[],"ComputerName":"INDPRFTCPL488","Duration":"00:00:00.0177339","StartTime":"2021-11-17T06:26:26.253084+00:00","EndTime":"2021-11-17T06:26:26.2530855+00:00","Properties":[]},{"TestCase":{"Id":"eb49c21b-746c-f37a-c273-c43309838b74","FullyQualifiedName":"ToDoList.Domain.UnitTests.Providers.UserProviderTests.Constructor_UOW_IsNull_ThrowsArgumentNullException","DisplayName":"ToDoList.Domain.UnitTests.Providers.UserProviderTests.Constructor_UOW_IsNull_ThrowsArgumentNullException","ExecutorUri":"executor://xunit/VsTestRunner2/netcoreapp","Source":"C:\\Users\\roshini.lakshmanan\\source\\repos\\Del\\ToDo\\ToDoAPI\\ToDoList.Domain.UnitTests\\bin\\Debug\\netcoreapp3.1\\fine-code-coverage\\build-output\\ToDoList.Domain.UnitTests.dll","CodeFilePath":null,"LineNumber":0,"Properties":[]},"Attachments":[],"Outcome":1,"ErrorMessage":null,"ErrorStackTrace":null,"DisplayName":"ToDoList.Domain.UnitTests.Providers.UserProviderTests.Constructor_UOW_IsNull_ThrowsArgumentNullException","Messages":[],"ComputerName":"INDPRFTCPL488","Duration":"00:00:00.0035139","StartTime":"2021-11-17T06:26:26.2567003+00:00","EndTime":"2021-11-17T06:26:26.256703+00:00","Properties":[]},{"TestCase":{"Id":"d73d1e43-315b-86f3-64fe-0b86b6156a54","FullyQualifiedName":"ToDoList.Domain.UnitTests.Providers.ToDoItemProviderTests.IsToDoItemExists_Exception_Failure","DisplayName":"ToDoList.Domain.UnitTests.Providers.ToDoItemProviderTests.IsToDoItemExists_Exception_Failure","ExecutorUri":"executor://xunit/VsTestRunner2/netcoreapp","Source":"C:\\Users\\roshini.lakshmanan\\source\\repos\\Del\\ToDo\\ToDoAPI\\ToDoList.Domain.UnitTests\\bin\\Debug\\netcoreapp3.1\\fine-code-coverage\\build-output\\ToDoList.Domain.UnitTests.dll","CodeFilePath":null,"LineNumber":0,"Properties":[]},"Attachments":[],"Outcome":1,"ErrorMessage":null,"ErrorStackTrace":null,"DisplayName":"ToDoList.Domain.UnitTests.Providers.ToDoItemProviderTests.IsToDoItemExists_Exception_Failure","Messages":[],"ComputerName":"INDPRFTCPL488","Duration":"00:00:00.0077901","StartTime":"2021-11-17T06:26:26.2590006+00:00","EndTime":"2021-11-17T06:26:26.259002+00:00","Properties":[]}],"TestRunStatistics":{"ExecutedTests":9,"Stats":{"Passed":9}},"ActiveTests":[{"Id":"72b1a187-e4f0-c226-895c-c85780168ce7","FullyQualifiedName":"ToDoList.Domain.UnitTests.Providers.ToDoItemProviderTests.GetToDoItem_Success","DisplayName":"ToDoList.Domain.UnitTests.Providers.ToDoItemProviderTests.GetToDoItem_Success","ExecutorUri":"executor://xunit/VsTestRunner2/netcoreapp","Source":"C:\\Users\\roshini.lakshmanan\\source\\repos\\Del\\ToDo\\ToDoAPI\\ToDoList.Domain.UnitTests\\bin\\Debug\\netcoreapp3.1\\fine-code-coverage\\build-output\\ToDoList.Domain.UnitTests.dll","CodeFilePath":null,"LineNumber":0,"Properties":[]}]}}
TpTrace Verbose: 0 : 17452, 11, 2021/11/17, 11:56:26.377, 1300850557443, vstest.console.dll, TestRunRequest:SendTestRunStatsChange: Starting.
TpTrace Verbose: 0 : 17452, 11, 2021/11/17, 11:56:26.377, 1300850558475, vstest.console.dll, InProgress is ToDoList.Domain.UnitTests.Providers.ToDoItemProviderTests.GetToDoItem_Success
TpTrace Information: 0 : 17452, 11, 2021/11/17, 11:56:26.377, 1300850560142, vstest.console.dll, TestRunRequest:SendTestRunStatsChange: Completed.
TpTrace Verbose: 0 : 17452, 11, 2021/11/17, 11:56:26.377, 1300850560532, vstest.console.dll, TcpClientExtensions.MessageLoopAsync: Polling on remoteEndPoint: 127.0.0.1:63762 localEndPoint: 127.0.0.1:63761
TpTrace Verbose: 0 : 17452, 11, 2021/11/17, 11:56:26.377, 1300850560930, vstest.console.dll, TcpClientExtensions.MessageLoopAsync: NotifyDataAvailable remoteEndPoint: 127.0.0.1:63762 localEndPoint: 127.0.0.1:63761
TpTrace Verbose: 0 : 17452, 11, 2021/11/17, 11:56:26.377, 1300850561433, vstest.console.dll, TestRequestSender.OnExecutionMessageReceived: Received message: {"Version":2,"MessageType":"TestSession.Message","Payload":{"MessageLevel":0,"Message":"[xUnit.net 00:00:01.17]   Finished:    ToDoList.Domain.UnitTests"}}
TpTrace Verbose: 0 : 17452, 11, 2021/11/17, 11:56:26.377, 1300850562319, vstest.console.dll, TestRunRequest:SendTestRunMessage: Starting.
TpTrace Information: 0 : 17452, 11, 2021/11/17, 11:56:26.377, 1300850562746, vstest.console.dll, TestRunRequest:SendTestRunMessage: Completed.
TpTrace Verbose: 0 : 17452, 11, 2021/11/17, 11:56:26.377, 1300850563049, vstest.console.dll, TcpClientExtensions.MessageLoopAsync: Polling on remoteEndPoint: 127.0.0.1:63762 localEndPoint: 127.0.0.1:63761
TpTrace Verbose: 0 : 17452, 11, 2021/11/17, 11:56:26.389, 1300850678457, vstest.console.dll, TcpClientExtensions.MessageLoopAsync: NotifyDataAvailable remoteEndPoint: 127.0.0.1:63762 localEndPoint: 127.0.0.1:63761
TpTrace Verbose: 0 : 17452, 11, 2021/11/17, 11:56:26.389, 1300850680088, vstest.console.dll, TestRequestSender.OnExecutionMessageReceived: Received message: {"Version":2,"MessageType":"TestExecution.Completed","Payload":{"TestRunCompleteArgs":{"TestRunStatistics":{"ExecutedTests":16,"Stats":{"Passed":16}},"IsCanceled":false,"IsAborted":false,"Error":null,"AttachmentSets":[],"ElapsedTimeInRunningTests":"00:00:01.1808874","Metrics":{}},"LastRunTests":{"NewTestResults":[{"TestCase":{"Id":"72b1a187-e4f0-c226-895c-c85780168ce7","FullyQualifiedName":"ToDoList.Domain.UnitTests.Providers.ToDoItemProviderTests.GetToDoItem_Success","DisplayName":"ToDoList.Domain.UnitTests.Providers.ToDoItemProviderTests.GetToDoItem_Success","ExecutorUri":"executor://xunit/VsTestRunner2/netcoreapp","Source":"C:\\Users\\roshini.lakshmanan\\source\\repos\\Del\\ToDo\\ToDoAPI\\ToDoList.Domain.UnitTests\\bin\\Debug\\netcoreapp3.1\\fine-code-coverage\\build-output\\ToDoList.Domain.UnitTests.dll","CodeFilePath":null,"LineNumber":0,"Properties":[]},"Attachments":[],"Outcome":1,"ErrorMessage":null,"ErrorStackTrace":null,"DisplayName":"ToDoList.Domain.UnitTests.Providers.ToDoItemProviderTests.GetToDoItem_Success","Messages":[],"ComputerName":"INDPRFTCPL488","Duration":"00:00:00.0581450","StartTime":"2021-11-17T06:26:26.3508041+00:00","EndTime":"2021-11-17T06:26:26.3508057+00:00","Properties":[]},{"TestCase":{"Id":"4ee337d0-f3f9-9d85-827d-e617e746e2a5","FullyQualifiedName":"ToDoList.Domain.UnitTests.Providers.ToDoItemProviderTests.IsToDoItemExists_Failure","DisplayName":"ToDoList.Domain.UnitTests.Providers.ToDoItemProviderTests.IsToDoItemExists_Failure","ExecutorUri":"executor://xunit/VsTestRunner2/netcoreapp","Source":"C:\\Users\\roshini.lakshmanan\\source\\repos\\Del\\ToDo\\ToDoAPI\\ToDoList.Domain.UnitTests\\bin\\Debug\\netcoreapp3.1\\fine-code-coverage\\build-output\\ToDoList.Domain.UnitTests.dll","CodeFilePath":null,"LineNumber":0,"Properties":[]},"Attachments":[],"Outcome":1,"ErrorMessage":null,"ErrorStackTrace":null,"DisplayName":"ToDoList.Domain.UnitTests.Providers.ToDoItemProviderTests.IsToDoItemExists_Failure","Messages":[],"ComputerName":"INDPRFTCPL488","Duration":"00:00:00.0042818","StartTime":"2021-11-17T06:26:26.3548593+00:00","EndTime":"2021-11-17T06:26:26.3548608+00:00","Properties":[]},{"TestCase":{"Id":"7ccf738f-0d02-8aa7-c6e6-d7c1c822d7e0","FullyQualifiedName":"ToDoList.Domain.UnitTests.Providers.ToDoItemProviderTests.Constructor_IMapperIsNull_ThrowsArgumentNullException","DisplayName":"ToDoList.Domain.UnitTests.Providers.ToDoItemProviderTests.Constructor_IMapperIsNull_ThrowsArgumentNullException","ExecutorUri":"executor://xunit/VsTestRunner2/netcoreapp","Source":"C:\\Users\\roshini.lakshmanan\\source\\repos\\Del\\ToDo\\ToDoAPI\\ToDoList.Domain.UnitTests\\bin\\Debug\\netcoreapp3.1\\fine-code-coverage\\build-output\\ToDoList.Domain.UnitTests.dll","CodeFilePath":null,"LineNumber":0,"Properties":[]},"Attachments":[],"Outcome":1,"ErrorMessage":null,"ErrorStackTrace":null,"DisplayName":"ToDoList.Domain.UnitTests.Providers.ToDoItemProviderTests.Constructor_IMapperIsNull_ThrowsArgumentNullException","Messages":[],"ComputerName":"INDPRFTCPL488","Duration":"00:00:00.0036443","StartTime":"2021-11-17T06:26:26.3568232+00:00","EndTime":"2021-11-17T06:26:26.356825+00:00","Properties":[]},{"TestCase":{"Id":"cbc06323-01d6-260b-2e4d-62a641d4a149","FullyQualifiedName":"ToDoList.Domain.UnitTests.Providers.ToDoItemProviderTests.GetToDoItemsById_Success","DisplayName":"ToDoList.Domain.UnitTests.Providers.ToDoItemProviderTests.GetToDoItemsById_Success","ExecutorUri":"executor://xunit/VsTestRunner2/netcoreapp","Source":"C:\\Users\\roshini.lakshmanan\\source\\repos\\Del\\ToDo\\ToDoAPI\\ToDoList.Domain.UnitTests\\bin\\Debug\\netcoreapp3.1\\fine-code-coverage\\build-output\\ToDoList.Domain.UnitTests.dll","CodeFilePath":null,"LineNumber":0,"Properties":[]},"Attachments":[],"Outcome":1,"ErrorMessage":null,"ErrorStackTrace":null,"DisplayName":"ToDoList.Domain.UnitTests.Providers.ToDoItemProviderTests.GetToDoItemsById_Success","Messages":[],"ComputerName":"INDPRFTCPL488","Duration":"00:00:00.0219251","StartTime":"2021-11-17T06:26:26.369087+00:00","EndTime":"2021-11-17T06:26:26.3690884+00:00","Properties":[]},{"TestCase":{"Id":"4cebb81b-dc0a-2b0d-04b5-a565965f9681","FullyQualifiedName":"ToDoList.Domain.UnitTests.Providers.ToDoItemProviderTests.Constructor_UOW_IsNull_ThrowsArgumentNullException","DisplayName":"ToDoList.Domain.UnitTests.Providers.ToDoItemProviderTests.Constructor_UOW_IsNull_ThrowsArgumentNullException","ExecutorUri":"executor://xunit/VsTestRunner2/netcoreapp","Source":"C:\\Users\\roshini.lakshmanan\\source\\repos\\Del\\ToDo\\ToDoAPI\\ToDoList.Domain.UnitTests\\bin\\Debug\\netcoreapp3.1\\fine-code-coverage\\build-output\\ToDoList.Domain.UnitTests.dll","CodeFilePath":null,"LineNumber":0,"Properties":[]},"Attachments":[],"Outcome":1,"ErrorMessage":null,"ErrorStackTrace":null,"DisplayName":"ToDoList.Domain.UnitTests.Providers.ToDoItemProviderTests.Constructor_UOW_IsNull_ThrowsArgumentNullException","Messages":[],"ComputerName":"INDPRFTCPL488","Duration":"00:00:00.0033740","StartTime":"2021-11-17T06:26:26.3706379+00:00","EndTime":"2021-11-17T06:26:26.3706392+00:00","Properties":[]},{"TestCase":{"Id":"51cd45de-17b7-96e9-efba-365ecd2229ea","FullyQualifiedName":"ToDoList.Domain.UnitTests.Providers.ToDoItemProviderTests.UpdateToDoItem_Success","DisplayName":"ToDoList.Domain.UnitTests.Providers.ToDoItemProviderTests.UpdateToDoItem_Success","ExecutorUri":"executor://xunit/VsTestRunner2/netcoreapp","Source":"C:\\Users\\roshini.lakshmanan\\source\\repos\\Del\\ToDo\\ToDoAPI\\ToDoList.Domain.UnitTests\\bin\\Debug\\netcoreapp3.1\\fine-code-coverage\\build-output\\ToDoList.Domain.UnitTests.dll","CodeFilePath":null,"LineNumber":0,"Properties":[]},"Attachments":[],"Outcome":1,"ErrorMessage":null,"ErrorStackTrace":null,"DisplayName":"ToDoList.Domain.UnitTests.Providers.ToDoItemProviderTests.UpdateToDoItem_Success","Messages":[],"ComputerName":"INDPRFTCPL488","Duration":"00:00:00.0098014","StartTime":"2021-11-17T06:26:26.3720885+00:00","EndTime":"2021-11-17T06:26:26.3720897+00:00","Properties":[]},{"TestCase":{"Id":"aff47462-903f-d151-d514-98d8e3470151","FullyQualifiedName":"ToDoList.Domain.UnitTests.Providers.ToDoItemProviderTests.IsToDoItemExists_Success","DisplayName":"ToDoList.Domain.UnitTests.Providers.ToDoItemProviderTests.IsToDoItemExists_Success","ExecutorUri":"executor://xunit/VsTestRunner2/netcoreapp","Source":"C:\\Users\\roshini.lakshmanan\\source\\repos\\Del\\ToDo\\ToDoAPI\\ToDoList.Domain.UnitTests\\bin\\Debug\\netcoreapp3.1\\fine-code-coverage\\build-output\\ToDoList.Domain.UnitTests.dll","CodeFilePath":null,"LineNumber":0,"Properties":[]},"Attachments":[],"Outcome":1,"ErrorMessage":null,"ErrorStackTrace":null,"DisplayName":"ToDoList.Domain.UnitTests.Providers.ToDoItemProviderTests.IsToDoItemExists_Success","Messages":[],"ComputerName":"INDPRFTCPL488","Duration":"00:00:00.0101086","StartTime":"2021-11-17T06:26:26.3740525+00:00","EndTime":"2021-11-17T06:26:26.3740541+00:00","Properties":[]}],"TestRunStatistics":{"ExecutedTests":16,"Stats":{"Passed":16}},"ActiveTests":[]},"RunAttachments":[],"ExecutorUris":["executor://xunit/VsTestRunner2/netcoreapp"]}}
TpTrace Verbose: 0 : 17452, 11, 2021/11/17, 11:56:26.389, 1300850683640, vstest.console.dll, TestRequestSender.EndSession: Sending end session.
TpTrace Verbose: 0 : 17452, 11, 2021/11/17, 11:56:26.389, 1300850684778, vstest.console.dll, ProxyOperationManager.Close: waiting for test host to exit for 100 ms
TpTrace Warning: 0 : 17452, 4, 2021/11/17, 11:56:26.403, 1300850825211, vstest.console.dll, TestHostManagerCallbacks.ErrorReceivedCallback Test host standard error line: 
TpTrace Verbose: 0 : 17452, 7, 2021/11/17, 11:56:26.413, 1300850924676, vstest.console.dll, TestHostProvider.ExitCallBack: Host exited starting callback.
TpTrace Information: 0 : 17452, 7, 2021/11/17, 11:56:26.414, 1300850928594, vstest.console.dll, TestHostManagerCallbacks.ExitCallBack: Testhost processId: 7916 exited with exitcode: 0 error: ''
TpTrace Verbose: 0 : 17452, 7, 2021/11/17, 11:56:26.414, 1300850929017, vstest.console.dll, DotnetTestHostManager.OnHostExited: invoking OnHostExited callback
TpTrace Verbose: 0 : 17452, 7, 2021/11/17, 11:56:26.414, 1300850929483, vstest.console.dll, CrossPlatEngine.TestHostManagerHostExited: calling on client process exit callback.
TpTrace Information: 0 : 17452, 7, 2021/11/17, 11:56:26.414, 1300850929968, vstest.console.dll, TestRequestSender.OnClientProcessExit: Test host process exited. Standard error: 
TpTrace Information: 0 : 17452, 7, 2021/11/17, 11:56:26.414, 1300850930305, vstest.console.dll, SocketServer.Stop: Stop server endPoint: 127.0.0.1:63761
TpTrace Warning: 0 : 17452, 11, 2021/11/17, 11:56:26.414, 1300850930332, vstest.console.dll, ProxyOperationManager: Timed out waiting for test host to exit. Will terminate process.
TpTrace Information: 0 : 17452, 7, 2021/11/17, 11:56:26.414, 1300850930557, vstest.console.dll, SocketServer.Stop: Cancellation requested. Stopping message loop.
TpTrace Verbose: 0 : 17452, 11, 2021/11/17, 11:56:26.414, 1300850935506, vstest.console.dll, ProxyDataCollectionManager.InvokeDataCollectionServiceAction: Starting.
TpTrace Information: 0 : 17452, 11, 2021/11/17, 11:56:26.414, 1300850935944, vstest.console.dll, ProxyDataCollectionManager.AfterTestRunEnd: Get attachment set for datacollector processId: 10820 port: 63758
TpTrace Verbose: 0 : 17452, 11, 2021/11/17, 11:56:26.414, 1300850936355, vstest.console.dll, DataCollectionRequestSender.SendAfterTestRunStartAndGetResult : Send AfterTestRunEnd message with isCancelled: False
TpTrace Verbose: 0 : 17452, 11, 2021/11/17, 11:56:26.418, 1300850969346, vstest.console.dll, DataCollectionRequestSender.SendAfterTestRunStartAndGetResult : Received message: (DataCollection.AfterTestRunEndResult) -> {
  "AttachmentSets": [],
  "Metrics": {}
}
TpTrace Information: 0 : 17452, 11, 2021/11/17, 11:56:26.420, 1300850992722, vstest.console.dll, ProxyDataCollectionManager.InvokeDataCollectionServiceAction: Completed.
TpTrace Warning: 0 : 17452, 9, 2021/11/17, 11:56:26.422, 1300851007370, vstest.console.dll, DataCollectionLauncher.ErrorReceivedCallback datacollector standard error line: 
TpTrace Information: 0 : 17452, 7, 2021/11/17, 11:56:26.428, 1300851076988, vstest.console.dll, DataCollectionLauncher.ExitCallBack: Data collector exited with exitcode: 0 error: ''
TpTrace Verbose: 0 : 17452, 11, 2021/11/17, 11:56:26.459, 1300851380811, vstest.console.dll, TestRunRequest:SendTestRunStatsChange: Starting.
TpTrace Information: 0 : 17452, 11, 2021/11/17, 11:56:26.459, 1300851382214, vstest.console.dll, TestRunRequest:SendTestRunStatsChange: Completed.
TpTrace Verbose: 0 : 17452, 11, 2021/11/17, 11:56:26.459, 1300851384388, vstest.console.dll, ParallelProxyExecutionManager: HandlePartialRunComplete: Total completed clients = 1, Run complete = True, Run canceled: False.
TpTrace Verbose: 0 : 17452, 11, 2021/11/17, 11:56:26.480, 1300851593642, vstest.console.dll, TestRunRequest:TestRunComplete: Starting. IsAborted:False IsCanceled:False.
TpTrace Verbose: 0 : 17452, 11, 2021/11/17, 11:56:26.480, 1300851595677, vstest.console.dll, TestLoggerManager.HandleTestRunComplete: Ignoring as the object is disposed.
TpTrace Information: 0 : 17452, 11, 2021/11/17, 11:56:26.481, 1300851600040, vstest.console.dll, TestRunRequest:TestRunComplete: Completed.
TpTrace Verbose: 0 : 17452, 1, 2021/11/17, 11:56:26.481, 1300851600432, vstest.console.dll, TestRunRequest.Dispose: Starting.
TpTrace Information: 0 : 17452, 1, 2021/11/17, 11:56:26.481, 1300851601738, vstest.console.dll, TestRunRequest.Dispose: Completed.
TpTrace Information: 0 : 17452, 1, 2021/11/17, 11:56:26.481, 1300851602288, vstest.console.dll, TestRequestManager.RunTests: run tests completed.
TpTrace Verbose: 0 : 17452, 11, 2021/11/17, 11:56:26.481, 1300851601037, vstest.console.dll, TestRequestSender.SetOperationComplete: Setting operation complete.
TpTrace Information: 0 : 17452, 1, 2021/11/17, 11:56:26.481, 1300851603127, vstest.console.dll, RunTestsArgumentProcessor:Execute: Test run is completed.
TpTrace Information: 0 : 17452, 11, 2021/11/17, 11:56:26.481, 1300851603290, vstest.console.dll, SocketServer.Stop: Stop server endPoint: 127.0.0.1:63761
TpTrace Information: 0 : 17452, 11, 2021/11/17, 11:56:26.481, 1300851604029, vstest.console.dll, SocketServer.Stop: Cancellation requested. Stopping message loop.
TpTrace Information: 0 : 17452, 11, 2021/11/17, 11:56:26.481, 1300851604665, vstest.console.dll, SocketServer.PrivateStop: Stop server endPoint: 127.0.0.1:63761 error: 
TpTrace Verbose: 0 : 17452, 1, 2021/11/17, 11:56:26.481, 1300851605141, vstest.console.dll, Executor.Execute: Exiting with exit code of 0
TpTrace Verbose: 0 : 17452, 11, 2021/11/17, 11:56:26.482, 1300851609879, vstest.console.dll, LengthPrefixCommunicationChannel.Dispose: Dispose reader and writer.
