TpTrace Verbose: 0 : 15924, 1, 2021/11/17, 11:56:30.041, 1300887222641, vstest.console.dll, Version: 16.11.0
TpTrace Information: 0 : 15924, 1, 2021/11/17, 11:56:30.054, 1300887327351, vstest.console.dll, FilePatternParser: The given file C:\Users\roshini.lakshmanan\source\repos\Del\ToDo\ToDoAPI\ToDoList.Infrastructure.UnitTests\bin\Debug\netcoreapp3.1\fine-code-coverage\build-output\ToDoList.Infrastructure.UnitTests.dll is a full path.
TpTrace Verbose: 0 : 15924, 1, 2021/11/17, 11:56:30.062, 1300887414542, vstest.console.dll, TestPluginCache.DiscoverTestExtensions: finding test extensions in assemblies ends with: RuntimeProvider.dll TPluginInfo: Microsoft.VisualStudio.TestPlatform.Common.ExtensionFramework.Utilities.TestRuntimePluginInformation TExtension: Microsoft.VisualStudio.TestPlatform.ObjectModel.Host.ITestRuntimeProvider
TpTrace Verbose: 0 : 15924, 1, 2021/11/17, 11:56:30.063, 1300887424652, vstest.console.dll, TestPluginCache.GetExtensionPaths: Filtered extension paths: 
TpTrace Verbose: 0 : 15924, 1, 2021/11/17, 11:56:30.063, 1300887425957, vstest.console.dll, TestPluginCache.GetExtensionPaths: Added default extension paths: C:\Program Files\dotnet\sdk\5.0.403\Extensions\Microsoft.Diagnostics.NETCore.Client.dll
C:\Program Files\dotnet\sdk\5.0.403\Extensions\Microsoft.TestPlatform.Extensions.BlameDataCollector.dll
C:\Program Files\dotnet\sdk\5.0.403\Extensions\Microsoft.TestPlatform.Extensions.EventLogCollector.dll
C:\Program Files\dotnet\sdk\5.0.403\Extensions\Microsoft.TestPlatform.TestHostRuntimeProvider.dll
C:\Program Files\dotnet\sdk\5.0.403\Extensions\Microsoft.VisualStudio.TestPlatform.Extensions.Html.TestLogger.dll
C:\Program Files\dotnet\sdk\5.0.403\Extensions\Microsoft.VisualStudio.TestPlatform.Extensions.Trx.TestLogger.dll
TpTrace Verbose: 0 : 15924, 1, 2021/11/17, 11:56:30.063, 1300887426438, vstest.console.dll, TestPluginCache.GetExtensionPaths: Added unfilterableExtensionPaths: 
TpTrace Information: 0 : 15924, 1, 2021/11/17, 11:56:30.064, 1300887434314, vstest.console.dll, AssemblyResolver.ctor: Creating AssemblyResolver with searchDirectories C:\Program Files\dotnet\sdk\5.0.403\Extensions,C:\Program Files\dotnet\sdk\5.0.403
TpTrace Verbose: 0 : 15924, 1, 2021/11/17, 11:56:30.066, 1300887449592, vstest.console.dll, TestPluginCache.DiscoverTestExtensions: Discovering the extensions using extension path.
TpTrace Verbose: 0 : 15924, 1, 2021/11/17, 11:56:30.066, 1300887451078, vstest.console.dll, TestPluginCache.GetExtensionPaths: Filtered extension paths: 
TpTrace Verbose: 0 : 15924, 1, 2021/11/17, 11:56:30.066, 1300887451471, vstest.console.dll, TestPluginCache.GetExtensionPaths: Added default extension paths: C:\Program Files\dotnet\sdk\5.0.403\Extensions\Microsoft.Diagnostics.NETCore.Client.dll
C:\Program Files\dotnet\sdk\5.0.403\Extensions\Microsoft.TestPlatform.Extensions.BlameDataCollector.dll
C:\Program Files\dotnet\sdk\5.0.403\Extensions\Microsoft.TestPlatform.Extensions.EventLogCollector.dll
C:\Program Files\dotnet\sdk\5.0.403\Extensions\Microsoft.TestPlatform.TestHostRuntimeProvider.dll
C:\Program Files\dotnet\sdk\5.0.403\Extensions\Microsoft.VisualStudio.TestPlatform.Extensions.Html.TestLogger.dll
C:\Program Files\dotnet\sdk\5.0.403\Extensions\Microsoft.VisualStudio.TestPlatform.Extensions.Trx.TestLogger.dll
TpTrace Verbose: 0 : 15924, 1, 2021/11/17, 11:56:30.066, 1300887451827, vstest.console.dll, TestPluginCache.GetExtensionPaths: Added unfilterableExtensionPaths: 
TpTrace Verbose: 0 : 15924, 1, 2021/11/17, 11:56:30.066, 1300887452456, vstest.console.dll, TestPluginCache.DiscoverTestExtensions: Discovering the extensions using allExtensionPaths: C:\Program Files\dotnet\sdk\5.0.403\Extensions\Microsoft.Diagnostics.NETCore.Client.dll
C:\Program Files\dotnet\sdk\5.0.403\Extensions\Microsoft.TestPlatform.Extensions.BlameDataCollector.dll
C:\Program Files\dotnet\sdk\5.0.403\Extensions\Microsoft.TestPlatform.Extensions.EventLogCollector.dll
C:\Program Files\dotnet\sdk\5.0.403\Extensions\Microsoft.TestPlatform.TestHostRuntimeProvider.dll
C:\Program Files\dotnet\sdk\5.0.403\Extensions\Microsoft.VisualStudio.TestPlatform.Extensions.Html.TestLogger.dll
C:\Program Files\dotnet\sdk\5.0.403\Extensions\Microsoft.VisualStudio.TestPlatform.Extensions.Trx.TestLogger.dll
TpTrace Information: 0 : 15924, 1, 2021/11/17, 11:56:30.066, 1300887454001, vstest.console.dll, AssemblyResolver.AddSearchDirectories: Adding more searchDirectories C:\Program Files\dotnet\sdk\5.0.403\Extensions,C:\Program Files\dotnet\sdk\5.0.403
TpTrace Information: 0 : 15924, 1, 2021/11/17, 11:56:30.066, 1300887454611, vstest.console.dll, AssemblyResolver.AddSearchDirectories: Adding more searchDirectories C:\Program Files\dotnet\sdk\5.0.403\Extensions,C:\Program Files\dotnet\sdk\5.0.403
TpTrace Information: 0 : 15924, 1, 2021/11/17, 11:56:30.066, 1300887454967, vstest.console.dll, AssemblyResolver.AddSearchDirectories: Adding more searchDirectories C:\Program Files\dotnet\sdk\5.0.403\Extensions,C:\Program Files\dotnet\sdk\5.0.403
TpTrace Information: 0 : 15924, 1, 2021/11/17, 11:56:30.066, 1300887455305, vstest.console.dll, AssemblyResolver.AddSearchDirectories: Adding more searchDirectories C:\Program Files\dotnet\sdk\5.0.403\Extensions,C:\Program Files\dotnet\sdk\5.0.403
TpTrace Information: 0 : 15924, 1, 2021/11/17, 11:56:30.066, 1300887455580, vstest.console.dll, AssemblyResolver.AddSearchDirectories: Adding more searchDirectories C:\Program Files\dotnet\sdk\5.0.403\Extensions,C:\Program Files\dotnet\sdk\5.0.403
TpTrace Information: 0 : 15924, 1, 2021/11/17, 11:56:30.066, 1300887455851, vstest.console.dll, AssemblyResolver.AddSearchDirectories: Adding more searchDirectories C:\Program Files\dotnet\sdk\5.0.403\Extensions,C:\Program Files\dotnet\sdk\5.0.403
TpTrace Information: 0 : 15924, 1, 2021/11/17, 11:56:30.067, 1300887458939, vstest.console.dll, AssemblyResolver.OnResolve: Microsoft.Diagnostics.NETCore.Client: Resolving assembly.
TpTrace Information: 0 : 15924, 1, 2021/11/17, 11:56:30.067, 1300887459536, vstest.console.dll, AssemblyResolver.OnResolve: Microsoft.Diagnostics.NETCore.Client: Searching in: 'C:\Program Files\dotnet\sdk\5.0.403\Extensions'.
TpTrace Information: 0 : 15924, 1, 2021/11/17, 11:56:30.067, 1300887465145, vstest.console.dll, AssemblyResolver.OnResolve: Microsoft.Diagnostics.NETCore.Client: Loading assembly 'C:\Program Files\dotnet\sdk\5.0.403\Extensions\Microsoft.Diagnostics.NETCore.Client.dll'.
TpTrace Information: 0 : 15924, 1, 2021/11/17, 11:56:30.068, 1300887476160, vstest.console.dll, AssemblyResolver.OnResolve: Resolved assembly: Microsoft.Diagnostics.NETCore.Client, from path: C:\Program Files\dotnet\sdk\5.0.403\Extensions\Microsoft.Diagnostics.NETCore.Client.dll
TpTrace Information: 0 : 15924, 1, 2021/11/17, 11:56:30.072, 1300887515150, vstest.console.dll, AssemblyResolver.OnResolve: Microsoft.Bcl.AsyncInterfaces: Resolving assembly.
TpTrace Information: 0 : 15924, 1, 2021/11/17, 11:56:30.072, 1300887516573, vstest.console.dll, AssemblyResolver.OnResolve: Microsoft.Bcl.AsyncInterfaces: Searching in: 'C:\Program Files\dotnet\sdk\5.0.403\Extensions'.
TpTrace Information: 0 : 15924, 1, 2021/11/17, 11:56:30.073, 1300887518206, vstest.console.dll, AssemblyResolver.OnResolve: Microsoft.Bcl.AsyncInterfaces: Assembly path does not exist: 'C:\Program Files\dotnet\sdk\5.0.403\Extensions\Microsoft.Bcl.AsyncInterfaces.dll', returning.
TpTrace Information: 0 : 15924, 1, 2021/11/17, 11:56:30.073, 1300887519260, vstest.console.dll, AssemblyResolver.OnResolve: Microsoft.Bcl.AsyncInterfaces: Assembly path does not exist: 'C:\Program Files\dotnet\sdk\5.0.403\Extensions\Microsoft.Bcl.AsyncInterfaces.exe', returning.
TpTrace Information: 0 : 15924, 1, 2021/11/17, 11:56:30.073, 1300887519919, vstest.console.dll, AssemblyResolver.OnResolve: Microsoft.Bcl.AsyncInterfaces: Searching in: 'C:\Program Files\dotnet\sdk\5.0.403'.
TpTrace Information: 0 : 15924, 1, 2021/11/17, 11:56:30.073, 1300887520832, vstest.console.dll, AssemblyResolver.OnResolve: Microsoft.Bcl.AsyncInterfaces: Assembly path does not exist: 'C:\Program Files\dotnet\sdk\5.0.403\Microsoft.Bcl.AsyncInterfaces.dll', returning.
TpTrace Information: 0 : 15924, 1, 2021/11/17, 11:56:30.073, 1300887521990, vstest.console.dll, AssemblyResolver.OnResolve: Microsoft.Bcl.AsyncInterfaces: Assembly path does not exist: 'C:\Program Files\dotnet\sdk\5.0.403\Microsoft.Bcl.AsyncInterfaces.exe', returning.
TpTrace Information: 0 : 15924, 1, 2021/11/17, 11:56:30.073, 1300887522914, vstest.console.dll, AssemblyResolver.OnResolve: Microsoft.Bcl.AsyncInterfaces: Failed to load assembly.
TpTrace Verbose: 0 : 15924, 1, 2021/11/17, 11:56:30.073, 1300887523749, vstest.console.dll, CurrentDomainAssemblyResolve: Resolving assembly 'Microsoft.Bcl.AsyncInterfaces'.
TpTrace Information: 0 : 15924, 1, 2021/11/17, 11:56:30.073, 1300887524655, vstest.console.dll, AssemblyResolver.OnResolve: Microsoft.Bcl.AsyncInterfaces: Resolving assembly.
TpTrace Information: 0 : 15924, 1, 2021/11/17, 11:56:30.073, 1300887525105, vstest.console.dll, AssemblyResolver.OnResolve: Microsoft.Bcl.AsyncInterfaces: Resolved from cache.
TpTrace Verbose: 0 : 15924, 1, 2021/11/17, 11:56:30.073, 1300887525413, vstest.console.dll, CurrentDomainAssemblyResolve: Resolving assembly 'Microsoft.Bcl.AsyncInterfaces'.
TpTrace Verbose: 0 : 15924, 1, 2021/11/17, 11:56:30.073, 1300887526067, vstest.console.dll, CurrentDomainAssemblyResolve: Failed to resolve assembly 'Microsoft.Bcl.AsyncInterfaces'.
TpTrace Verbose: 0 : 15924, 1, 2021/11/17, 11:56:30.075, 1300887541191, vstest.console.dll, CurrentDomainAssemblyResolve: Failed to resolve assembly 'Microsoft.Bcl.AsyncInterfaces'.
TpTrace Warning: 0 : 15924, 1, 2021/11/17, 11:56:30.091, 1300887703742, vstest.console.dll, TestPluginDiscoverer: Failed to get types from assembly 'Microsoft.Diagnostics.NETCore.Client, Version=0.2.2.41902, Culture=neutral, PublicKeyToken=31bf3856ad364e35'.  Skipping test extension scan for this assembly.  Error: System.Reflection.ReflectionTypeLoadException: Unable to load one or more of the requested types.
Could not load file or assembly 'Microsoft.Bcl.AsyncInterfaces, Version=1.0.0.0, Culture=neutral, PublicKeyToken=cc7b13ffcd2ddd51'. The system cannot find the file specified.
   at System.Reflection.RuntimeModule.GetTypes(RuntimeModule module)
   at System.Reflection.RuntimeModule.GetTypes()
   at System.Reflection.Assembly.GetTypes()
   at Microsoft.VisualStudio.TestPlatform.Common.ExtensionFramework.TestPluginDiscoverer.GetTestExtensionsFromAssembly[TPluginInfo,TExtension](Assembly assembly, Dictionary`2 pluginInfos)
System.IO.FileNotFoundException: Could not load file or assembly 'Microsoft.Bcl.AsyncInterfaces, Version=1.0.0.0, Culture=neutral, PublicKeyToken=cc7b13ffcd2ddd51'. The system cannot find the file specified.
File name: 'Microsoft.Bcl.AsyncInterfaces, Version=1.0.0.0, Culture=neutral, PublicKeyToken=cc7b13ffcd2ddd51'
TpTrace Warning: 0 : 15924, 1, 2021/11/17, 11:56:30.091, 1300887704810, vstest.console.dll, LoaderExceptions: System.IO.FileNotFoundException: Could not load file or assembly 'Microsoft.Bcl.AsyncInterfaces, Version=1.0.0.0, Culture=neutral, PublicKeyToken=cc7b13ffcd2ddd51'. The system cannot find the file specified.
File name: 'Microsoft.Bcl.AsyncInterfaces, Version=1.0.0.0, Culture=neutral, PublicKeyToken=cc7b13ffcd2ddd51'
TpTrace Information: 0 : 15924, 1, 2021/11/17, 11:56:30.091, 1300887705911, vstest.console.dll, AssemblyResolver.OnResolve: Microsoft.TestPlatform.Extensions.BlameDataCollector: Resolving assembly.
TpTrace Information: 0 : 15924, 1, 2021/11/17, 11:56:30.091, 1300887706324, vstest.console.dll, AssemblyResolver.OnResolve: Microsoft.TestPlatform.Extensions.BlameDataCollector: Searching in: 'C:\Program Files\dotnet\sdk\5.0.403\Extensions'.
TpTrace Information: 0 : 15924, 1, 2021/11/17, 11:56:30.092, 1300887710621, vstest.console.dll, AssemblyResolver.OnResolve: Microsoft.TestPlatform.Extensions.BlameDataCollector: Loading assembly 'C:\Program Files\dotnet\sdk\5.0.403\Extensions\Microsoft.TestPlatform.Extensions.BlameDataCollector.dll'.
TpTrace Information: 0 : 15924, 1, 2021/11/17, 11:56:30.093, 1300887720049, vstest.console.dll, AssemblyResolver.OnResolve: Resolved assembly: Microsoft.TestPlatform.Extensions.BlameDataCollector, from path: C:\Program Files\dotnet\sdk\5.0.403\Extensions\Microsoft.TestPlatform.Extensions.BlameDataCollector.dll
TpTrace Information: 0 : 15924, 1, 2021/11/17, 11:56:30.094, 1300887729157, vstest.console.dll, AssemblyResolver.OnResolve: Microsoft.TestPlatform.Extensions.EventLogCollector: Resolving assembly.
TpTrace Information: 0 : 15924, 1, 2021/11/17, 11:56:30.094, 1300887730442, vstest.console.dll, AssemblyResolver.OnResolve: Microsoft.TestPlatform.Extensions.EventLogCollector: Searching in: 'C:\Program Files\dotnet\sdk\5.0.403\Extensions'.
TpTrace Information: 0 : 15924, 1, 2021/11/17, 11:56:30.094, 1300887735585, vstest.console.dll, AssemblyResolver.OnResolve: Microsoft.TestPlatform.Extensions.EventLogCollector: Loading assembly 'C:\Program Files\dotnet\sdk\5.0.403\Extensions\Microsoft.TestPlatform.Extensions.EventLogCollector.dll'.
TpTrace Information: 0 : 15924, 1, 2021/11/17, 11:56:30.095, 1300887743669, vstest.console.dll, AssemblyResolver.OnResolve: Resolved assembly: Microsoft.TestPlatform.Extensions.EventLogCollector, from path: C:\Program Files\dotnet\sdk\5.0.403\Extensions\Microsoft.TestPlatform.Extensions.EventLogCollector.dll
TpTrace Information: 0 : 15924, 1, 2021/11/17, 11:56:30.098, 1300887773476, vstest.console.dll, AssemblyResolver.OnResolve: Microsoft.TestPlatform.TestHostRuntimeProvider: Resolving assembly.
TpTrace Information: 0 : 15924, 1, 2021/11/17, 11:56:30.098, 1300887774290, vstest.console.dll, AssemblyResolver.OnResolve: Microsoft.TestPlatform.TestHostRuntimeProvider: Searching in: 'C:\Program Files\dotnet\sdk\5.0.403\Extensions'.
TpTrace Information: 0 : 15924, 1, 2021/11/17, 11:56:30.099, 1300887777947, vstest.console.dll, AssemblyResolver.OnResolve: Microsoft.TestPlatform.TestHostRuntimeProvider: Loading assembly 'C:\Program Files\dotnet\sdk\5.0.403\Extensions\Microsoft.TestPlatform.TestHostRuntimeProvider.dll'.
TpTrace Information: 0 : 15924, 1, 2021/11/17, 11:56:30.099, 1300887786329, vstest.console.dll, AssemblyResolver.OnResolve: Resolved assembly: Microsoft.TestPlatform.TestHostRuntimeProvider, from path: C:\Program Files\dotnet\sdk\5.0.403\Extensions\Microsoft.TestPlatform.TestHostRuntimeProvider.dll
TpTrace Information: 0 : 15924, 1, 2021/11/17, 11:56:30.101, 1300887797328, vstest.console.dll, AssemblyResolver.OnResolve: Microsoft.VisualStudio.TestPlatform.Extensions.Html.TestLogger: Resolving assembly.
TpTrace Information: 0 : 15924, 1, 2021/11/17, 11:56:30.101, 1300887797980, vstest.console.dll, AssemblyResolver.OnResolve: Microsoft.VisualStudio.TestPlatform.Extensions.Html.TestLogger: Searching in: 'C:\Program Files\dotnet\sdk\5.0.403\Extensions'.
TpTrace Information: 0 : 15924, 1, 2021/11/17, 11:56:30.101, 1300887801836, vstest.console.dll, AssemblyResolver.OnResolve: Microsoft.VisualStudio.TestPlatform.Extensions.Html.TestLogger: Loading assembly 'C:\Program Files\dotnet\sdk\5.0.403\Extensions\Microsoft.VisualStudio.TestPlatform.Extensions.Html.TestLogger.dll'.
TpTrace Information: 0 : 15924, 1, 2021/11/17, 11:56:30.102, 1300887810795, vstest.console.dll, AssemblyResolver.OnResolve: Resolved assembly: Microsoft.VisualStudio.TestPlatform.Extensions.Html.TestLogger, from path: C:\Program Files\dotnet\sdk\5.0.403\Extensions\Microsoft.VisualStudio.TestPlatform.Extensions.Html.TestLogger.dll
TpTrace Information: 0 : 15924, 1, 2021/11/17, 11:56:30.102, 1300887813714, vstest.console.dll, AssemblyResolver.OnResolve: Microsoft.VisualStudio.TestPlatform.Extensions.Trx.TestLogger: Resolving assembly.
TpTrace Information: 0 : 15924, 1, 2021/11/17, 11:56:30.102, 1300887814285, vstest.console.dll, AssemblyResolver.OnResolve: Microsoft.VisualStudio.TestPlatform.Extensions.Trx.TestLogger: Searching in: 'C:\Program Files\dotnet\sdk\5.0.403\Extensions'.
TpTrace Information: 0 : 15924, 1, 2021/11/17, 11:56:30.103, 1300887818698, vstest.console.dll, AssemblyResolver.OnResolve: Microsoft.VisualStudio.TestPlatform.Extensions.Trx.TestLogger: Loading assembly 'C:\Program Files\dotnet\sdk\5.0.403\Extensions\Microsoft.VisualStudio.TestPlatform.Extensions.Trx.TestLogger.dll'.
TpTrace Information: 0 : 15924, 1, 2021/11/17, 11:56:30.104, 1300887828384, vstest.console.dll, AssemblyResolver.OnResolve: Resolved assembly: Microsoft.VisualStudio.TestPlatform.Extensions.Trx.TestLogger, from path: C:\Program Files\dotnet\sdk\5.0.403\Extensions\Microsoft.VisualStudio.TestPlatform.Extensions.Trx.TestLogger.dll
TpTrace Verbose: 0 : 15924, 1, 2021/11/17, 11:56:30.104, 1300887833602, vstest.console.dll, TestPluginCache: Discovered the extensions using extension path ''.
TpTrace Verbose: 0 : 15924, 1, 2021/11/17, 11:56:30.104, 1300887834169, vstest.console.dll, TestPluginCache: Discoverers are ''.
TpTrace Verbose: 0 : 15924, 1, 2021/11/17, 11:56:30.104, 1300887834489, vstest.console.dll, TestPluginCache: Executors are ''.
TpTrace Verbose: 0 : 15924, 1, 2021/11/17, 11:56:30.104, 1300887834771, vstest.console.dll, TestPluginCache: Executors2 are ''.
TpTrace Verbose: 0 : 15924, 1, 2021/11/17, 11:56:30.104, 1300887835048, vstest.console.dll, TestPluginCache: Setting providers are ''.
TpTrace Verbose: 0 : 15924, 1, 2021/11/17, 11:56:30.104, 1300887835408, vstest.console.dll, TestPluginCache: Loggers are ''.
TpTrace Information: 0 : 15924, 1, 2021/11/17, 11:56:30.111, 1300887900562, vstest.console.dll, RunTestsArgumentProcessor:Execute: Test run is starting.
TpTrace Verbose: 0 : 15924, 1, 2021/11/17, 11:56:30.111, 1300887901488, vstest.console.dll, RunTestsArgumentProcessor:Execute: Queuing Test run.
TpTrace Information: 0 : 15924, 1, 2021/11/17, 11:56:30.111, 1300887903183, vstest.console.dll, TestRequestManager.RunTests: run tests started.
TpTrace Information: 0 : 15924, 1, 2021/11/17, 11:56:30.119, 1300887978248, vstest.console.dll, AssemblyMetadataProvider.GetFrameWork: Determined framework:'.NETCoreApp,Version=v3.1' for source: 'C:\Users\roshini.lakshmanan\source\repos\Del\ToDo\ToDoAPI\ToDoList.Infrastructure.UnitTests\bin\Debug\netcoreapp3.1\fine-code-coverage\build-output\ToDoList.Infrastructure.UnitTests.dll'
TpTrace Information: 0 : 15924, 1, 2021/11/17, 11:56:30.119, 1300887980065, vstest.console.dll, Determined framework for all sources: .NETCoreApp,Version=v3.1
TpTrace Information: 0 : 15924, 1, 2021/11/17, 11:56:30.119, 1300887986490, vstest.console.dll, AssemblyMetadataProvider.GetArchitecture: Determined architecture:AnyCPU info for assembly: C:\Users\roshini.lakshmanan\source\repos\Del\ToDo\ToDoAPI\ToDoList.Infrastructure.UnitTests\bin\Debug\netcoreapp3.1\fine-code-coverage\build-output\ToDoList.Infrastructure.UnitTests.dll
TpTrace Information: 0 : 15924, 1, 2021/11/17, 11:56:30.121, 1300888003040, vstest.console.dll, Determined platform for all sources: X64
TpTrace Information: 0 : 15924, 1, 2021/11/17, 11:56:30.124, 1300888027832, vstest.console.dll, Compatible sources list : 
TpTrace Information: 0 : 15924, 1, 2021/11/17, 11:56:30.124, 1300888028862, vstest.console.dll, C:\Users\roshini.lakshmanan\source\repos\Del\ToDo\ToDoAPI\ToDoList.Infrastructure.UnitTests\bin\Debug\netcoreapp3.1\fine-code-coverage\build-output\ToDoList.Infrastructure.UnitTests.dll
TpTrace Information: 0 : 15924, 1, 2021/11/17, 11:56:30.126, 1300888050767, vstest.console.dll, InferRunSettingsHelper.IsTestSettingsEnabled: Unable to navigate to RunSettings/MSTest. Current node: RunSettings
TpTrace Information: 0 : 15924, 1, 2021/11/17, 11:56:30.126, 1300888056592, vstest.console.dll, AssemblyResolver.OnResolve: Microsoft.VisualStudio.TestPlatform.Fakes: Resolving assembly.
TpTrace Information: 0 : 15924, 1, 2021/11/17, 11:56:30.127, 1300888057237, vstest.console.dll, AssemblyResolver.OnResolve: Microsoft.VisualStudio.TestPlatform.Fakes: Searching in: 'C:\Program Files\dotnet\sdk\5.0.403\Extensions'.
TpTrace Information: 0 : 15924, 1, 2021/11/17, 11:56:30.127, 1300888058315, vstest.console.dll, AssemblyResolver.OnResolve: Microsoft.VisualStudio.TestPlatform.Fakes: Assembly path does not exist: 'C:\Program Files\dotnet\sdk\5.0.403\Extensions\Microsoft.VisualStudio.TestPlatform.Fakes.dll', returning.
TpTrace Information: 0 : 15924, 1, 2021/11/17, 11:56:30.127, 1300888059008, vstest.console.dll, AssemblyResolver.OnResolve: Microsoft.VisualStudio.TestPlatform.Fakes: Assembly path does not exist: 'C:\Program Files\dotnet\sdk\5.0.403\Extensions\Microsoft.VisualStudio.TestPlatform.Fakes.exe', returning.
TpTrace Information: 0 : 15924, 1, 2021/11/17, 11:56:30.127, 1300888059756, vstest.console.dll, AssemblyResolver.OnResolve: Microsoft.VisualStudio.TestPlatform.Fakes: Searching in: 'C:\Program Files\dotnet\sdk\5.0.403'.
TpTrace Information: 0 : 15924, 1, 2021/11/17, 11:56:30.127, 1300888060556, vstest.console.dll, AssemblyResolver.OnResolve: Microsoft.VisualStudio.TestPlatform.Fakes: Assembly path does not exist: 'C:\Program Files\dotnet\sdk\5.0.403\Microsoft.VisualStudio.TestPlatform.Fakes.dll', returning.
TpTrace Information: 0 : 15924, 1, 2021/11/17, 11:56:30.127, 1300888061224, vstest.console.dll, AssemblyResolver.OnResolve: Microsoft.VisualStudio.TestPlatform.Fakes: Assembly path does not exist: 'C:\Program Files\dotnet\sdk\5.0.403\Microsoft.VisualStudio.TestPlatform.Fakes.exe', returning.
TpTrace Information: 0 : 15924, 1, 2021/11/17, 11:56:30.127, 1300888061543, vstest.console.dll, AssemblyResolver.OnResolve: Microsoft.VisualStudio.TestPlatform.Fakes: Failed to load assembly.
TpTrace Information: 0 : 15924, 1, 2021/11/17, 11:56:30.127, 1300888064605, vstest.console.dll, Failed to create newly implemented Fakes Configurator. Reason:System.IO.FileNotFoundException: Could not load file or assembly 'Microsoft.VisualStudio.TestPlatform.Fakes, Version=16.0.0.0, Culture=neutral, PublicKeyToken=null'. The system cannot find the file specified.
File name: 'Microsoft.VisualStudio.TestPlatform.Fakes, Version=16.0.0.0, Culture=neutral, PublicKeyToken=null'
   at System.Reflection.RuntimeAssembly.InternalLoad(ObjectHandleOnStack assemblyName, ObjectHandleOnStack requestingAssembly, StackCrawlMarkHandle stackMark, Boolean throwOnFileNotFound, ObjectHandleOnStack assemblyLoadContext, ObjectHandleOnStack retAssembly)
   at System.Reflection.RuntimeAssembly.InternalLoad(AssemblyName assemblyName, RuntimeAssembly requestingAssembly, StackCrawlMark& stackMark, Boolean throwOnFileNotFound, AssemblyLoadContext assemblyLoadContext)
   at System.Reflection.Assembly.Load(AssemblyName assemblyRef)
   at Microsoft.VisualStudio.TestPlatform.Common.Utilities.FakesUtilities.TryGetFakesCrossPlatformDataCollectorConfigurator() 
TpTrace Verbose: 0 : 15924, 1, 2021/11/17, 11:56:30.131, 1300888100440, vstest.console.dll, TestPluginCache.DiscoverTestExtensions: finding test extensions in assemblies ends with: TestLogger.dll TPluginInfo: Microsoft.VisualStudio.TestPlatform.Common.ExtensionFramework.Utilities.TestLoggerPluginInformation TExtension: Microsoft.VisualStudio.TestPlatform.ObjectModel.Client.ITestLogger
TpTrace Verbose: 0 : 15924, 1, 2021/11/17, 11:56:30.131, 1300888101538, vstest.console.dll, TestPluginCache.GetExtensionPaths: Filtered extension paths: 
TpTrace Verbose: 0 : 15924, 1, 2021/11/17, 11:56:30.131, 1300888102179, vstest.console.dll, TestPluginCache.GetExtensionPaths: Added default extension paths: C:\Program Files\dotnet\sdk\5.0.403\Extensions\Microsoft.Diagnostics.NETCore.Client.dll
C:\Program Files\dotnet\sdk\5.0.403\Extensions\Microsoft.TestPlatform.Extensions.BlameDataCollector.dll
C:\Program Files\dotnet\sdk\5.0.403\Extensions\Microsoft.TestPlatform.Extensions.EventLogCollector.dll
C:\Program Files\dotnet\sdk\5.0.403\Extensions\Microsoft.TestPlatform.TestHostRuntimeProvider.dll
C:\Program Files\dotnet\sdk\5.0.403\Extensions\Microsoft.VisualStudio.TestPlatform.Extensions.Html.TestLogger.dll
C:\Program Files\dotnet\sdk\5.0.403\Extensions\Microsoft.VisualStudio.TestPlatform.Extensions.Trx.TestLogger.dll
TpTrace Verbose: 0 : 15924, 1, 2021/11/17, 11:56:30.131, 1300888102939, vstest.console.dll, TestPluginCache.GetExtensionPaths: Added unfilterableExtensionPaths: 
TpTrace Information: 0 : 15924, 1, 2021/11/17, 11:56:30.131, 1300888105115, vstest.console.dll, AssemblyResolver.AddSearchDirectories: Adding more searchDirectories C:\Program Files\dotnet\sdk\5.0.403\Extensions,C:\Program Files\dotnet\sdk\5.0.403
TpTrace Verbose: 0 : 15924, 1, 2021/11/17, 11:56:30.131, 1300888106241, vstest.console.dll, TestPluginCache.DiscoverTestExtensions: Discovering the extensions using extension path.
TpTrace Verbose: 0 : 15924, 1, 2021/11/17, 11:56:30.131, 1300888106734, vstest.console.dll, TestPluginCache.GetExtensionPaths: Filtered extension paths: 
TpTrace Verbose: 0 : 15924, 1, 2021/11/17, 11:56:30.132, 1300888107196, vstest.console.dll, TestPluginCache.GetExtensionPaths: Added default extension paths: C:\Program Files\dotnet\sdk\5.0.403\Extensions\Microsoft.Diagnostics.NETCore.Client.dll
C:\Program Files\dotnet\sdk\5.0.403\Extensions\Microsoft.TestPlatform.Extensions.BlameDataCollector.dll
C:\Program Files\dotnet\sdk\5.0.403\Extensions\Microsoft.TestPlatform.Extensions.EventLogCollector.dll
C:\Program Files\dotnet\sdk\5.0.403\Extensions\Microsoft.TestPlatform.TestHostRuntimeProvider.dll
C:\Program Files\dotnet\sdk\5.0.403\Extensions\Microsoft.VisualStudio.TestPlatform.Extensions.Html.TestLogger.dll
C:\Program Files\dotnet\sdk\5.0.403\Extensions\Microsoft.VisualStudio.TestPlatform.Extensions.Trx.TestLogger.dll
TpTrace Verbose: 0 : 15924, 1, 2021/11/17, 11:56:30.132, 1300888107505, vstest.console.dll, TestPluginCache.GetExtensionPaths: Added unfilterableExtensionPaths: 
TpTrace Verbose: 0 : 15924, 1, 2021/11/17, 11:56:30.132, 1300888107870, vstest.console.dll, TestPluginCache.DiscoverTestExtensions: Discovering the extensions using allExtensionPaths: C:\Program Files\dotnet\sdk\5.0.403\Extensions\Microsoft.Diagnostics.NETCore.Client.dll
C:\Program Files\dotnet\sdk\5.0.403\Extensions\Microsoft.TestPlatform.Extensions.BlameDataCollector.dll
C:\Program Files\dotnet\sdk\5.0.403\Extensions\Microsoft.TestPlatform.Extensions.EventLogCollector.dll
C:\Program Files\dotnet\sdk\5.0.403\Extensions\Microsoft.TestPlatform.TestHostRuntimeProvider.dll
C:\Program Files\dotnet\sdk\5.0.403\Extensions\Microsoft.VisualStudio.TestPlatform.Extensions.Html.TestLogger.dll
C:\Program Files\dotnet\sdk\5.0.403\Extensions\Microsoft.VisualStudio.TestPlatform.Extensions.Trx.TestLogger.dll
TpTrace Information: 0 : 15924, 1, 2021/11/17, 11:56:30.132, 1300888108373, vstest.console.dll, AssemblyResolver.AddSearchDirectories: Adding more searchDirectories C:\Program Files\dotnet\sdk\5.0.403\Extensions,C:\Program Files\dotnet\sdk\5.0.403
TpTrace Information: 0 : 15924, 1, 2021/11/17, 11:56:30.132, 1300888108710, vstest.console.dll, AssemblyResolver.AddSearchDirectories: Adding more searchDirectories C:\Program Files\dotnet\sdk\5.0.403\Extensions,C:\Program Files\dotnet\sdk\5.0.403
TpTrace Information: 0 : 15924, 1, 2021/11/17, 11:56:30.132, 1300888109008, vstest.console.dll, AssemblyResolver.AddSearchDirectories: Adding more searchDirectories C:\Program Files\dotnet\sdk\5.0.403\Extensions,C:\Program Files\dotnet\sdk\5.0.403
TpTrace Information: 0 : 15924, 1, 2021/11/17, 11:56:30.132, 1300888109303, vstest.console.dll, AssemblyResolver.AddSearchDirectories: Adding more searchDirectories C:\Program Files\dotnet\sdk\5.0.403\Extensions,C:\Program Files\dotnet\sdk\5.0.403
TpTrace Information: 0 : 15924, 1, 2021/11/17, 11:56:30.132, 1300888109654, vstest.console.dll, AssemblyResolver.AddSearchDirectories: Adding more searchDirectories C:\Program Files\dotnet\sdk\5.0.403\Extensions,C:\Program Files\dotnet\sdk\5.0.403
TpTrace Information: 0 : 15924, 1, 2021/11/17, 11:56:30.132, 1300888109969, vstest.console.dll, AssemblyResolver.AddSearchDirectories: Adding more searchDirectories C:\Program Files\dotnet\sdk\5.0.403\Extensions,C:\Program Files\dotnet\sdk\5.0.403
TpTrace Information: 0 : 15924, 1, 2021/11/17, 11:56:30.132, 1300888112527, vstest.console.dll, AssemblyResolver.OnResolve: Microsoft.Bcl.AsyncInterfaces: Resolving assembly.
TpTrace Information: 0 : 15924, 1, 2021/11/17, 11:56:30.132, 1300888113063, vstest.console.dll, AssemblyResolver.OnResolve: Microsoft.Bcl.AsyncInterfaces: Resolved from cache.
TpTrace Verbose: 0 : 15924, 1, 2021/11/17, 11:56:30.132, 1300888113389, vstest.console.dll, CurrentDomainAssemblyResolve: Resolving assembly 'Microsoft.Bcl.AsyncInterfaces'.
TpTrace Information: 0 : 15924, 1, 2021/11/17, 11:56:30.132, 1300888114337, vstest.console.dll, AssemblyResolver.OnResolve: Microsoft.Bcl.AsyncInterfaces: Resolving assembly.
TpTrace Information: 0 : 15924, 1, 2021/11/17, 11:56:30.132, 1300888114707, vstest.console.dll, AssemblyResolver.OnResolve: Microsoft.Bcl.AsyncInterfaces: Resolved from cache.
TpTrace Verbose: 0 : 15924, 1, 2021/11/17, 11:56:30.132, 1300888115018, vstest.console.dll, CurrentDomainAssemblyResolve: Resolving assembly 'Microsoft.Bcl.AsyncInterfaces'.
TpTrace Verbose: 0 : 15924, 1, 2021/11/17, 11:56:30.132, 1300888115293, vstest.console.dll, CurrentDomainAssemblyResolve: Failed to resolve assembly 'Microsoft.Bcl.AsyncInterfaces'.
TpTrace Verbose: 0 : 15924, 1, 2021/11/17, 11:56:30.132, 1300888116775, vstest.console.dll, CurrentDomainAssemblyResolve: Failed to resolve assembly 'Microsoft.Bcl.AsyncInterfaces'.
TpTrace Warning: 0 : 15924, 1, 2021/11/17, 11:56:30.133, 1300888119087, vstest.console.dll, TestPluginDiscoverer: Failed to get types from assembly 'Microsoft.Diagnostics.NETCore.Client, Version=0.2.2.41902, Culture=neutral, PublicKeyToken=31bf3856ad364e35'.  Skipping test extension scan for this assembly.  Error: System.Reflection.ReflectionTypeLoadException: Unable to load one or more of the requested types.
Could not load file or assembly 'Microsoft.Bcl.AsyncInterfaces, Version=1.0.0.0, Culture=neutral, PublicKeyToken=cc7b13ffcd2ddd51'. The system cannot find the file specified.
   at System.Reflection.RuntimeModule.GetTypes(RuntimeModule module)
   at System.Reflection.RuntimeModule.GetTypes()
   at System.Reflection.Assembly.GetTypes()
   at Microsoft.VisualStudio.TestPlatform.Common.ExtensionFramework.TestPluginDiscoverer.GetTestExtensionsFromAssembly[TPluginInfo,TExtension](Assembly assembly, Dictionary`2 pluginInfos)
System.IO.FileNotFoundException: Could not load file or assembly 'Microsoft.Bcl.AsyncInterfaces, Version=1.0.0.0, Culture=neutral, PublicKeyToken=cc7b13ffcd2ddd51'. The system cannot find the file specified.
File name: 'Microsoft.Bcl.AsyncInterfaces, Version=1.0.0.0, Culture=neutral, PublicKeyToken=cc7b13ffcd2ddd51'
TpTrace Warning: 0 : 15924, 1, 2021/11/17, 11:56:30.133, 1300888119584, vstest.console.dll, LoaderExceptions: System.IO.FileNotFoundException: Could not load file or assembly 'Microsoft.Bcl.AsyncInterfaces, Version=1.0.0.0, Culture=neutral, PublicKeyToken=cc7b13ffcd2ddd51'. The system cannot find the file specified.
File name: 'Microsoft.Bcl.AsyncInterfaces, Version=1.0.0.0, Culture=neutral, PublicKeyToken=cc7b13ffcd2ddd51'
TpTrace Verbose: 0 : 15924, 1, 2021/11/17, 11:56:30.133, 1300888122769, vstest.console.dll, TestPluginCache: Discovered the extensions using extension path ''.
TpTrace Verbose: 0 : 15924, 1, 2021/11/17, 11:56:30.133, 1300888123186, vstest.console.dll, TestPluginCache: Discoverers are ''.
TpTrace Verbose: 0 : 15924, 1, 2021/11/17, 11:56:30.133, 1300888123454, vstest.console.dll, TestPluginCache: Executors are ''.
TpTrace Verbose: 0 : 15924, 1, 2021/11/17, 11:56:30.133, 1300888123757, vstest.console.dll, TestPluginCache: Executors2 are ''.
TpTrace Verbose: 0 : 15924, 1, 2021/11/17, 11:56:30.133, 1300888124006, vstest.console.dll, TestPluginCache: Setting providers are ''.
TpTrace Verbose: 0 : 15924, 1, 2021/11/17, 11:56:30.133, 1300888124643, vstest.console.dll, TestPluginCache: Loggers are 'logger://Microsoft/TestPlatform/Extensions/Blame/v1,logger://Microsoft/TestPlatform/HtmlLogger/v1,logger://Microsoft/TestPlatform/TrxLogger/v1'.
TpTrace Information: 0 : 15924, 1, 2021/11/17, 11:56:30.134, 1300888130342, vstest.console.dll, TestPluginManager.CreateTestExtension: Attempting to load test extension: Microsoft.TestPlatform.Extensions.BlameDataCollector.BlameLogger
TpTrace Information: 0 : 15924, 1, 2021/11/17, 11:56:30.143, 1300888224841, vstest.console.dll, TestPluginManager.CreateTestExtension: Attempting to load test extension: Microsoft.VisualStudio.TestPlatform.CrossPlatEngine.Hosting.DefaultTestHostManager
TpTrace Information: 0 : 15924, 1, 2021/11/17, 11:56:30.144, 1300888227431, vstest.console.dll, TestPluginManager.CreateTestExtension: Attempting to load test extension: Microsoft.VisualStudio.TestPlatform.CrossPlatEngine.Hosting.DotnetTestHostManager
TpTrace Verbose: 0 : 15924, 1, 2021/11/17, 11:56:30.144, 1300888231762, vstest.console.dll, TestEngine: Initializing Parallel Execution as MaxCpuCount is set to: 1
TpTrace Information: 0 : 15924, 1, 2021/11/17, 11:56:30.144, 1300888235798, vstest.console.dll, InferRunSettingsHelper.IsTestSettingsEnabled: Unable to navigate to RunSettings/MSTest. Current node: RunSettings
TpTrace Verbose: 0 : 15924, 1, 2021/11/17, 11:56:30.158, 1300888376271, vstest.console.dll, TestRequestSender is acting as server
TpTrace Verbose: 0 : 15924, 4, 2021/11/17, 11:56:30.163, 1300888421758, vstest.console.dll, DataCollectionRequestSender.InitializeCommunication : Initialize communication. 
TpTrace Information: 0 : 15924, 4, 2021/11/17, 11:56:30.180, 1300888596301, vstest.console.dll, Listening on Endpoint : 127.0.0.1:63765
TpTrace Verbose: 0 : 15924, 4, 2021/11/17, 11:56:30.193, 1300888726196, vstest.console.dll, DotnetDataCollectionLauncher: Full path of dotnet.exe is C:\Program Files\dotnet\dotnet.exe
TpTrace Verbose: 0 : 15924, 4, 2021/11/17, 11:56:30.194, 1300888728127, vstest.console.dll, DotnetDataCollectionLauncher: Adding  --runtimeconfig "C:\Program Files\dotnet\sdk\5.0.403\datacollector.runtimeconfig.json" in args
TpTrace Verbose: 0 : 15924, 4, 2021/11/17, 11:56:30.194, 1300888729114, vstest.console.dll, DotnetDataCollectionLauncher: Adding  --depsfile "C:\Program Files\dotnet\sdk\5.0.403\datacollector.deps.json" in args
TpTrace Information: 0 : 15924, 4, 2021/11/17, 11:56:30.205, 1300888845568, vstest.console.dll, ProxyDataCollectionManager.Initialize: Launched datacollector processId: 7704 port: 63765
TpTrace Information: 0 : 15924, 4, 2021/11/17, 11:56:30.205, 1300888847056, vstest.console.dll, ProxyDataCollectionManager.Initialize: waiting for connection with timeout: 90 seconds
TpTrace Verbose: 0 : 15924, 4, 2021/11/17, 11:56:30.206, 1300888847623, vstest.console.dll, DataCollectionRequestSender.WaitForRequestHandlerConnection : Waiting for connection with timeout: 90000
TpTrace Information: 0 : 15924, 7, 2021/11/17, 11:56:31.425, 1300901045807, vstest.console.dll, Using the buffer size of 16384 bytes
TpTrace Information: 0 : 15924, 7, 2021/11/17, 11:56:31.426, 1300901047331, vstest.console.dll, Accepted Client request and set the flag
TpTrace Verbose: 0 : 15924, 4, 2021/11/17, 11:56:31.425, 1300901046746, vstest.console.dll, ProxyDataCollectionManager.InvokeDataCollectionServiceAction: Starting.
TpTrace Information: 0 : 15924, 4, 2021/11/17, 11:56:31.426, 1300901049388, vstest.console.dll, ProxyDataCollectionManager.BeforeTestRunStart: Get environment variable and port for datacollector processId: 7704 port: 63765
TpTrace Verbose: 0 : 15924, 4, 2021/11/17, 11:56:31.426, 1300901050770, vstest.console.dll, DataCollectionRequestSender.SendBeforeTestRunStartAndGetResult : Send BeforeTestRunStart message with settingsXml <RunSettings><RunConfiguration><ResultsDirectory>C:\Users\roshini.lakshmanan\source\repos\Del\ToDo\ToDoAPI\ToDoList.Infrastructure.UnitTests\bin\Debug\netcoreapp3.1\fine-code-coverage\coverage-tool-output</ResultsDirectory><TargetPlatform>X64</TargetPlatform><TargetFrameworkVersion>.NETCoreApp,Version=v3.1</TargetFrameworkVersion><DesignMode>False</DesignMode><CollectSourceInformation>False</CollectSourceInformation><TestAdaptersPaths>C:\Program Files\dotnet\sdk\5.0.403\Extensions</TestAdaptersPaths></RunConfiguration><LoggerRunSettings><Loggers><Logger friendlyName="blame" enabled="True" /><Logger friendlyName="Console" uri="logger://microsoft/TestPlatform/ConsoleLogger/v1" assemblyQualifiedName="Microsoft.VisualStudio.TestPlatform.CommandLine.Internal.ConsoleLogger, vstest.console, Version=15.0.0.0, Culture=neutral, PublicKeyToken=b03f5f7f11d50a3a" codeBase="C:\Program Files\dotnet\sdk\5.0.403\vstest.console.dll" enabled="True" /></Loggers></LoggerRunSettings><DataCollectionRunSettings><DataCollectors><DataCollector friendlyName="blame" enabled="True"><Configuration><ResultsDirectory>C:\Users\roshini.lakshmanan\source\repos\Del\ToDo\ToDoAPI\ToDoList.Infrastructure.UnitTests\bin\Debug\netcoreapp3.1\fine-code-coverage\coverage-tool-output</ResultsDirectory></Configuration></DataCollector></DataCollectors></DataCollectionRunSettings></RunSettings> and sources System.Linq.Enumerable+Concat2Iterator`1[System.String]: 
TpTrace Verbose: 0 : 15924, 4, 2021/11/17, 11:56:31.501, 1300901801308, vstest.console.dll, DataCollectionRequestSender.SendBeforeTestRunStartAndGetResult : Received message: (DataCollection.SendMessage) -> {
  "FriendlyName": null,
  "Uri": null,
  "TestCaseId": "00000000-0000-0000-0000-000000000000",
  "Message": "Logging DataCollector Diagnostics in file: C:\\Users\\roshini.lakshmanan\\source\\repos\\Del\\ToDo\\ToDoAPI\\ToDoList.Infrastructure.UnitTests\\bin\\Debug\\netcoreapp3.1\\fine-code-coverage\\coverage-tool-output\\diagnostics.datacollector.21-11-17_11-56-30_18722_4.log",
  "Level": 0
}
TpTrace Verbose: 0 : 15924, 4, 2021/11/17, 11:56:31.565, 1300902446209, vstest.console.dll, DataCollectionRequestSender.SendBeforeTestRunStartAndGetResult : Received message: (DataCollection.BeforeTestRunStartResult) -> {
  "EnvironmentVariables": {},
  "DataCollectionEventsPort": 63767
}
TpTrace Information: 0 : 15924, 4, 2021/11/17, 11:56:31.569, 1300902477781, vstest.console.dll, ProxyDataCollectionManager.BeforeTestRunStart: SendBeforeTestRunStartAndGetResult successful, env variable from datacollector:   and testhost port: 63767
TpTrace Information: 0 : 15924, 4, 2021/11/17, 11:56:31.569, 1300902478680, vstest.console.dll, ProxyDataCollectionManager.InvokeDataCollectionServiceAction: Completed.
TpTrace Verbose: 0 : 15924, 1, 2021/11/17, 11:56:31.569, 1300902480011, vstest.console.dll, TestRunRequest.ExecuteAsync: Creating test run request.
TpTrace Verbose: 0 : 15924, 1, 2021/11/17, 11:56:31.569, 1300902482681, vstest.console.dll, TestRunRequest.ExecuteAsync: Starting.
TpTrace Information: 0 : 15924, 1, 2021/11/17, 11:56:31.569, 1300902485850, vstest.console.dll, TestRunRequest.ExecuteAsync: Starting run with settings:TestRunCriteria:
   KeepAlive=False,FrequencyOfRunStatsChangeEvent=10,RunStatsChangeEventTimeout=00:00:01.5000000,TestCaseFilter=,TestExecutorLauncher=
   Settingsxml=<RunSettings>
  <RunConfiguration>
    <ResultsDirectory>C:\Users\roshini.lakshmanan\source\repos\Del\ToDo\ToDoAPI\ToDoList.Infrastructure.UnitTests\bin\Debug\netcoreapp3.1\fine-code-coverage\coverage-tool-output</ResultsDirectory>
    <TargetPlatform>X64</TargetPlatform>
    <TargetFrameworkVersion>.NETCoreApp,Version=v3.1</TargetFrameworkVersion>
    <DesignMode>False</DesignMode>
    <CollectSourceInformation>False</CollectSourceInformation>
  </RunConfiguration>
  <LoggerRunSettings>
    <Loggers>
      <Logger friendlyName="blame" enabled="True" />
      <Logger friendlyName="Console" uri="logger://microsoft/TestPlatform/ConsoleLogger/v1" assemblyQualifiedName="Microsoft.VisualStudio.TestPlatform.CommandLine.Internal.ConsoleLogger, vstest.console, Version=15.0.0.0, Culture=neutral, PublicKeyToken=b03f5f7f11d50a3a" codeBase="C:\Program Files\dotnet\sdk\5.0.403\vstest.console.dll" enabled="True" />
    </Loggers>
  </LoggerRunSettings>
  <DataCollectionRunSettings>
    <DataCollectors>
      <DataCollector friendlyName="blame" enabled="True">
        <Configuration>
          <ResultsDirectory>C:\Users\roshini.lakshmanan\source\repos\Del\ToDo\ToDoAPI\ToDoList.Infrastructure.UnitTests\bin\Debug\netcoreapp3.1\fine-code-coverage\coverage-tool-output</ResultsDirectory>
        </Configuration>
      </DataCollector>
    </DataCollectors>
  </DataCollectionRunSettings>
</RunSettings>

TpTrace Verbose: 0 : 15924, 1, 2021/11/17, 11:56:31.569, 1300902486413, vstest.console.dll, TestRunRequest.ExecuteAsync: Wait for the first run request is over.
TpTrace Verbose: 0 : 15924, 1, 2021/11/17, 11:56:31.570, 1300902489667, vstest.console.dll, ParallelProxyExecutionManager: Start execution. Total sources: 1
TpTrace Information: 0 : 15924, 1, 2021/11/17, 11:56:31.570, 1300902496182, vstest.console.dll, ProxyParallelExecutionManager: Triggering test run for next source: C:\Users\roshini.lakshmanan\source\repos\Del\ToDo\ToDoAPI\ToDoList.Infrastructure.UnitTests\bin\Debug\netcoreapp3.1\fine-code-coverage\build-output\ToDoList.Infrastructure.UnitTests.dll
TpTrace Verbose: 0 : 15924, 10, 2021/11/17, 11:56:31.571, 1300902497880, vstest.console.dll, ParallelProxyExecutionManager: Execution started. Started clients: 1
TpTrace Verbose: 0 : 15924, 1, 2021/11/17, 11:56:31.571, 1300902498035, vstest.console.dll, ProxyParallelExecutionManager: No sources available for execution.
TpTrace Information: 0 : 15924, 1, 2021/11/17, 11:56:31.571, 1300902499482, vstest.console.dll, TestRunRequest.ExecuteAsync: Started.
TpTrace Verbose: 0 : 15924, 1, 2021/11/17, 11:56:31.571, 1300902500214, vstest.console.dll, TestRunRequest.WaitForCompletion: Waiting with timeout -1.
TpTrace Verbose: 0 : 15924, 10, 2021/11/17, 11:56:31.571, 1300902500709, vstest.console.dll, TestRunRequest:SendTestRunMessage: Starting.
TpTrace Information: 0 : 15924, 10, 2021/11/17, 11:56:31.571, 1300902501603, vstest.console.dll, TestRunRequest:SendTestRunMessage: Completed.
TpTrace Verbose: 0 : 15924, 10, 2021/11/17, 11:56:31.571, 1300902503236, vstest.console.dll, ProxyExecutionManager: Test host is always Lazy initialize.
TpTrace Verbose: 0 : 15924, 10, 2021/11/17, 11:56:31.571, 1300902505030, vstest.console.dll, TestRequestSender.InitializeCommunication: initialize communication. 
TpTrace Information: 0 : 15924, 10, 2021/11/17, 11:56:31.572, 1300902509029, vstest.console.dll, SocketServer.Start: Listening on endpoint : 127.0.0.1:63769
TpTrace Verbose: 0 : 15924, 10, 2021/11/17, 11:56:31.572, 1300902516125, vstest.console.dll, DotnetTestHostmanager: Adding  --runtimeconfig "C:\Users\roshini.lakshmanan\source\repos\Del\ToDo\ToDoAPI\ToDoList.Infrastructure.UnitTests\bin\Debug\netcoreapp3.1\fine-code-coverage\build-output\ToDoList.Infrastructure.UnitTests.runtimeconfig.json" in args
TpTrace Verbose: 0 : 15924, 10, 2021/11/17, 11:56:31.573, 1300902517925, vstest.console.dll, DotnetTestHostmanager: Adding  --depsfile "C:\Users\roshini.lakshmanan\source\repos\Del\ToDo\ToDoAPI\ToDoList.Infrastructure.UnitTests\bin\Debug\netcoreapp3.1\fine-code-coverage\build-output\ToDoList.Infrastructure.UnitTests.deps.json" in args
TpTrace Information: 0 : 15924, 10, 2021/11/17, 11:56:31.573, 1300902521731, vstest.console.dll, AssemblyResolver.OnResolve: Microsoft.Extensions.DependencyModel: Resolving assembly.
TpTrace Information: 0 : 15924, 10, 2021/11/17, 11:56:31.573, 1300902522252, vstest.console.dll, AssemblyResolver.OnResolve: Microsoft.Extensions.DependencyModel: Searching in: 'C:\Program Files\dotnet\sdk\5.0.403\Extensions'.
TpTrace Information: 0 : 15924, 10, 2021/11/17, 11:56:31.573, 1300902523089, vstest.console.dll, AssemblyResolver.OnResolve: Microsoft.Extensions.DependencyModel: Assembly path does not exist: 'C:\Program Files\dotnet\sdk\5.0.403\Extensions\Microsoft.Extensions.DependencyModel.dll', returning.
TpTrace Information: 0 : 15924, 10, 2021/11/17, 11:56:31.573, 1300902523805, vstest.console.dll, AssemblyResolver.OnResolve: Microsoft.Extensions.DependencyModel: Assembly path does not exist: 'C:\Program Files\dotnet\sdk\5.0.403\Extensions\Microsoft.Extensions.DependencyModel.exe', returning.
TpTrace Information: 0 : 15924, 10, 2021/11/17, 11:56:31.573, 1300902524211, vstest.console.dll, AssemblyResolver.OnResolve: Microsoft.Extensions.DependencyModel: Searching in: 'C:\Program Files\dotnet\sdk\5.0.403'.
TpTrace Information: 0 : 15924, 10, 2021/11/17, 11:56:31.574, 1300902528212, vstest.console.dll, AssemblyResolver.OnResolve: Microsoft.Extensions.DependencyModel: Loading assembly 'C:\Program Files\dotnet\sdk\5.0.403\Microsoft.Extensions.DependencyModel.dll'.
TpTrace Information: 0 : 15924, 10, 2021/11/17, 11:56:31.574, 1300902536609, vstest.console.dll, AssemblyResolver.OnResolve: Resolved assembly: Microsoft.Extensions.DependencyModel, from path: C:\Program Files\dotnet\sdk\5.0.403\Microsoft.Extensions.DependencyModel.dll
TpTrace Verbose: 0 : 15924, 10, 2021/11/17, 11:56:31.575, 1300902539774, vstest.console.dll, DotnetTestHostmanager: Reading file C:\Users\roshini.lakshmanan\source\repos\Del\ToDo\ToDoAPI\ToDoList.Infrastructure.UnitTests\bin\Debug\netcoreapp3.1\fine-code-coverage\build-output\ToDoList.Infrastructure.UnitTests.deps.json to get path of testhost.dll
TpTrace Verbose: 0 : 15924, 10, 2021/11/17, 11:56:31.604, 1300902827748, vstest.console.dll, DotnetTestHostmanager: Relative path of testhost.dll with respect to package folder is microsoft.testplatform.testhost/16.5.0\lib/netcoreapp2.1/testhost.dll
TpTrace Verbose: 0 : 15924, 10, 2021/11/17, 11:56:31.604, 1300902836165, vstest.console.dll, DotnetTestHostmanager: Looking for path microsoft.testplatform.testhost/16.5.0\lib/netcoreapp2.1/testhost.dll in folder C:\Users\roshini.lakshmanan\.dotnet\store\|arch|\|tfm|
TpTrace Verbose: 0 : 15924, 10, 2021/11/17, 11:56:31.605, 1300902837344, vstest.console.dll, DotnetTestHostmanager: Looking for path microsoft.testplatform.testhost/16.5.0\lib/netcoreapp2.1/testhost.dll in folder C:\Users\roshini.lakshmanan\.nuget\packages
TpTrace Verbose: 0 : 15924, 10, 2021/11/17, 11:56:31.605, 1300902839255, vstest.console.dll, DotnetTestHostManager: Testhost.exe/testhost.x86.exe found at path: C:\Users\roshini.lakshmanan\.nuget\packages\microsoft.testplatform.testhost\16.5.0\build\netcoreapp2.1\x64\testhost.exe
TpTrace Verbose: 0 : 15924, 10, 2021/11/17, 11:56:31.605, 1300902839729, vstest.console.dll, DotnetTestHostmanager: Full path of host exe is C:\Users\roshini.lakshmanan\.nuget\packages\microsoft.testplatform.testhost\16.5.0\build\netcoreapp2.1\x64\testhost.exe
TpTrace Verbose: 0 : 15924, 4, 2021/11/17, 11:56:31.606, 1300902847457, vstest.console.dll, DotnetTestHostManager: Starting process 'C:\Users\roshini.lakshmanan\.nuget\packages\microsoft.testplatform.testhost\16.5.0\build\netcoreapp2.1\x64\testhost.exe' with command line ' --runtimeconfig "C:\Users\roshini.lakshmanan\source\repos\Del\ToDo\ToDoAPI\ToDoList.Infrastructure.UnitTests\bin\Debug\netcoreapp3.1\fine-code-coverage\build-output\ToDoList.Infrastructure.UnitTests.runtimeconfig.json" --depsfile "C:\Users\roshini.lakshmanan\source\repos\Del\ToDo\ToDoAPI\ToDoList.Infrastructure.UnitTests\bin\Debug\netcoreapp3.1\fine-code-coverage\build-output\ToDoList.Infrastructure.UnitTests.deps.json" --port 63769 --endpoint 127.0.0.1:063769 --role client --parentprocessid 15924 --diag "C:\Users\roshini.lakshmanan\source\repos\Del\ToDo\ToDoAPI\ToDoList.Infrastructure.UnitTests\bin\Debug\netcoreapp3.1\fine-code-coverage\coverage-tool-output\diagnostics.host.21-11-17_11-56-31_57244_10.log" --tracelevel 4 --datacollectionport 63767 --telemetryoptedin false'
TpTrace Verbose: 0 : 15924, 4, 2021/11/17, 11:56:31.612, 1300902909272, vstest.console.dll, Test Runtime launched
TpTrace Verbose: 0 : 15924, 10, 2021/11/17, 11:56:31.612, 1300902915174, vstest.console.dll, TestRequestSender.WaitForRequestHandlerConnection: waiting for connection with timeout: 90000
TpTrace Verbose: 0 : 15924, 4, 2021/11/17, 11:56:33.961, 1300926406328, vstest.console.dll, SocketServer.OnClientConnected: Client connected for endPoint: 127.0.0.1:63769, starting MessageLoopAsync:
TpTrace Verbose: 0 : 15924, 4, 2021/11/17, 11:56:33.962, 1300926408491, vstest.console.dll, TcpClientExtensions.MessageLoopAsync: Polling on remoteEndPoint: 127.0.0.1:63770 localEndPoint: 127.0.0.1:63769
TpTrace Verbose: 0 : 15924, 4, 2021/11/17, 11:56:34.111, 1300927899419, vstest.console.dll, TcpClientExtensions.MessageLoopAsync: NotifyDataAvailable remoteEndPoint: 127.0.0.1:63770 localEndPoint: 127.0.0.1:63769
TpTrace Verbose: 0 : 15924, 4, 2021/11/17, 11:56:34.111, 1300927902050, vstest.console.dll, TestRequestSender.CheckVersionWithTestHost: onMessageReceived received message: (ProtocolVersion) -> 2
TpTrace Verbose: 0 : 15924, 4, 2021/11/17, 11:56:34.111, 1300927905791, vstest.console.dll, TcpClientExtensions.MessageLoopAsync: Polling on remoteEndPoint: 127.0.0.1:63770 localEndPoint: 127.0.0.1:63769
TpTrace Verbose: 0 : 15924, 10, 2021/11/17, 11:56:34.111, 1300927907086, vstest.console.dll, TestPluginCache.GetExtensionPaths: Filtered extension paths: 
TpTrace Verbose: 0 : 15924, 10, 2021/11/17, 11:56:34.112, 1300927907757, vstest.console.dll, TestPluginCache.GetExtensionPaths: Added default extension paths: C:\Program Files\dotnet\sdk\5.0.403\Extensions\Microsoft.Diagnostics.NETCore.Client.dll
C:\Program Files\dotnet\sdk\5.0.403\Extensions\Microsoft.TestPlatform.Extensions.BlameDataCollector.dll
C:\Program Files\dotnet\sdk\5.0.403\Extensions\Microsoft.TestPlatform.Extensions.EventLogCollector.dll
C:\Program Files\dotnet\sdk\5.0.403\Extensions\Microsoft.TestPlatform.TestHostRuntimeProvider.dll
C:\Program Files\dotnet\sdk\5.0.403\Extensions\Microsoft.VisualStudio.TestPlatform.Extensions.Html.TestLogger.dll
C:\Program Files\dotnet\sdk\5.0.403\Extensions\Microsoft.VisualStudio.TestPlatform.Extensions.Trx.TestLogger.dll
TpTrace Verbose: 0 : 15924, 10, 2021/11/17, 11:56:34.112, 1300927908089, vstest.console.dll, TestPluginCache.GetExtensionPaths: Added unfilterableExtensionPaths: 
TpTrace Verbose: 0 : 15924, 10, 2021/11/17, 11:56:34.115, 1300927938845, vstest.console.dll, TestRequestSender.InitializeExecution: Sending initializing execution with message: {"Version":2,"MessageType":"TestExecution.Initialize","Payload":["C:\\Users\\roshini.lakshmanan\\source\\repos\\Del\\ToDo\\ToDoAPI\\ToDoList.Infrastructure.UnitTests\\bin\\Debug\\netcoreapp3.1\\fine-code-coverage\\build-output\\xunit.runner.visualstudio.dotnetcore.testadapter.dll"]}
TpTrace Verbose: 0 : 15924, 4, 2021/11/17, 11:56:34.148, 1300928267889, vstest.console.dll, TcpClientExtensions.MessageLoopAsync: NotifyDataAvailable remoteEndPoint: 127.0.0.1:63770 localEndPoint: 127.0.0.1:63769
TpTrace Verbose: 0 : 15924, 4, 2021/11/17, 11:56:34.148, 1300928269226, vstest.console.dll, TestRequestSender.OnExecutionMessageReceived: Received message: {"Version":2,"MessageType":"TestSession.Message","Payload":{"MessageLevel":0,"Message":"Logging TestHost Diagnostics in file: C:\\Users\\roshini.lakshmanan\\source\\repos\\Del\\ToDo\\ToDoAPI\\ToDoList.Infrastructure.UnitTests\\bin\\Debug\\netcoreapp3.1\\fine-code-coverage\\coverage-tool-output\\diagnostics.host.21-11-17_11-56-31_57244_10.log"}}
TpTrace Verbose: 0 : 15924, 4, 2021/11/17, 11:56:34.149, 1300928285767, vstest.console.dll, TestRunRequest:SendTestRunMessage: Starting.
TpTrace Information: 0 : 15924, 4, 2021/11/17, 11:56:34.150, 1300928287686, vstest.console.dll, TestRunRequest:SendTestRunMessage: Completed.
TpTrace Verbose: 0 : 15924, 4, 2021/11/17, 11:56:34.150, 1300928288369, vstest.console.dll, TcpClientExtensions.MessageLoopAsync: Polling on remoteEndPoint: 127.0.0.1:63770 localEndPoint: 127.0.0.1:63769
TpTrace Verbose: 0 : 15924, 10, 2021/11/17, 11:56:34.151, 1300928303624, vstest.console.dll, TestRequestSender.StartTestRun: Sending test run with message: {"Version":2,"MessageType":"TestExecution.StartWithSources","Payload":{"AdapterSourceMap":{"_none_":["C:\\Users\\roshini.lakshmanan\\source\\repos\\Del\\ToDo\\ToDoAPI\\ToDoList.Infrastructure.UnitTests\\bin\\Debug\\netcoreapp3.1\\fine-code-coverage\\build-output\\ToDoList.Infrastructure.UnitTests.dll"]},"RunSettings":"<RunSettings>\r\n  <RunConfiguration>\r\n    <ResultsDirectory>C:\\Users\\roshini.lakshmanan\\source\\repos\\Del\\ToDo\\ToDoAPI\\ToDoList.Infrastructure.UnitTests\\bin\\Debug\\netcoreapp3.1\\fine-code-coverage\\coverage-tool-output</ResultsDirectory>\r\n    <TargetPlatform>X64</TargetPlatform>\r\n    <TargetFrameworkVersion>.NETCoreApp,Version=v3.1</TargetFrameworkVersion>\r\n    <DesignMode>False</DesignMode>\r\n    <CollectSourceInformation>False</CollectSourceInformation>\r\n  </RunConfiguration>\r\n  <LoggerRunSettings>\r\n    <Loggers>\r\n      <Logger friendlyName=\"blame\" enabled=\"True\" />\r\n      <Logger friendlyName=\"Console\" uri=\"logger://microsoft/TestPlatform/ConsoleLogger/v1\" assemblyQualifiedName=\"Microsoft.VisualStudio.TestPlatform.CommandLine.Internal.ConsoleLogger, vstest.console, Version=15.0.0.0, Culture=neutral, PublicKeyToken=b03f5f7f11d50a3a\" codeBase=\"C:\\Program Files\\dotnet\\sdk\\5.0.403\\vstest.console.dll\" enabled=\"True\" />\r\n    </Loggers>\r\n  </LoggerRunSettings>\r\n  <DataCollectionRunSettings>\r\n    <DataCollectors>\r\n      <DataCollector friendlyName=\"blame\" enabled=\"True\">\r\n        <Configuration>\r\n          <ResultsDirectory>C:\\Users\\roshini.lakshmanan\\source\\repos\\Del\\ToDo\\ToDoAPI\\ToDoList.Infrastructure.UnitTests\\bin\\Debug\\netcoreapp3.1\\fine-code-coverage\\coverage-tool-output</ResultsDirectory>\r\n        </Configuration>\r\n      </DataCollector>\r\n    </DataCollectors>\r\n  </DataCollectionRunSettings>\r\n</RunSettings>","TestExecutionContext":{"FrequencyOfRunStatsChangeEvent":10,"RunStatsChangeEventTimeout":"00:00:01.5000000","InIsolation":false,"KeepAlive":false,"AreTestCaseLevelEventsRequired":false,"IsDebug":false,"TestCaseFilter":null,"FilterOptions":null},"Package":null}}
TpTrace Verbose: 0 : 15924, 4, 2021/11/17, 11:56:34.302, 1300929812455, vstest.console.dll, TcpClientExtensions.MessageLoopAsync: NotifyDataAvailable remoteEndPoint: 127.0.0.1:63770 localEndPoint: 127.0.0.1:63769
TpTrace Verbose: 0 : 15924, 4, 2021/11/17, 11:56:34.302, 1300929813563, vstest.console.dll, TestRequestSender.OnExecutionMessageReceived: Received message: {"Version":2,"MessageType":"TestSession.Message","Payload":{"MessageLevel":0,"Message":"[xUnit.net 00:00:00.00] xUnit.net VSTest Adapter v2.4.0 (64-bit .NET Core 3.1.21)"}}
TpTrace Verbose: 0 : 15924, 4, 2021/11/17, 11:56:34.302, 1300929815525, vstest.console.dll, TestRunRequest:SendTestRunMessage: Starting.
TpTrace Information: 0 : 15924, 4, 2021/11/17, 11:56:34.302, 1300929816023, vstest.console.dll, TestRunRequest:SendTestRunMessage: Completed.
TpTrace Verbose: 0 : 15924, 4, 2021/11/17, 11:56:34.302, 1300929816341, vstest.console.dll, TcpClientExtensions.MessageLoopAsync: Polling on remoteEndPoint: 127.0.0.1:63770 localEndPoint: 127.0.0.1:63769
TpTrace Verbose: 0 : 15924, 4, 2021/11/17, 11:56:35.176, 1300938556410, vstest.console.dll, TcpClientExtensions.MessageLoopAsync: NotifyDataAvailable remoteEndPoint: 127.0.0.1:63770 localEndPoint: 127.0.0.1:63769
TpTrace Verbose: 0 : 15924, 4, 2021/11/17, 11:56:35.177, 1300938557573, vstest.console.dll, TestRequestSender.OnExecutionMessageReceived: Received message: {"Version":2,"MessageType":"TestSession.Message","Payload":{"MessageLevel":0,"Message":"[xUnit.net 00:00:00.87]   Discovering: ToDoList.Infrastructure.UnitTests"}}
TpTrace Verbose: 0 : 15924, 4, 2021/11/17, 11:56:35.177, 1300938559148, vstest.console.dll, TestRunRequest:SendTestRunMessage: Starting.
TpTrace Information: 0 : 15924, 4, 2021/11/17, 11:56:35.177, 1300938559592, vstest.console.dll, TestRunRequest:SendTestRunMessage: Completed.
TpTrace Verbose: 0 : 15924, 4, 2021/11/17, 11:56:35.177, 1300938560067, vstest.console.dll, TcpClientExtensions.MessageLoopAsync: Polling on remoteEndPoint: 127.0.0.1:63770 localEndPoint: 127.0.0.1:63769
TpTrace Verbose: 0 : 15924, 4, 2021/11/17, 11:56:35.208, 1300938870526, vstest.console.dll, TcpClientExtensions.MessageLoopAsync: NotifyDataAvailable remoteEndPoint: 127.0.0.1:63770 localEndPoint: 127.0.0.1:63769
TpTrace Verbose: 0 : 15924, 4, 2021/11/17, 11:56:35.208, 1300938871712, vstest.console.dll, TestRequestSender.OnExecutionMessageReceived: Received message: {"Version":2,"MessageType":"TestSession.Message","Payload":{"MessageLevel":0,"Message":"[xUnit.net 00:00:00.90]   Discovered:  ToDoList.Infrastructure.UnitTests"}}
TpTrace Verbose: 0 : 15924, 4, 2021/11/17, 11:56:35.208, 1300938872846, vstest.console.dll, TestRunRequest:SendTestRunMessage: Starting.
TpTrace Information: 0 : 15924, 4, 2021/11/17, 11:56:35.208, 1300938873262, vstest.console.dll, TestRunRequest:SendTestRunMessage: Completed.
TpTrace Verbose: 0 : 15924, 4, 2021/11/17, 11:56:35.208, 1300938873717, vstest.console.dll, TcpClientExtensions.MessageLoopAsync: Polling on remoteEndPoint: 127.0.0.1:63770 localEndPoint: 127.0.0.1:63769
TpTrace Verbose: 0 : 15924, 4, 2021/11/17, 11:56:35.210, 1300938890279, vstest.console.dll, TcpClientExtensions.MessageLoopAsync: NotifyDataAvailable remoteEndPoint: 127.0.0.1:63770 localEndPoint: 127.0.0.1:63769
TpTrace Verbose: 0 : 15924, 4, 2021/11/17, 11:56:35.210, 1300938890963, vstest.console.dll, TestRequestSender.OnExecutionMessageReceived: Received message: {"Version":2,"MessageType":"TestSession.Message","Payload":{"MessageLevel":0,"Message":"[xUnit.net 00:00:00.91]   Starting:    ToDoList.Infrastructure.UnitTests"}}
TpTrace Verbose: 0 : 15924, 4, 2021/11/17, 11:56:35.210, 1300938892159, vstest.console.dll, TestRunRequest:SendTestRunMessage: Starting.
TpTrace Information: 0 : 15924, 4, 2021/11/17, 11:56:35.210, 1300938892566, vstest.console.dll, TestRunRequest:SendTestRunMessage: Completed.
TpTrace Verbose: 0 : 15924, 4, 2021/11/17, 11:56:35.210, 1300938892966, vstest.console.dll, TcpClientExtensions.MessageLoopAsync: Polling on remoteEndPoint: 127.0.0.1:63770 localEndPoint: 127.0.0.1:63769
TpTrace Verbose: 0 : 15924, 4, 2021/11/17, 11:56:35.743, 1300944221292, vstest.console.dll, TcpClientExtensions.MessageLoopAsync: NotifyDataAvailable remoteEndPoint: 127.0.0.1:63770 localEndPoint: 127.0.0.1:63769
TpTrace Verbose: 0 : 15924, 4, 2021/11/17, 11:56:35.743, 1300944223038, vstest.console.dll, TestRequestSender.OnExecutionMessageReceived: Received message: {"Version":2,"MessageType":"TestExecution.StatsChange","Payload":{"NewTestResults":[{"TestCase":{"Id":"db4ef632-ed9e-ec77-6de4-4833e1f2d4c5","FullyQualifiedName":"ToDoList.Infrastructure.UnitTests.DependencyInjectionTest.Constructor_ServiceCollectionIsNull_ThrowsArgumentNullException","DisplayName":"ToDoList.Infrastructure.UnitTests.DependencyInjectionTest.Constructor_ServiceCollectionIsNull_ThrowsArgumentNullException","ExecutorUri":"executor://xunit/VsTestRunner2/netcoreapp","Source":"C:\\Users\\roshini.lakshmanan\\source\\repos\\Del\\ToDo\\ToDoAPI\\ToDoList.Infrastructure.UnitTests\\bin\\Debug\\netcoreapp3.1\\fine-code-coverage\\build-output\\ToDoList.Infrastructure.UnitTests.dll","CodeFilePath":null,"LineNumber":0,"Properties":[]},"Attachments":[],"Outcome":1,"ErrorMessage":null,"ErrorStackTrace":null,"DisplayName":"ToDoList.Infrastructure.UnitTests.DependencyInjectionTest.Constructor_ServiceCollectionIsNull_ThrowsArgumentNullException","Messages":[],"ComputerName":"INDPRFTCPL488","Duration":"00:00:00.0033662","StartTime":"2021-11-17T06:26:35.2866666+00:00","EndTime":"2021-11-17T06:26:35.286736+00:00","Properties":[]},{"TestCase":{"Id":"a9ee9feb-1312-9d93-f633-569adf5e3fe4","FullyQualifiedName":"ToDoList.Infrastructure.UnitTests.DependencyInjectionTest.Constructor_ServiceCollectionIsNotNull_AddInfrastructure","DisplayName":"ToDoList.Infrastructure.UnitTests.DependencyInjectionTest.Constructor_ServiceCollectionIsNotNull_AddInfrastructure","ExecutorUri":"executor://xunit/VsTestRunner2/netcoreapp","Source":"C:\\Users\\roshini.lakshmanan\\source\\repos\\Del\\ToDo\\ToDoAPI\\ToDoList.Infrastructure.UnitTests\\bin\\Debug\\netcoreapp3.1\\fine-code-coverage\\build-output\\ToDoList.Infrastructure.UnitTests.dll","CodeFilePath":null,"LineNumber":0,"Properties":[]},"Attachments":[],"Outcome":1,"ErrorMessage":null,"ErrorStackTrace":null,"DisplayName":"ToDoList.Infrastructure.UnitTests.DependencyInjectionTest.Constructor_ServiceCollectionIsNotNull_AddInfrastructure","Messages":[],"ComputerName":"INDPRFTCPL488","Duration":"00:00:00.0009417","StartTime":"2021-11-17T06:26:35.3025532+00:00","EndTime":"2021-11-17T06:26:35.3025545+00:00","Properties":[]}],"TestRunStatistics":{"ExecutedTests":2,"Stats":{"Passed":2}},"ActiveTests":[{"Id":"57a1b280-2f3e-9865-0173-a59cef625c83","FullyQualifiedName":"ToDoList.Infrastructure.UnitTests.UOW.UnitOfWorkTest.ContextIsNull_ThrowsArgumentNullException","DisplayName":"ToDoList.Infrastructure.UnitTests.UOW.UnitOfWorkTest.ContextIsNull_ThrowsArgumentNullException","ExecutorUri":"executor://xunit/VsTestRunner2/netcoreapp","Source":"C:\\Users\\roshini.lakshmanan\\source\\repos\\Del\\ToDo\\ToDoAPI\\ToDoList.Infrastructure.UnitTests\\bin\\Debug\\netcoreapp3.1\\fine-code-coverage\\build-output\\ToDoList.Infrastructure.UnitTests.dll","CodeFilePath":null,"LineNumber":0,"Properties":[]},{"Id":"4db7e9dd-0a28-f44d-c395-edc96ea8cf10","FullyQualifiedName":"ToDoList.Infrastructure.UnitTests.Repositories.ToDoItemRepositoryTests.Add_New_ToDoItem_Success","DisplayName":"ToDoList.Infrastructure.UnitTests.Repositories.ToDoItemRepositoryTests.Add_New_ToDoItem_Success","ExecutorUri":"executor://xunit/VsTestRunner2/netcoreapp","Source":"C:\\Users\\roshini.lakshmanan\\source\\repos\\Del\\ToDo\\ToDoAPI\\ToDoList.Infrastructure.UnitTests\\bin\\Debug\\netcoreapp3.1\\fine-code-coverage\\build-output\\ToDoList.Infrastructure.UnitTests.dll","CodeFilePath":null,"LineNumber":0,"Properties":[]},{"Id":"3dc79335-dd79-d002-310a-e3866528d4fb","FullyQualifiedName":"ToDoList.Infrastructure.UnitTests.Repositories.UserRepositoryTests.Remove_Existing_User_Success","DisplayName":"ToDoList.Infrastructure.UnitTests.Repositories.UserRepositoryTests.Remove_Existing_User_Success","ExecutorUri":"executor://xunit/VsTestRunner2/netcoreapp","Source":"C:\\Users\\roshini.lakshmanan\\source\\repos\\Del\\ToDo\\ToDoAPI\\ToDoList.Infrastructure.UnitTests\\bin\\Debug\\netcoreapp3.1\\fine-code-coverage\\build-output\\ToDoList.Infrastructure.UnitTests.dll","CodeFilePath":null,"LineNumber":0,"Properties":[]}]}}
TpTrace Verbose: 0 : 15924, 4, 2021/11/17, 11:56:35.763, 1300944423952, vstest.console.dll, TestRunRequest:SendTestRunStatsChange: Starting.
TpTrace Verbose: 0 : 15924, 4, 2021/11/17, 11:56:35.763, 1300944424975, vstest.console.dll, InProgress is ToDoList.Infrastructure.UnitTests.UOW.UnitOfWorkTest.ContextIsNull_ThrowsArgumentNullException
TpTrace Verbose: 0 : 15924, 4, 2021/11/17, 11:56:35.763, 1300944425256, vstest.console.dll, InProgress is ToDoList.Infrastructure.UnitTests.Repositories.ToDoItemRepositoryTests.Add_New_ToDoItem_Success
TpTrace Verbose: 0 : 15924, 4, 2021/11/17, 11:56:35.763, 1300944425473, vstest.console.dll, InProgress is ToDoList.Infrastructure.UnitTests.Repositories.UserRepositoryTests.Remove_Existing_User_Success
TpTrace Information: 0 : 15924, 4, 2021/11/17, 11:56:35.763, 1300944426582, vstest.console.dll, TestRunRequest:SendTestRunStatsChange: Completed.
TpTrace Verbose: 0 : 15924, 4, 2021/11/17, 11:56:35.763, 1300944426902, vstest.console.dll, TcpClientExtensions.MessageLoopAsync: Polling on remoteEndPoint: 127.0.0.1:63770 localEndPoint: 127.0.0.1:63769
TpTrace Verbose: 0 : 15924, 4, 2021/11/17, 11:56:36.776, 1300954547617, vstest.console.dll, TcpClientExtensions.MessageLoopAsync: Polling on remoteEndPoint: 127.0.0.1:63770 localEndPoint: 127.0.0.1:63769
TpTrace Verbose: 0 : 15924, 4, 2021/11/17, 11:56:36.928, 1300956069188, vstest.console.dll, TcpClientExtensions.MessageLoopAsync: NotifyDataAvailable remoteEndPoint: 127.0.0.1:63770 localEndPoint: 127.0.0.1:63769
TpTrace Verbose: 0 : 15924, 4, 2021/11/17, 11:56:36.928, 1300956071176, vstest.console.dll, TestRequestSender.OnExecutionMessageReceived: Received message: {"Version":2,"MessageType":"TestExecution.StatsChange","Payload":{"NewTestResults":[{"TestCase":{"Id":"57a1b280-2f3e-9865-0173-a59cef625c83","FullyQualifiedName":"ToDoList.Infrastructure.UnitTests.UOW.UnitOfWorkTest.ContextIsNull_ThrowsArgumentNullException","DisplayName":"ToDoList.Infrastructure.UnitTests.UOW.UnitOfWorkTest.ContextIsNull_ThrowsArgumentNullException","ExecutorUri":"executor://xunit/VsTestRunner2/netcoreapp","Source":"C:\\Users\\roshini.lakshmanan\\source\\repos\\Del\\ToDo\\ToDoAPI\\ToDoList.Infrastructure.UnitTests\\bin\\Debug\\netcoreapp3.1\\fine-code-coverage\\build-output\\ToDoList.Infrastructure.UnitTests.dll","CodeFilePath":null,"LineNumber":0,"Properties":[]},"Attachments":[],"Outcome":1,"ErrorMessage":null,"ErrorStackTrace":null,"DisplayName":"ToDoList.Infrastructure.UnitTests.UOW.UnitOfWorkTest.ContextIsNull_ThrowsArgumentNullException","Messages":[],"ComputerName":"INDPRFTCPL488","Duration":"00:00:00.9478096","StartTime":"2021-11-17T06:26:36.2134657+00:00","EndTime":"2021-11-17T06:26:36.2134749+00:00","Properties":[]},{"TestCase":{"Id":"c72ef3c3-6884-eda5-d919-3de572b1e4b8","FullyQualifiedName":"ToDoList.Infrastructure.UnitTests.UOW.UnitOfWorkTest.SaveChanges_Fail_Response","DisplayName":"ToDoList.Infrastructure.UnitTests.UOW.UnitOfWorkTest.SaveChanges_Fail_Response","ExecutorUri":"executor://xunit/VsTestRunner2/netcoreapp","Source":"C:\\Users\\roshini.lakshmanan\\source\\repos\\Del\\ToDo\\ToDoAPI\\ToDoList.Infrastructure.UnitTests\\bin\\Debug\\netcoreapp3.1\\fine-code-coverage\\build-output\\ToDoList.Infrastructure.UnitTests.dll","CodeFilePath":null,"LineNumber":0,"Properties":[]},"Attachments":[],"Outcome":1,"ErrorMessage":null,"ErrorStackTrace":null,"DisplayName":"ToDoList.Infrastructure.UnitTests.UOW.UnitOfWorkTest.SaveChanges_Fail_Response","Messages":[],"ComputerName":"INDPRFTCPL488","Duration":"00:00:00.6068112","StartTime":"2021-11-17T06:26:36.8205672+00:00","EndTime":"2021-11-17T06:26:36.8205697+00:00","Properties":[]},{"TestCase":{"Id":"d3a9e3f9-4a61-566b-0c3e-c5b42a5198dd","FullyQualifiedName":"ToDoList.Infrastructure.UnitTests.UOW.UnitOfWorkTest.SaveChangesAsync_Fail_Response","DisplayName":"ToDoList.Infrastructure.UnitTests.UOW.UnitOfWorkTest.SaveChangesAsync_Fail_Response","ExecutorUri":"executor://xunit/VsTestRunner2/netcoreapp","Source":"C:\\Users\\roshini.lakshmanan\\source\\repos\\Del\\ToDo\\ToDoAPI\\ToDoList.Infrastructure.UnitTests\\bin\\Debug\\netcoreapp3.1\\fine-code-coverage\\build-output\\ToDoList.Infrastructure.UnitTests.dll","CodeFilePath":null,"LineNumber":0,"Properties":[]},"Attachments":[],"Outcome":1,"ErrorMessage":null,"ErrorStackTrace":null,"DisplayName":"ToDoList.Infrastructure.UnitTests.UOW.UnitOfWorkTest.SaveChangesAsync_Fail_Response","Messages":[],"ComputerName":"INDPRFTCPL488","Duration":"00:00:00.0283099","StartTime":"2021-11-17T06:26:36.8489661+00:00","EndTime":"2021-11-17T06:26:36.8489678+00:00","Properties":[]},{"TestCase":{"Id":"5a9aa561-763f-fb0a-57f5-fb8892a27389","FullyQualifiedName":"ToDoList.Infrastructure.UnitTests.UOW.UnitOfWorkTest.Dispose_Success_Response","DisplayName":"ToDoList.Infrastructure.UnitTests.UOW.UnitOfWorkTest.Dispose_Success_Response","ExecutorUri":"executor://xunit/VsTestRunner2/netcoreapp","Source":"C:\\Users\\roshini.lakshmanan\\source\\repos\\Del\\ToDo\\ToDoAPI\\ToDoList.Infrastructure.UnitTests\\bin\\Debug\\netcoreapp3.1\\fine-code-coverage\\build-output\\ToDoList.Infrastructure.UnitTests.dll","CodeFilePath":null,"LineNumber":0,"Properties":[]},"Attachments":[],"Outcome":1,"ErrorMessage":null,"ErrorStackTrace":null,"DisplayName":"ToDoList.Infrastructure.UnitTests.UOW.UnitOfWorkTest.Dispose_Success_Response","Messages":[],"ComputerName":"INDPRFTCPL488","Duration":"00:00:00.0153545","StartTime":"2021-11-17T06:26:36.86443+00:00","EndTime":"2021-11-17T06:26:36.8644324+00:00","Properties":[]},{"TestCase":{"Id":"c929be3a-4ebb-e7b4-adf4-f195e254baca","FullyQualifiedName":"ToDoList.Infrastructure.UnitTests.UOW.UnitOfWorkTest.SaveChanges_Success_Response","DisplayName":"ToDoList.Infrastructure.UnitTests.UOW.UnitOfWorkTest.SaveChanges_Success_Response","ExecutorUri":"executor://xunit/VsTestRunner2/netcoreapp","Source":"C:\\Users\\roshini.lakshmanan\\source\\repos\\Del\\ToDo\\ToDoAPI\\ToDoList.Infrastructure.UnitTests\\bin\\Debug\\netcoreapp3.1\\fine-code-coverage\\build-output\\ToDoList.Infrastructure.UnitTests.dll","CodeFilePath":null,"LineNumber":0,"Properties":[]},"Attachments":[],"Outcome":1,"ErrorMessage":null,"ErrorStackTrace":null,"DisplayName":"ToDoList.Infrastructure.UnitTests.UOW.UnitOfWorkTest.SaveChanges_Success_Response","Messages":[],"ComputerName":"INDPRFTCPL488","Duration":"00:00:00.0009117","StartTime":"2021-11-17T06:26:36.8665045+00:00","EndTime":"2021-11-17T06:26:36.8665059+00:00","Properties":[]},{"TestCase":{"Id":"62e69051-6e29-0156-ed4b-48c92a25b33f","FullyQualifiedName":"ToDoList.Infrastructure.UnitTests.UOW.UnitOfWorkTest.SaveChangesAsync_Success_Response","DisplayName":"ToDoList.Infrastructure.UnitTests.UOW.UnitOfWorkTest.SaveChangesAsync_Success_Response","ExecutorUri":"executor://xunit/VsTestRunner2/netcoreapp","Source":"C:\\Users\\roshini.lakshmanan\\source\\repos\\Del\\ToDo\\ToDoAPI\\ToDoList.Infrastructure.UnitTests\\bin\\Debug\\netcoreapp3.1\\fine-code-coverage\\build-output\\ToDoList.Infrastructure.UnitTests.dll","CodeFilePath":null,"LineNumber":0,"Properties":[]},"Attachments":[],"Outcome":1,"ErrorMessage":null,"ErrorStackTrace":null,"DisplayName":"ToDoList.Infrastructure.UnitTests.UOW.UnitOfWorkTest.SaveChangesAsync_Success_Response","Messages":[],"ComputerName":"INDPRFTCPL488","Duration":"00:00:00.0014400","StartTime":"2021-11-17T06:26:36.8685221+00:00","EndTime":"2021-11-17T06:26:36.8685241+00:00","Properties":[]},{"TestCase":{"Id":"4db7e9dd-0a28-f44d-c395-edc96ea8cf10","FullyQualifiedName":"ToDoList.Infrastructure.UnitTests.Repositories.ToDoItemRepositoryTests.Add_New_ToDoItem_Success","DisplayName":"ToDoList.Infrastructure.UnitTests.Repositories.ToDoItemRepositoryTests.Add_New_ToDoItem_Success","ExecutorUri":"executor://xunit/VsTestRunner2/netcoreapp","Source":"C:\\Users\\roshini.lakshmanan\\source\\repos\\Del\\ToDo\\ToDoAPI\\ToDoList.Infrastructure.UnitTests\\bin\\Debug\\netcoreapp3.1\\fine-code-coverage\\build-output\\ToDoList.Infrastructure.UnitTests.dll","CodeFilePath":null,"LineNumber":0,"Properties":[]},"Attachments":[],"Outcome":1,"ErrorMessage":null,"ErrorStackTrace":null,"DisplayName":"ToDoList.Infrastructure.UnitTests.Repositories.ToDoItemRepositoryTests.Add_New_ToDoItem_Success","Messages":[],"ComputerName":"INDPRFTCPL488","Duration":"00:00:01.6469946","StartTime":"2021-11-17T06:26:36.9125425+00:00","EndTime":"2021-11-17T06:26:36.9125456+00:00","Properties":[]},{"TestCase":{"Id":"3dc79335-dd79-d002-310a-e3866528d4fb","FullyQualifiedName":"ToDoList.Infrastructure.UnitTests.Repositories.UserRepositoryTests.Remove_Existing_User_Success","DisplayName":"ToDoList.Infrastructure.UnitTests.Repositories.UserRepositoryTests.Remove_Existing_User_Success","ExecutorUri":"executor://xunit/VsTestRunner2/netcoreapp","Source":"C:\\Users\\roshini.lakshmanan\\source\\repos\\Del\\ToDo\\ToDoAPI\\ToDoList.Infrastructure.UnitTests\\bin\\Debug\\netcoreapp3.1\\fine-code-coverage\\build-output\\ToDoList.Infrastructure.UnitTests.dll","CodeFilePath":null,"LineNumber":0,"Properties":[]},"Attachments":[],"Outcome":1,"ErrorMessage":null,"ErrorStackTrace":null,"DisplayName":"ToDoList.Infrastructure.UnitTests.Repositories.UserRepositoryTests.Remove_Existing_User_Success","Messages":[],"ComputerName":"INDPRFTCPL488","Duration":"00:00:01.6562697","StartTime":"2021-11-17T06:26:36.9219751+00:00","EndTime":"2021-11-17T06:26:36.9219767+00:00","Properties":[]}],"TestRunStatistics":{"ExecutedTests":10,"Stats":{"Passed":10}},"ActiveTests":[{"Id":"e3aaf1e5-3f18-a8c8-b634-0c3f226c8832","FullyQualifiedName":"ToDoList.Infrastructure.UnitTests.Repositories.ToDoItemRepositoryTests.Update_Existing_ToDoItem_Success","DisplayName":"ToDoList.Infrastructure.UnitTests.Repositories.ToDoItemRepositoryTests.Update_Existing_ToDoItem_Success","ExecutorUri":"executor://xunit/VsTestRunner2/netcoreapp","Source":"C:\\Users\\roshini.lakshmanan\\source\\repos\\Del\\ToDo\\ToDoAPI\\ToDoList.Infrastructure.UnitTests\\bin\\Debug\\netcoreapp3.1\\fine-code-coverage\\build-output\\ToDoList.Infrastructure.UnitTests.dll","CodeFilePath":null,"LineNumber":0,"Properties":[]},{"Id":"6c79fb45-5c44-e6ad-c754-5f7aca15ca4e","FullyQualifiedName":"ToDoList.Infrastructure.UnitTests.Repositories.UserRepositoryTests.Add_New_User_Success","DisplayName":"ToDoList.Infrastructure.UnitTests.Repositories.UserRepositoryTests.Add_New_User_Success","ExecutorUri":"executor://xunit/VsTestRunner2/netcoreapp","Source":"C:\\Users\\roshini.lakshmanan\\source\\repos\\Del\\ToDo\\ToDoAPI\\ToDoList.Infrastructure.UnitTests\\bin\\Debug\\netcoreapp3.1\\fine-code-coverage\\build-output\\ToDoList.Infrastructure.UnitTests.dll","CodeFilePath":null,"LineNumber":0,"Properties":[]}]}}
TpTrace Verbose: 0 : 15924, 4, 2021/11/17, 11:56:36.930, 1300956087777, vstest.console.dll, TestRunRequest:SendTestRunStatsChange: Starting.
TpTrace Verbose: 0 : 15924, 4, 2021/11/17, 11:56:36.930, 1300956088799, vstest.console.dll, InProgress is ToDoList.Infrastructure.UnitTests.Repositories.ToDoItemRepositoryTests.Update_Existing_ToDoItem_Success
TpTrace Verbose: 0 : 15924, 4, 2021/11/17, 11:56:36.930, 1300956089163, vstest.console.dll, InProgress is ToDoList.Infrastructure.UnitTests.Repositories.UserRepositoryTests.Add_New_User_Success
TpTrace Information: 0 : 15924, 4, 2021/11/17, 11:56:36.930, 1300956090139, vstest.console.dll, TestRunRequest:SendTestRunStatsChange: Completed.
TpTrace Verbose: 0 : 15924, 4, 2021/11/17, 11:56:36.930, 1300956090538, vstest.console.dll, TcpClientExtensions.MessageLoopAsync: Polling on remoteEndPoint: 127.0.0.1:63770 localEndPoint: 127.0.0.1:63769
TpTrace Verbose: 0 : 15924, 4, 2021/11/17, 11:56:36.998, 1300956768355, vstest.console.dll, TcpClientExtensions.MessageLoopAsync: NotifyDataAvailable remoteEndPoint: 127.0.0.1:63770 localEndPoint: 127.0.0.1:63769
TpTrace Verbose: 0 : 15924, 4, 2021/11/17, 11:56:36.998, 1300956771090, vstest.console.dll, TestRequestSender.OnExecutionMessageReceived: Received message: {"Version":2,"MessageType":"TestExecution.StatsChange","Payload":{"NewTestResults":[{"TestCase":{"Id":"6c79fb45-5c44-e6ad-c754-5f7aca15ca4e","FullyQualifiedName":"ToDoList.Infrastructure.UnitTests.Repositories.UserRepositoryTests.Add_New_User_Success","DisplayName":"ToDoList.Infrastructure.UnitTests.Repositories.UserRepositoryTests.Add_New_User_Success","ExecutorUri":"executor://xunit/VsTestRunner2/netcoreapp","Source":"C:\\Users\\roshini.lakshmanan\\source\\repos\\Del\\ToDo\\ToDoAPI\\ToDoList.Infrastructure.UnitTests\\bin\\Debug\\netcoreapp3.1\\fine-code-coverage\\build-output\\ToDoList.Infrastructure.UnitTests.dll","CodeFilePath":null,"LineNumber":0,"Properties":[]},"Attachments":[],"Outcome":1,"ErrorMessage":null,"ErrorStackTrace":null,"DisplayName":"ToDoList.Infrastructure.UnitTests.Repositories.UserRepositoryTests.Add_New_User_Success","Messages":[],"ComputerName":"INDPRFTCPL488","Duration":"00:00:00.0266878","StartTime":"2021-11-17T06:26:36.9487579+00:00","EndTime":"2021-11-17T06:26:36.9487591+00:00","Properties":[]},{"TestCase":{"Id":"91ae67b4-0e93-b3cf-269b-3d6fd4cd865e","FullyQualifiedName":"ToDoList.Infrastructure.UnitTests.Repositories.UserRepositoryTests.Update_Existing_User_Success","DisplayName":"ToDoList.Infrastructure.UnitTests.Repositories.UserRepositoryTests.Update_Existing_User_Success","ExecutorUri":"executor://xunit/VsTestRunner2/netcoreapp","Source":"C:\\Users\\roshini.lakshmanan\\source\\repos\\Del\\ToDo\\ToDoAPI\\ToDoList.Infrastructure.UnitTests\\bin\\Debug\\netcoreapp3.1\\fine-code-coverage\\build-output\\ToDoList.Infrastructure.UnitTests.dll","CodeFilePath":null,"LineNumber":0,"Properties":[]},"Attachments":[],"Outcome":1,"ErrorMessage":null,"ErrorStackTrace":null,"DisplayName":"ToDoList.Infrastructure.UnitTests.Repositories.UserRepositoryTests.Update_Existing_User_Success","Messages":[],"ComputerName":"INDPRFTCPL488","Duration":"00:00:00.0046253","StartTime":"2021-11-17T06:26:36.9534386+00:00","EndTime":"2021-11-17T06:26:36.95344+00:00","Properties":[]},{"TestCase":{"Id":"e3aaf1e5-3f18-a8c8-b634-0c3f226c8832","FullyQualifiedName":"ToDoList.Infrastructure.UnitTests.Repositories.ToDoItemRepositoryTests.Update_Existing_ToDoItem_Success","DisplayName":"ToDoList.Infrastructure.UnitTests.Repositories.ToDoItemRepositoryTests.Update_Existing_ToDoItem_Success","ExecutorUri":"executor://xunit/VsTestRunner2/netcoreapp","Source":"C:\\Users\\roshini.lakshmanan\\source\\repos\\Del\\ToDo\\ToDoAPI\\ToDoList.Infrastructure.UnitTests\\bin\\Debug\\netcoreapp3.1\\fine-code-coverage\\build-output\\ToDoList.Infrastructure.UnitTests.dll","CodeFilePath":null,"LineNumber":0,"Properties":[]},"Attachments":[],"Outcome":1,"ErrorMessage":null,"ErrorStackTrace":null,"DisplayName":"ToDoList.Infrastructure.UnitTests.Repositories.ToDoItemRepositoryTests.Update_Existing_ToDoItem_Success","Messages":[],"ComputerName":"INDPRFTCPL488","Duration":"00:00:00.0409721","StartTime":"2021-11-17T06:26:36.9555647+00:00","EndTime":"2021-11-17T06:26:36.955566+00:00","Properties":[]},{"TestCase":{"Id":"e5fdbba1-5ee4-3cb2-4e68-0b3f16f1f71a","FullyQualifiedName":"ToDoList.Infrastructure.UnitTests.Repositories.UserRepositoryTests.CheckUserExists_Success","DisplayName":"ToDoList.Infrastructure.UnitTests.Repositories.UserRepositoryTests.CheckUserExists_Success","ExecutorUri":"executor://xunit/VsTestRunner2/netcoreapp","Source":"C:\\Users\\roshini.lakshmanan\\source\\repos\\Del\\ToDo\\ToDoAPI\\ToDoList.Infrastructure.UnitTests\\bin\\Debug\\netcoreapp3.1\\fine-code-coverage\\build-output\\ToDoList.Infrastructure.UnitTests.dll","CodeFilePath":null,"LineNumber":0,"Properties":[]},"Attachments":[],"Outcome":1,"ErrorMessage":null,"ErrorStackTrace":null,"DisplayName":"ToDoList.Infrastructure.UnitTests.Repositories.UserRepositoryTests.CheckUserExists_Success","Messages":[],"ComputerName":"INDPRFTCPL488","Duration":"00:00:00.0335042","StartTime":"2021-11-17T06:26:36.9870746+00:00","EndTime":"2021-11-17T06:26:36.9870767+00:00","Properties":[]},{"TestCase":{"Id":"86573ebb-c1e3-7a96-0314-39e77a244540","FullyQualifiedName":"ToDoList.Infrastructure.UnitTests.Repositories.ToDoItemRepositoryTests.GetToDoItemsAsync_Success","DisplayName":"ToDoList.Infrastructure.UnitTests.Repositories.ToDoItemRepositoryTests.GetToDoItemsAsync_Success","ExecutorUri":"executor://xunit/VsTestRunner2/netcoreapp","Source":"C:\\Users\\roshini.lakshmanan\\source\\repos\\Del\\ToDo\\ToDoAPI\\ToDoList.Infrastructure.UnitTests\\bin\\Debug\\netcoreapp3.1\\fine-code-coverage\\build-output\\ToDoList.Infrastructure.UnitTests.dll","CodeFilePath":null,"LineNumber":0,"Properties":[]},"Attachments":[],"Outcome":1,"ErrorMessage":null,"ErrorStackTrace":null,"DisplayName":"ToDoList.Infrastructure.UnitTests.Repositories.ToDoItemRepositoryTests.GetToDoItemsAsync_Success","Messages":[],"ComputerName":"INDPRFTCPL488","Duration":"00:00:00.0345187","StartTime":"2021-11-17T06:26:36.9891099+00:00","EndTime":"2021-11-17T06:26:36.9891109+00:00","Properties":[]},{"TestCase":{"Id":"8da0cc27-01d6-e1de-1cc9-512087488184","FullyQualifiedName":"ToDoList.Infrastructure.UnitTests.Repositories.UserRepositoryTests.CheckUserExists_Failure","DisplayName":"ToDoList.Infrastructure.UnitTests.Repositories.UserRepositoryTests.CheckUserExists_Failure","ExecutorUri":"executor://xunit/VsTestRunner2/netcoreapp","Source":"C:\\Users\\roshini.lakshmanan\\source\\repos\\Del\\ToDo\\ToDoAPI\\ToDoList.Infrastructure.UnitTests\\bin\\Debug\\netcoreapp3.1\\fine-code-coverage\\build-output\\ToDoList.Infrastructure.UnitTests.dll","CodeFilePath":null,"LineNumber":0,"Properties":[]},"Attachments":[],"Outcome":1,"ErrorMessage":null,"ErrorStackTrace":null,"DisplayName":"ToDoList.Infrastructure.UnitTests.Repositories.UserRepositoryTests.CheckUserExists_Failure","Messages":[],"ComputerName":"INDPRFTCPL488","Duration":"00:00:00.0033725","StartTime":"2021-11-17T06:26:36.9912905+00:00","EndTime":"2021-11-17T06:26:36.9912925+00:00","Properties":[]},{"TestCase":{"Id":"0720e7cb-a2b5-60d3-daf1-1701e41a678e","FullyQualifiedName":"ToDoList.Infrastructure.UnitTests.Repositories.ToDoItemRepositoryTests.IsItemExist_Success","DisplayName":"ToDoList.Infrastructure.UnitTests.Repositories.ToDoItemRepositoryTests.IsItemExist_Success","ExecutorUri":"executor://xunit/VsTestRunner2/netcoreapp","Source":"C:\\Users\\roshini.lakshmanan\\source\\repos\\Del\\ToDo\\ToDoAPI\\ToDoList.Infrastructure.UnitTests\\bin\\Debug\\netcoreapp3.1\\fine-code-coverage\\build-output\\ToDoList.Infrastructure.UnitTests.dll","CodeFilePath":null,"LineNumber":0,"Properties":[]},"Attachments":[],"Outcome":1,"ErrorMessage":null,"ErrorStackTrace":null,"DisplayName":"ToDoList.Infrastructure.UnitTests.Repositories.ToDoItemRepositoryTests.IsItemExist_Success","Messages":[],"ComputerName":"INDPRFTCPL488","Duration":"00:00:00.0055982","StartTime":"2021-11-17T06:26:36.9938712+00:00","EndTime":"2021-11-17T06:26:36.9938737+00:00","Properties":[]},{"TestCase":{"Id":"ae53fc12-73fb-9b64-85aa-8cf78ee19c8e","FullyQualifiedName":"ToDoList.Infrastructure.UnitTests.Repositories.ToDoItemRepositoryTests.IsItemExists_Exception_Failure","DisplayName":"ToDoList.Infrastructure.UnitTests.Repositories.ToDoItemRepositoryTests.IsItemExists_Exception_Failure","ExecutorUri":"executor://xunit/VsTestRunner2/netcoreapp","Source":"C:\\Users\\roshini.lakshmanan\\source\\repos\\Del\\ToDo\\ToDoAPI\\ToDoList.Infrastructure.UnitTests\\bin\\Debug\\netcoreapp3.1\\fine-code-coverage\\build-output\\ToDoList.Infrastructure.UnitTests.dll","CodeFilePath":null,"LineNumber":0,"Properties":[]},"Attachments":[],"Outcome":1,"ErrorMessage":null,"ErrorStackTrace":null,"DisplayName":"ToDoList.Infrastructure.UnitTests.Repositories.ToDoItemRepositoryTests.IsItemExists_Exception_Failure","Messages":[],"ComputerName":"INDPRFTCPL488","Duration":"00:00:00.0005992","StartTime":"2021-11-17T06:26:36.9960607+00:00","EndTime":"2021-11-17T06:26:36.9960662+00:00","Properties":[]}],"TestRunStatistics":{"ExecutedTests":18,"Stats":{"Passed":18}},"ActiveTests":[{"Id":"dffd000f-f2ec-c341-0a6a-2e5f28405131","FullyQualifiedName":"ToDoList.Infrastructure.UnitTests.Repositories.UserRepositoryTests.GetUserDetailsByName_Success","DisplayName":"ToDoList.Infrastructure.UnitTests.Repositories.UserRepositoryTests.GetUserDetailsByName_Success","ExecutorUri":"executor://xunit/VsTestRunner2/netcoreapp","Source":"C:\\Users\\roshini.lakshmanan\\source\\repos\\Del\\ToDo\\ToDoAPI\\ToDoList.Infrastructure.UnitTests\\bin\\Debug\\netcoreapp3.1\\fine-code-coverage\\build-output\\ToDoList.Infrastructure.UnitTests.dll","CodeFilePath":null,"LineNumber":0,"Properties":[]},{"Id":"24f68f3e-59dc-9221-b6e5-4765b2105a50","FullyQualifiedName":"ToDoList.Infrastructure.UnitTests.Repositories.ToDoItemRepositoryTests.GetToDoItemAsync_Null_Response","DisplayName":"ToDoList.Infrastructure.UnitTests.Repositories.ToDoItemRepositoryTests.GetToDoItemAsync_Null_Response","ExecutorUri":"executor://xunit/VsTestRunner2/netcoreapp","Source":"C:\\Users\\roshini.lakshmanan\\source\\repos\\Del\\ToDo\\ToDoAPI\\ToDoList.Infrastructure.UnitTests\\bin\\Debug\\netcoreapp3.1\\fine-code-coverage\\build-output\\ToDoList.Infrastructure.UnitTests.dll","CodeFilePath":null,"LineNumber":0,"Properties":[]}]}}
TpTrace Verbose: 0 : 15924, 4, 2021/11/17, 11:56:37.000, 1300956796141, vstest.console.dll, TestRunRequest:SendTestRunStatsChange: Starting.
TpTrace Verbose: 0 : 15924, 4, 2021/11/17, 11:56:37.000, 1300956797123, vstest.console.dll, InProgress is ToDoList.Infrastructure.UnitTests.Repositories.UserRepositoryTests.GetUserDetailsByName_Success
TpTrace Verbose: 0 : 15924, 4, 2021/11/17, 11:56:37.001, 1300956797599, vstest.console.dll, InProgress is ToDoList.Infrastructure.UnitTests.Repositories.ToDoItemRepositoryTests.GetToDoItemAsync_Null_Response
TpTrace Information: 0 : 15924, 4, 2021/11/17, 11:56:37.001, 1300956798322, vstest.console.dll, TestRunRequest:SendTestRunStatsChange: Completed.
TpTrace Verbose: 0 : 15924, 4, 2021/11/17, 11:56:37.001, 1300956798816, vstest.console.dll, TcpClientExtensions.MessageLoopAsync: Polling on remoteEndPoint: 127.0.0.1:63770 localEndPoint: 127.0.0.1:63769
TpTrace Verbose: 0 : 15924, 4, 2021/11/17, 11:56:37.015, 1300956941265, vstest.console.dll, TcpClientExtensions.MessageLoopAsync: NotifyDataAvailable remoteEndPoint: 127.0.0.1:63770 localEndPoint: 127.0.0.1:63769
TpTrace Verbose: 0 : 15924, 4, 2021/11/17, 11:56:37.015, 1300956942508, vstest.console.dll, TestRequestSender.OnExecutionMessageReceived: Received message: {"Version":2,"MessageType":"TestSession.Message","Payload":{"MessageLevel":0,"Message":"[xUnit.net 00:00:02.71]   Finished:    ToDoList.Infrastructure.UnitTests"}}
TpTrace Verbose: 0 : 15924, 4, 2021/11/17, 11:56:37.015, 1300956944159, vstest.console.dll, TestRunRequest:SendTestRunMessage: Starting.
TpTrace Information: 0 : 15924, 4, 2021/11/17, 11:56:37.015, 1300956944962, vstest.console.dll, TestRunRequest:SendTestRunMessage: Completed.
TpTrace Verbose: 0 : 15924, 4, 2021/11/17, 11:56:37.015, 1300956945561, vstest.console.dll, TcpClientExtensions.MessageLoopAsync: Polling on remoteEndPoint: 127.0.0.1:63770 localEndPoint: 127.0.0.1:63769
TpTrace Verbose: 0 : 15924, 4, 2021/11/17, 11:56:37.030, 1300957094270, vstest.console.dll, TcpClientExtensions.MessageLoopAsync: NotifyDataAvailable remoteEndPoint: 127.0.0.1:63770 localEndPoint: 127.0.0.1:63769
TpTrace Verbose: 0 : 15924, 4, 2021/11/17, 11:56:37.030, 1300957096454, vstest.console.dll, TestRequestSender.OnExecutionMessageReceived: Received message: {"Version":2,"MessageType":"TestExecution.Completed","Payload":{"TestRunCompleteArgs":{"TestRunStatistics":{"ExecutedTests":25,"Stats":{"Passed":25}},"IsCanceled":false,"IsAborted":false,"Error":null,"AttachmentSets":[],"ElapsedTimeInRunningTests":"00:00:02.7240518","Metrics":{}},"LastRunTests":{"NewTestResults":[{"TestCase":{"Id":"dffd000f-f2ec-c341-0a6a-2e5f28405131","FullyQualifiedName":"ToDoList.Infrastructure.UnitTests.Repositories.UserRepositoryTests.GetUserDetailsByName_Success","DisplayName":"ToDoList.Infrastructure.UnitTests.Repositories.UserRepositoryTests.GetUserDetailsByName_Success","ExecutorUri":"executor://xunit/VsTestRunner2/netcoreapp","Source":"C:\\Users\\roshini.lakshmanan\\source\\repos\\Del\\ToDo\\ToDoAPI\\ToDoList.Infrastructure.UnitTests\\bin\\Debug\\netcoreapp3.1\\fine-code-coverage\\build-output\\ToDoList.Infrastructure.UnitTests.dll","CodeFilePath":null,"LineNumber":0,"Properties":[]},"Attachments":[],"Outcome":1,"ErrorMessage":null,"ErrorStackTrace":null,"DisplayName":"ToDoList.Infrastructure.UnitTests.Repositories.UserRepositoryTests.GetUserDetailsByName_Success","Messages":[],"ComputerName":"INDPRFTCPL488","Duration":"00:00:00.0110192","StartTime":"2021-11-17T06:26:37.0016501+00:00","EndTime":"2021-11-17T06:26:37.0016541+00:00","Properties":[]},{"TestCase":{"Id":"24f68f3e-59dc-9221-b6e5-4765b2105a50","FullyQualifiedName":"ToDoList.Infrastructure.UnitTests.Repositories.ToDoItemRepositoryTests.GetToDoItemAsync_Null_Response","DisplayName":"ToDoList.Infrastructure.UnitTests.Repositories.ToDoItemRepositoryTests.GetToDoItemAsync_Null_Response","ExecutorUri":"executor://xunit/VsTestRunner2/netcoreapp","Source":"C:\\Users\\roshini.lakshmanan\\source\\repos\\Del\\ToDo\\ToDoAPI\\ToDoList.Infrastructure.UnitTests\\bin\\Debug\\netcoreapp3.1\\fine-code-coverage\\build-output\\ToDoList.Infrastructure.UnitTests.dll","CodeFilePath":null,"LineNumber":0,"Properties":[]},"Attachments":[],"Outcome":1,"ErrorMessage":null,"ErrorStackTrace":null,"DisplayName":"ToDoList.Infrastructure.UnitTests.Repositories.ToDoItemRepositoryTests.GetToDoItemAsync_Null_Response","Messages":[],"ComputerName":"INDPRFTCPL488","Duration":"00:00:00.0083829","StartTime":"2021-11-17T06:26:37.0040515+00:00","EndTime":"2021-11-17T06:26:37.0040533+00:00","Properties":[]},{"TestCase":{"Id":"1eddb239-cfc4-8c82-bd1b-24efa3c33454","FullyQualifiedName":"ToDoList.Infrastructure.UnitTests.Repositories.UserRepositoryTests.GetUserDetailsByName_Failure","DisplayName":"ToDoList.Infrastructure.UnitTests.Repositories.UserRepositoryTests.GetUserDetailsByName_Failure","ExecutorUri":"executor://xunit/VsTestRunner2/netcoreapp","Source":"C:\\Users\\roshini.lakshmanan\\source\\repos\\Del\\ToDo\\ToDoAPI\\ToDoList.Infrastructure.UnitTests\\bin\\Debug\\netcoreapp3.1\\fine-code-coverage\\build-output\\ToDoList.Infrastructure.UnitTests.dll","CodeFilePath":null,"LineNumber":0,"Properties":[]},"Attachments":[],"Outcome":1,"ErrorMessage":null,"ErrorStackTrace":null,"DisplayName":"ToDoList.Infrastructure.UnitTests.Repositories.UserRepositoryTests.GetUserDetailsByName_Failure","Messages":[],"ComputerName":"INDPRFTCPL488","Duration":"00:00:00.0015990","StartTime":"2021-11-17T06:26:37.0059607+00:00","EndTime":"2021-11-17T06:26:37.005962+00:00","Properties":[]},{"TestCase":{"Id":"d7121151-9e97-7ac1-9adf-90765f4213d5","FullyQualifiedName":"ToDoList.Infrastructure.UnitTests.Repositories.UserRepositoryTests.Constructor_ContextIsNull_ThrowsArgumentNullException","DisplayName":"ToDoList.Infrastructure.UnitTests.Repositories.UserRepositoryTests.Constructor_ContextIsNull_ThrowsArgumentNullException","ExecutorUri":"executor://xunit/VsTestRunner2/netcoreapp","Source":"C:\\Users\\roshini.lakshmanan\\source\\repos\\Del\\ToDo\\ToDoAPI\\ToDoList.Infrastructure.UnitTests\\bin\\Debug\\netcoreapp3.1\\fine-code-coverage\\build-output\\ToDoList.Infrastructure.UnitTests.dll","CodeFilePath":null,"LineNumber":0,"Properties":[]},"Attachments":[],"Outcome":1,"ErrorMessage":null,"ErrorStackTrace":null,"DisplayName":"ToDoList.Infrastructure.UnitTests.Repositories.UserRepositoryTests.Constructor_ContextIsNull_ThrowsArgumentNullException","Messages":[],"ComputerName":"INDPRFTCPL488","Duration":"00:00:00.0004903","StartTime":"2021-11-17T06:26:37.0081664+00:00","EndTime":"2021-11-17T06:26:37.0081694+00:00","Properties":[]},{"TestCase":{"Id":"94b1e1f9-cf98-40ae-d205-5453639bd2dd","FullyQualifiedName":"ToDoList.Infrastructure.UnitTests.Repositories.ToDoItemRepositoryTests.Remove_Existing_ToDoItem_Success","DisplayName":"ToDoList.Infrastructure.UnitTests.Repositories.ToDoItemRepositoryTests.Remove_Existing_ToDoItem_Success","ExecutorUri":"executor://xunit/VsTestRunner2/netcoreapp","Source":"C:\\Users\\roshini.lakshmanan\\source\\repos\\Del\\ToDo\\ToDoAPI\\ToDoList.Infrastructure.UnitTests\\bin\\Debug\\netcoreapp3.1\\fine-code-coverage\\build-output\\ToDoList.Infrastructure.UnitTests.dll","CodeFilePath":null,"LineNumber":0,"Properties":[]},"Attachments":[],"Outcome":1,"ErrorMessage":null,"ErrorStackTrace":null,"DisplayName":"ToDoList.Infrastructure.UnitTests.Repositories.ToDoItemRepositoryTests.Remove_Existing_ToDoItem_Success","Messages":[],"ComputerName":"INDPRFTCPL488","Duration":"00:00:00.0017917","StartTime":"2021-11-17T06:26:37.0093779+00:00","EndTime":"2021-11-17T06:26:37.0093798+00:00","Properties":[]},{"TestCase":{"Id":"d1e94969-3694-ff95-7de4-907401a374cb","FullyQualifiedName":"ToDoList.Infrastructure.UnitTests.Repositories.ToDoItemRepositoryTests.Constructor_ContextIsNull_ThrowsArgumentNullException","DisplayName":"ToDoList.Infrastructure.UnitTests.Repositories.ToDoItemRepositoryTests.Constructor_ContextIsNull_ThrowsArgumentNullException","ExecutorUri":"executor://xunit/VsTestRunner2/netcoreapp","Source":"C:\\Users\\roshini.lakshmanan\\source\\repos\\Del\\ToDo\\ToDoAPI\\ToDoList.Infrastructure.UnitTests\\bin\\Debug\\netcoreapp3.1\\fine-code-coverage\\build-output\\ToDoList.Infrastructure.UnitTests.dll","CodeFilePath":null,"LineNumber":0,"Properties":[]},"Attachments":[],"Outcome":1,"ErrorMessage":null,"ErrorStackTrace":null,"DisplayName":"ToDoList.Infrastructure.UnitTests.Repositories.ToDoItemRepositoryTests.Constructor_ContextIsNull_ThrowsArgumentNullException","Messages":[],"ComputerName":"INDPRFTCPL488","Duration":"00:00:00.0005325","StartTime":"2021-11-17T06:26:37.0112967+00:00","EndTime":"2021-11-17T06:26:37.0112987+00:00","Properties":[]},{"TestCase":{"Id":"e61ac411-d663-b33e-3aff-34c74d8bc885","FullyQualifiedName":"ToDoList.Infrastructure.UnitTests.Repositories.ToDoItemRepositoryTests.IsItemExists_Failure","DisplayName":"ToDoList.Infrastructure.UnitTests.Repositories.ToDoItemRepositoryTests.IsItemExists_Failure","ExecutorUri":"executor://xunit/VsTestRunner2/netcoreapp","Source":"C:\\Users\\roshini.lakshmanan\\source\\repos\\Del\\ToDo\\ToDoAPI\\ToDoList.Infrastructure.UnitTests\\bin\\Debug\\netcoreapp3.1\\fine-code-coverage\\build-output\\ToDoList.Infrastructure.UnitTests.dll","CodeFilePath":null,"LineNumber":0,"Properties":[]},"Attachments":[],"Outcome":1,"ErrorMessage":null,"ErrorStackTrace":null,"DisplayName":"ToDoList.Infrastructure.UnitTests.Repositories.ToDoItemRepositoryTests.IsItemExists_Failure","Messages":[],"ComputerName":"INDPRFTCPL488","Duration":"00:00:00.0006267","StartTime":"2021-11-17T06:26:37.0131661+00:00","EndTime":"2021-11-17T06:26:37.0131676+00:00","Properties":[]}],"TestRunStatistics":{"ExecutedTests":25,"Stats":{"Passed":25}},"ActiveTests":[]},"RunAttachments":[],"ExecutorUris":["executor://xunit/VsTestRunner2/netcoreapp"]}}
TpTrace Verbose: 0 : 15924, 4, 2021/11/17, 11:56:37.031, 1300957099837, vstest.console.dll, TestRequestSender.EndSession: Sending end session.
TpTrace Verbose: 0 : 15924, 4, 2021/11/17, 11:56:37.031, 1300957101096, vstest.console.dll, ProxyOperationManager.Close: waiting for test host to exit for 100 ms
TpTrace Warning: 0 : 15924, 6, 2021/11/17, 11:56:37.086, 1300957649028, vstest.console.dll, TestHostManagerCallbacks.ErrorReceivedCallback Test host standard error line: 
TpTrace Verbose: 0 : 15924, 7, 2021/11/17, 11:56:37.113, 1300957921011, vstest.console.dll, TestHostProvider.ExitCallBack: Host exited starting callback.
TpTrace Information: 0 : 15924, 7, 2021/11/17, 11:56:37.114, 1300957928064, vstest.console.dll, TestHostManagerCallbacks.ExitCallBack: Testhost processId: 9976 exited with exitcode: 0 error: ''
TpTrace Verbose: 0 : 15924, 7, 2021/11/17, 11:56:37.114, 1300957929165, vstest.console.dll, DotnetTestHostManager.OnHostExited: invoking OnHostExited callback
TpTrace Verbose: 0 : 15924, 7, 2021/11/17, 11:56:37.114, 1300957930018, vstest.console.dll, CrossPlatEngine.TestHostManagerHostExited: calling on client process exit callback.
TpTrace Information: 0 : 15924, 7, 2021/11/17, 11:56:37.114, 1300957930864, vstest.console.dll, TestRequestSender.OnClientProcessExit: Test host process exited. Standard error: 
TpTrace Warning: 0 : 15924, 4, 2021/11/17, 11:56:37.114, 1300957931058, vstest.console.dll, ProxyOperationManager: Timed out waiting for test host to exit. Will terminate process.
TpTrace Information: 0 : 15924, 7, 2021/11/17, 11:56:37.114, 1300957931721, vstest.console.dll, SocketServer.Stop: Stop server endPoint: 127.0.0.1:63769
TpTrace Information: 0 : 15924, 7, 2021/11/17, 11:56:37.114, 1300957933576, vstest.console.dll, SocketServer.Stop: Cancellation requested. Stopping message loop.
TpTrace Verbose: 0 : 15924, 4, 2021/11/17, 11:56:37.115, 1300957944968, vstest.console.dll, ProxyDataCollectionManager.InvokeDataCollectionServiceAction: Starting.
TpTrace Information: 0 : 15924, 4, 2021/11/17, 11:56:37.115, 1300957945795, vstest.console.dll, ProxyDataCollectionManager.AfterTestRunEnd: Get attachment set for datacollector processId: 7704 port: 63765
TpTrace Verbose: 0 : 15924, 4, 2021/11/17, 11:56:37.115, 1300957946437, vstest.console.dll, DataCollectionRequestSender.SendAfterTestRunStartAndGetResult : Send AfterTestRunEnd message with isCancelled: False
TpTrace Verbose: 0 : 15924, 4, 2021/11/17, 11:56:37.120, 1300957996424, vstest.console.dll, DataCollectionRequestSender.SendAfterTestRunStartAndGetResult : Received message: (DataCollection.AfterTestRunEndResult) -> {
  "AttachmentSets": [],
  "Metrics": {}
}
TpTrace Information: 0 : 15924, 4, 2021/11/17, 11:56:37.123, 1300958021270, vstest.console.dll, ProxyDataCollectionManager.InvokeDataCollectionServiceAction: Completed.
TpTrace Warning: 0 : 15924, 9, 2021/11/17, 11:56:37.125, 1300958045576, vstest.console.dll, DataCollectionLauncher.ErrorReceivedCallback datacollector standard error line: 
TpTrace Information: 0 : 15924, 7, 2021/11/17, 11:56:37.131, 1300958101807, vstest.console.dll, DataCollectionLauncher.ExitCallBack: Data collector exited with exitcode: 0 error: ''
TpTrace Verbose: 0 : 15924, 4, 2021/11/17, 11:56:37.146, 1300958254031, vstest.console.dll, TestRunRequest:SendTestRunStatsChange: Starting.
TpTrace Information: 0 : 15924, 4, 2021/11/17, 11:56:37.146, 1300958254919, vstest.console.dll, TestRunRequest:SendTestRunStatsChange: Completed.
TpTrace Verbose: 0 : 15924, 4, 2021/11/17, 11:56:37.146, 1300958256169, vstest.console.dll, ParallelProxyExecutionManager: HandlePartialRunComplete: Total completed clients = 1, Run complete = True, Run canceled: False.
TpTrace Verbose: 0 : 15924, 4, 2021/11/17, 11:56:37.165, 1300958441144, vstest.console.dll, TestRunRequest:TestRunComplete: Starting. IsAborted:False IsCanceled:False.
TpTrace Verbose: 0 : 15924, 4, 2021/11/17, 11:56:37.165, 1300958442897, vstest.console.dll, TestLoggerManager.HandleTestRunComplete: Ignoring as the object is disposed.
TpTrace Verbose: 0 : 15924, 1, 2021/11/17, 11:56:37.165, 1300958445464, vstest.console.dll, TestRunRequest.Dispose: Starting.
TpTrace Information: 0 : 15924, 4, 2021/11/17, 11:56:37.165, 1300958445522, vstest.console.dll, TestRunRequest:TestRunComplete: Completed.
TpTrace Verbose: 0 : 15924, 4, 2021/11/17, 11:56:37.165, 1300958446467, vstest.console.dll, TestRequestSender.SetOperationComplete: Setting operation complete.
TpTrace Information: 0 : 15924, 1, 2021/11/17, 11:56:37.165, 1300958446522, vstest.console.dll, TestRunRequest.Dispose: Completed.
TpTrace Information: 0 : 15924, 4, 2021/11/17, 11:56:37.165, 1300958446856, vstest.console.dll, SocketServer.Stop: Stop server endPoint: 127.0.0.1:63769
TpTrace Information: 0 : 15924, 4, 2021/11/17, 11:56:37.166, 1300958447593, vstest.console.dll, SocketServer.Stop: Cancellation requested. Stopping message loop.
TpTrace Information: 0 : 15924, 1, 2021/11/17, 11:56:37.166, 1300958447289, vstest.console.dll, TestRequestManager.RunTests: run tests completed.
TpTrace Information: 0 : 15924, 4, 2021/11/17, 11:56:37.166, 1300958447976, vstest.console.dll, SocketServer.PrivateStop: Stop server endPoint: 127.0.0.1:63769 error: 
TpTrace Information: 0 : 15924, 1, 2021/11/17, 11:56:37.166, 1300958448704, vstest.console.dll, RunTestsArgumentProcessor:Execute: Test run is completed.
TpTrace Verbose: 0 : 15924, 1, 2021/11/17, 11:56:37.166, 1300958450131, vstest.console.dll, Executor.Execute: Exiting with exit code of 0
TpTrace Verbose: 0 : 15924, 4, 2021/11/17, 11:56:37.166, 1300958452333, vstest.console.dll, LengthPrefixCommunicationChannel.Dispose: Dispose reader and writer.
TpTrace Information: 0 : 15924, 4, 2021/11/17, 11:56:37.166, 1300958452928, vstest.console.dll, SocketServer.Stop: Raise disconnected event endPoint: 127.0.0.1:63769 error: 
TpTrace Verbose: 0 : 15924, 4, 2021/11/17, 11:56:37.166, 1300958453522, vstest.console.dll, TestRequestSender: OnTestRunAbort: Operation is already complete. Skip error message.
TpTrace Verbose: 0 : 15924, 4, 2021/11/17, 11:56:37.166, 1300958453789, vstest.console.dll, TcpClientExtensions.MessageLoopAsync: exiting MessageLoopAsync remoteEndPoint: 127.0.0.1:63770 localEndPoint: 127.0.0.1:63769
