TpTrace Verbose: 0 : 5376, 1, 2021/11/17, 11:56:16.515, 1300751956058, vstest.console.dll, Version: 16.11.0
TpTrace Information: 0 : 5376, 1, 2021/11/17, 11:56:16.529, 1300752084002, vstest.console.dll, FilePatternParser: The given file C:\Users\roshini.lakshmanan\source\repos\Del\ToDo\ToDoAPI\ToDoAPI.UnitTests\bin\Debug\netcoreapp3.1\fine-code-coverage\build-output\ToDoAPI.UnitTests.dll is a full path.
TpTrace Verbose: 0 : 5376, 1, 2021/11/17, 11:56:16.560, 1300752396989, vstest.console.dll, TestPluginCache.DiscoverTestExtensions: finding test extensions in assemblies ends with: RuntimeProvider.dll TPluginInfo: Microsoft.VisualStudio.TestPlatform.Common.ExtensionFramework.Utilities.TestRuntimePluginInformation TExtension: Microsoft.VisualStudio.TestPlatform.ObjectModel.Host.ITestRuntimeProvider
TpTrace Verbose: 0 : 5376, 1, 2021/11/17, 11:56:16.561, 1300752407158, vstest.console.dll, TestPluginCache.GetExtensionPaths: Filtered extension paths: 
TpTrace Verbose: 0 : 5376, 1, 2021/11/17, 11:56:16.562, 1300752408594, vstest.console.dll, TestPluginCache.GetExtensionPaths: Added default extension paths: C:\Program Files\dotnet\sdk\5.0.403\Extensions\Microsoft.Diagnostics.NETCore.Client.dll
C:\Program Files\dotnet\sdk\5.0.403\Extensions\Microsoft.TestPlatform.Extensions.BlameDataCollector.dll
C:\Program Files\dotnet\sdk\5.0.403\Extensions\Microsoft.TestPlatform.Extensions.EventLogCollector.dll
C:\Program Files\dotnet\sdk\5.0.403\Extensions\Microsoft.TestPlatform.TestHostRuntimeProvider.dll
C:\Program Files\dotnet\sdk\5.0.403\Extensions\Microsoft.VisualStudio.TestPlatform.Extensions.Html.TestLogger.dll
C:\Program Files\dotnet\sdk\5.0.403\Extensions\Microsoft.VisualStudio.TestPlatform.Extensions.Trx.TestLogger.dll
TpTrace Verbose: 0 : 5376, 1, 2021/11/17, 11:56:16.562, 1300752409054, vstest.console.dll, TestPluginCache.GetExtensionPaths: Added unfilterableExtensionPaths: 
TpTrace Information: 0 : 5376, 1, 2021/11/17, 11:56:16.563, 1300752419241, vstest.console.dll, AssemblyResolver.ctor: Creating AssemblyResolver with searchDirectories C:\Program Files\dotnet\sdk\5.0.403\Extensions,C:\Program Files\dotnet\sdk\5.0.403
TpTrace Verbose: 0 : 5376, 1, 2021/11/17, 11:56:16.564, 1300752437178, vstest.console.dll, TestPluginCache.DiscoverTestExtensions: Discovering the extensions using extension path.
TpTrace Verbose: 0 : 5376, 1, 2021/11/17, 11:56:16.565, 1300752438714, vstest.console.dll, TestPluginCache.GetExtensionPaths: Filtered extension paths: 
TpTrace Verbose: 0 : 5376, 1, 2021/11/17, 11:56:16.565, 1300752439165, vstest.console.dll, TestPluginCache.GetExtensionPaths: Added default extension paths: C:\Program Files\dotnet\sdk\5.0.403\Extensions\Microsoft.Diagnostics.NETCore.Client.dll
C:\Program Files\dotnet\sdk\5.0.403\Extensions\Microsoft.TestPlatform.Extensions.BlameDataCollector.dll
C:\Program Files\dotnet\sdk\5.0.403\Extensions\Microsoft.TestPlatform.Extensions.EventLogCollector.dll
C:\Program Files\dotnet\sdk\5.0.403\Extensions\Microsoft.TestPlatform.TestHostRuntimeProvider.dll
C:\Program Files\dotnet\sdk\5.0.403\Extensions\Microsoft.VisualStudio.TestPlatform.Extensions.Html.TestLogger.dll
C:\Program Files\dotnet\sdk\5.0.403\Extensions\Microsoft.VisualStudio.TestPlatform.Extensions.Trx.TestLogger.dll
TpTrace Verbose: 0 : 5376, 1, 2021/11/17, 11:56:16.565, 1300752439564, vstest.console.dll, TestPluginCache.GetExtensionPaths: Added unfilterableExtensionPaths: 
TpTrace Verbose: 0 : 5376, 1, 2021/11/17, 11:56:16.565, 1300752440210, vstest.console.dll, TestPluginCache.DiscoverTestExtensions: Discovering the extensions using allExtensionPaths: C:\Program Files\dotnet\sdk\5.0.403\Extensions\Microsoft.Diagnostics.NETCore.Client.dll
C:\Program Files\dotnet\sdk\5.0.403\Extensions\Microsoft.TestPlatform.Extensions.BlameDataCollector.dll
C:\Program Files\dotnet\sdk\5.0.403\Extensions\Microsoft.TestPlatform.Extensions.EventLogCollector.dll
C:\Program Files\dotnet\sdk\5.0.403\Extensions\Microsoft.TestPlatform.TestHostRuntimeProvider.dll
C:\Program Files\dotnet\sdk\5.0.403\Extensions\Microsoft.VisualStudio.TestPlatform.Extensions.Html.TestLogger.dll
C:\Program Files\dotnet\sdk\5.0.403\Extensions\Microsoft.VisualStudio.TestPlatform.Extensions.Trx.TestLogger.dll
TpTrace Information: 0 : 5376, 1, 2021/11/17, 11:56:16.565, 1300752441813, vstest.console.dll, AssemblyResolver.AddSearchDirectories: Adding more searchDirectories C:\Program Files\dotnet\sdk\5.0.403\Extensions,C:\Program Files\dotnet\sdk\5.0.403
TpTrace Information: 0 : 5376, 1, 2021/11/17, 11:56:16.565, 1300752442469, vstest.console.dll, AssemblyResolver.AddSearchDirectories: Adding more searchDirectories C:\Program Files\dotnet\sdk\5.0.403\Extensions,C:\Program Files\dotnet\sdk\5.0.403
TpTrace Information: 0 : 5376, 1, 2021/11/17, 11:56:16.565, 1300752442881, vstest.console.dll, AssemblyResolver.AddSearchDirectories: Adding more searchDirectories C:\Program Files\dotnet\sdk\5.0.403\Extensions,C:\Program Files\dotnet\sdk\5.0.403
TpTrace Information: 0 : 5376, 1, 2021/11/17, 11:56:16.565, 1300752443266, vstest.console.dll, AssemblyResolver.AddSearchDirectories: Adding more searchDirectories C:\Program Files\dotnet\sdk\5.0.403\Extensions,C:\Program Files\dotnet\sdk\5.0.403
TpTrace Information: 0 : 5376, 1, 2021/11/17, 11:56:16.565, 1300752443595, vstest.console.dll, AssemblyResolver.AddSearchDirectories: Adding more searchDirectories C:\Program Files\dotnet\sdk\5.0.403\Extensions,C:\Program Files\dotnet\sdk\5.0.403
TpTrace Information: 0 : 5376, 1, 2021/11/17, 11:56:16.565, 1300752443910, vstest.console.dll, AssemblyResolver.AddSearchDirectories: Adding more searchDirectories C:\Program Files\dotnet\sdk\5.0.403\Extensions,C:\Program Files\dotnet\sdk\5.0.403
TpTrace Information: 0 : 5376, 1, 2021/11/17, 11:56:16.566, 1300752447404, vstest.console.dll, AssemblyResolver.OnResolve: Microsoft.Diagnostics.NETCore.Client: Resolving assembly.
TpTrace Information: 0 : 5376, 1, 2021/11/17, 11:56:16.566, 1300752448042, vstest.console.dll, AssemblyResolver.OnResolve: Microsoft.Diagnostics.NETCore.Client: Searching in: 'C:\Program Files\dotnet\sdk\5.0.403\Extensions'.
TpTrace Information: 0 : 5376, 1, 2021/11/17, 11:56:16.575, 1300752540758, vstest.console.dll, AssemblyResolver.OnResolve: Microsoft.Diagnostics.NETCore.Client: Loading assembly 'C:\Program Files\dotnet\sdk\5.0.403\Extensions\Microsoft.Diagnostics.NETCore.Client.dll'.
TpTrace Information: 0 : 5376, 1, 2021/11/17, 11:56:16.579, 1300752586159, vstest.console.dll, AssemblyResolver.OnResolve: Resolved assembly: Microsoft.Diagnostics.NETCore.Client, from path: C:\Program Files\dotnet\sdk\5.0.403\Extensions\Microsoft.Diagnostics.NETCore.Client.dll
TpTrace Information: 0 : 5376, 1, 2021/11/17, 11:56:16.584, 1300752629409, vstest.console.dll, AssemblyResolver.OnResolve: Microsoft.Bcl.AsyncInterfaces: Resolving assembly.
TpTrace Information: 0 : 5376, 1, 2021/11/17, 11:56:16.584, 1300752630348, vstest.console.dll, AssemblyResolver.OnResolve: Microsoft.Bcl.AsyncInterfaces: Searching in: 'C:\Program Files\dotnet\sdk\5.0.403\Extensions'.
TpTrace Information: 0 : 5376, 1, 2021/11/17, 11:56:16.584, 1300752631364, vstest.console.dll, AssemblyResolver.OnResolve: Microsoft.Bcl.AsyncInterfaces: Assembly path does not exist: 'C:\Program Files\dotnet\sdk\5.0.403\Extensions\Microsoft.Bcl.AsyncInterfaces.dll', returning.
TpTrace Information: 0 : 5376, 1, 2021/11/17, 11:56:16.584, 1300752632197, vstest.console.dll, AssemblyResolver.OnResolve: Microsoft.Bcl.AsyncInterfaces: Assembly path does not exist: 'C:\Program Files\dotnet\sdk\5.0.403\Extensions\Microsoft.Bcl.AsyncInterfaces.exe', returning.
TpTrace Information: 0 : 5376, 1, 2021/11/17, 11:56:16.584, 1300752632603, vstest.console.dll, AssemblyResolver.OnResolve: Microsoft.Bcl.AsyncInterfaces: Searching in: 'C:\Program Files\dotnet\sdk\5.0.403'.
TpTrace Information: 0 : 5376, 1, 2021/11/17, 11:56:16.584, 1300752633346, vstest.console.dll, AssemblyResolver.OnResolve: Microsoft.Bcl.AsyncInterfaces: Assembly path does not exist: 'C:\Program Files\dotnet\sdk\5.0.403\Microsoft.Bcl.AsyncInterfaces.dll', returning.
TpTrace Information: 0 : 5376, 1, 2021/11/17, 11:56:16.584, 1300752634069, vstest.console.dll, AssemblyResolver.OnResolve: Microsoft.Bcl.AsyncInterfaces: Assembly path does not exist: 'C:\Program Files\dotnet\sdk\5.0.403\Microsoft.Bcl.AsyncInterfaces.exe', returning.
TpTrace Information: 0 : 5376, 1, 2021/11/17, 11:56:16.584, 1300752634891, vstest.console.dll, AssemblyResolver.OnResolve: Microsoft.Bcl.AsyncInterfaces: Failed to load assembly.
TpTrace Verbose: 0 : 5376, 1, 2021/11/17, 11:56:16.584, 1300752635417, vstest.console.dll, CurrentDomainAssemblyResolve: Resolving assembly 'Microsoft.Bcl.AsyncInterfaces'.
TpTrace Information: 0 : 5376, 1, 2021/11/17, 11:56:16.584, 1300752636103, vstest.console.dll, AssemblyResolver.OnResolve: Microsoft.Bcl.AsyncInterfaces: Resolving assembly.
TpTrace Information: 0 : 5376, 1, 2021/11/17, 11:56:16.584, 1300752636543, vstest.console.dll, AssemblyResolver.OnResolve: Microsoft.Bcl.AsyncInterfaces: Resolved from cache.
TpTrace Verbose: 0 : 5376, 1, 2021/11/17, 11:56:16.584, 1300752636941, vstest.console.dll, CurrentDomainAssemblyResolve: Resolving assembly 'Microsoft.Bcl.AsyncInterfaces'.
TpTrace Verbose: 0 : 5376, 1, 2021/11/17, 11:56:16.585, 1300752637423, vstest.console.dll, CurrentDomainAssemblyResolve: Failed to resolve assembly 'Microsoft.Bcl.AsyncInterfaces'.
TpTrace Verbose: 0 : 5376, 1, 2021/11/17, 11:56:16.586, 1300752649065, vstest.console.dll, CurrentDomainAssemblyResolve: Failed to resolve assembly 'Microsoft.Bcl.AsyncInterfaces'.
TpTrace Warning: 0 : 5376, 1, 2021/11/17, 11:56:16.680, 1300753591833, vstest.console.dll, TestPluginDiscoverer: Failed to get types from assembly 'Microsoft.Diagnostics.NETCore.Client, Version=0.2.2.41902, Culture=neutral, PublicKeyToken=31bf3856ad364e35'.  Skipping test extension scan for this assembly.  Error: System.Reflection.ReflectionTypeLoadException: Unable to load one or more of the requested types.
Could not load file or assembly 'Microsoft.Bcl.AsyncInterfaces, Version=1.0.0.0, Culture=neutral, PublicKeyToken=cc7b13ffcd2ddd51'. The system cannot find the file specified.
   at System.Reflection.RuntimeModule.GetTypes(RuntimeModule module)
   at System.Reflection.RuntimeModule.GetTypes()
   at System.Reflection.Assembly.GetTypes()
   at Microsoft.VisualStudio.TestPlatform.Common.ExtensionFramework.TestPluginDiscoverer.GetTestExtensionsFromAssembly[TPluginInfo,TExtension](Assembly assembly, Dictionary`2 pluginInfos)
System.IO.FileNotFoundException: Could not load file or assembly 'Microsoft.Bcl.AsyncInterfaces, Version=1.0.0.0, Culture=neutral, PublicKeyToken=cc7b13ffcd2ddd51'. The system cannot find the file specified.
File name: 'Microsoft.Bcl.AsyncInterfaces, Version=1.0.0.0, Culture=neutral, PublicKeyToken=cc7b13ffcd2ddd51'
TpTrace Warning: 0 : 5376, 1, 2021/11/17, 11:56:16.680, 1300753593022, vstest.console.dll, LoaderExceptions: System.IO.FileNotFoundException: Could not load file or assembly 'Microsoft.Bcl.AsyncInterfaces, Version=1.0.0.0, Culture=neutral, PublicKeyToken=cc7b13ffcd2ddd51'. The system cannot find the file specified.
File name: 'Microsoft.Bcl.AsyncInterfaces, Version=1.0.0.0, Culture=neutral, PublicKeyToken=cc7b13ffcd2ddd51'
TpTrace Information: 0 : 5376, 1, 2021/11/17, 11:56:16.680, 1300753594171, vstest.console.dll, AssemblyResolver.OnResolve: Microsoft.TestPlatform.Extensions.BlameDataCollector: Resolving assembly.
TpTrace Information: 0 : 5376, 1, 2021/11/17, 11:56:16.680, 1300753594599, vstest.console.dll, AssemblyResolver.OnResolve: Microsoft.TestPlatform.Extensions.BlameDataCollector: Searching in: 'C:\Program Files\dotnet\sdk\5.0.403\Extensions'.
TpTrace Information: 0 : 5376, 1, 2021/11/17, 11:56:16.749, 1300754277928, vstest.console.dll, AssemblyResolver.OnResolve: Microsoft.TestPlatform.Extensions.BlameDataCollector: Loading assembly 'C:\Program Files\dotnet\sdk\5.0.403\Extensions\Microsoft.TestPlatform.Extensions.BlameDataCollector.dll'.
TpTrace Information: 0 : 5376, 1, 2021/11/17, 11:56:16.753, 1300754320071, vstest.console.dll, AssemblyResolver.OnResolve: Resolved assembly: Microsoft.TestPlatform.Extensions.BlameDataCollector, from path: C:\Program Files\dotnet\sdk\5.0.403\Extensions\Microsoft.TestPlatform.Extensions.BlameDataCollector.dll
TpTrace Information: 0 : 5376, 1, 2021/11/17, 11:56:16.753, 1300754326581, vstest.console.dll, AssemblyResolver.OnResolve: Microsoft.TestPlatform.Extensions.EventLogCollector: Resolving assembly.
TpTrace Information: 0 : 5376, 1, 2021/11/17, 11:56:16.754, 1300754327319, vstest.console.dll, AssemblyResolver.OnResolve: Microsoft.TestPlatform.Extensions.EventLogCollector: Searching in: 'C:\Program Files\dotnet\sdk\5.0.403\Extensions'.
TpTrace Information: 0 : 5376, 1, 2021/11/17, 11:56:16.761, 1300754397948, vstest.console.dll, AssemblyResolver.OnResolve: Microsoft.TestPlatform.Extensions.EventLogCollector: Loading assembly 'C:\Program Files\dotnet\sdk\5.0.403\Extensions\Microsoft.TestPlatform.Extensions.EventLogCollector.dll'.
TpTrace Information: 0 : 5376, 1, 2021/11/17, 11:56:16.762, 1300754408644, vstest.console.dll, AssemblyResolver.OnResolve: Resolved assembly: Microsoft.TestPlatform.Extensions.EventLogCollector, from path: C:\Program Files\dotnet\sdk\5.0.403\Extensions\Microsoft.TestPlatform.Extensions.EventLogCollector.dll
TpTrace Information: 0 : 5376, 1, 2021/11/17, 11:56:16.778, 1300754574376, vstest.console.dll, AssemblyResolver.OnResolve: Microsoft.TestPlatform.TestHostRuntimeProvider: Resolving assembly.
TpTrace Information: 0 : 5376, 1, 2021/11/17, 11:56:16.778, 1300754575258, vstest.console.dll, AssemblyResolver.OnResolve: Microsoft.TestPlatform.TestHostRuntimeProvider: Searching in: 'C:\Program Files\dotnet\sdk\5.0.403\Extensions'.
TpTrace Information: 0 : 5376, 1, 2021/11/17, 11:56:16.789, 1300754678184, vstest.console.dll, AssemblyResolver.OnResolve: Microsoft.TestPlatform.TestHostRuntimeProvider: Loading assembly 'C:\Program Files\dotnet\sdk\5.0.403\Extensions\Microsoft.TestPlatform.TestHostRuntimeProvider.dll'.
TpTrace Information: 0 : 5376, 1, 2021/11/17, 11:56:16.799, 1300754782896, vstest.console.dll, AssemblyResolver.OnResolve: Resolved assembly: Microsoft.TestPlatform.TestHostRuntimeProvider, from path: C:\Program Files\dotnet\sdk\5.0.403\Extensions\Microsoft.TestPlatform.TestHostRuntimeProvider.dll
TpTrace Information: 0 : 5376, 1, 2021/11/17, 11:56:16.800, 1300754793903, vstest.console.dll, AssemblyResolver.OnResolve: Microsoft.VisualStudio.TestPlatform.Extensions.Html.TestLogger: Resolving assembly.
TpTrace Information: 0 : 5376, 1, 2021/11/17, 11:56:16.800, 1300754794526, vstest.console.dll, AssemblyResolver.OnResolve: Microsoft.VisualStudio.TestPlatform.Extensions.Html.TestLogger: Searching in: 'C:\Program Files\dotnet\sdk\5.0.403\Extensions'.
TpTrace Information: 0 : 5376, 1, 2021/11/17, 11:56:16.811, 1300754903322, vstest.console.dll, AssemblyResolver.OnResolve: Microsoft.VisualStudio.TestPlatform.Extensions.Html.TestLogger: Loading assembly 'C:\Program Files\dotnet\sdk\5.0.403\Extensions\Microsoft.VisualStudio.TestPlatform.Extensions.Html.TestLogger.dll'.
TpTrace Information: 0 : 5376, 1, 2021/11/17, 11:56:16.815, 1300754940780, vstest.console.dll, AssemblyResolver.OnResolve: Resolved assembly: Microsoft.VisualStudio.TestPlatform.Extensions.Html.TestLogger, from path: C:\Program Files\dotnet\sdk\5.0.403\Extensions\Microsoft.VisualStudio.TestPlatform.Extensions.Html.TestLogger.dll
TpTrace Information: 0 : 5376, 1, 2021/11/17, 11:56:16.815, 1300754946465, vstest.console.dll, AssemblyResolver.OnResolve: Microsoft.VisualStudio.TestPlatform.Extensions.Trx.TestLogger: Resolving assembly.
TpTrace Information: 0 : 5376, 1, 2021/11/17, 11:56:16.815, 1300754947178, vstest.console.dll, AssemblyResolver.OnResolve: Microsoft.VisualStudio.TestPlatform.Extensions.Trx.TestLogger: Searching in: 'C:\Program Files\dotnet\sdk\5.0.403\Extensions'.
TpTrace Information: 0 : 5376, 1, 2021/11/17, 11:56:16.824, 1300755031955, vstest.console.dll, AssemblyResolver.OnResolve: Microsoft.VisualStudio.TestPlatform.Extensions.Trx.TestLogger: Loading assembly 'C:\Program Files\dotnet\sdk\5.0.403\Extensions\Microsoft.VisualStudio.TestPlatform.Extensions.Trx.TestLogger.dll'.
TpTrace Information: 0 : 5376, 1, 2021/11/17, 11:56:16.831, 1300755104875, vstest.console.dll, AssemblyResolver.OnResolve: Resolved assembly: Microsoft.VisualStudio.TestPlatform.Extensions.Trx.TestLogger, from path: C:\Program Files\dotnet\sdk\5.0.403\Extensions\Microsoft.VisualStudio.TestPlatform.Extensions.Trx.TestLogger.dll
TpTrace Verbose: 0 : 5376, 1, 2021/11/17, 11:56:16.832, 1300755111375, vstest.console.dll, TestPluginCache: Discovered the extensions using extension path ''.
TpTrace Verbose: 0 : 5376, 1, 2021/11/17, 11:56:16.832, 1300755112049, vstest.console.dll, TestPluginCache: Discoverers are ''.
TpTrace Verbose: 0 : 5376, 1, 2021/11/17, 11:56:16.832, 1300755112393, vstest.console.dll, TestPluginCache: Executors are ''.
TpTrace Verbose: 0 : 5376, 1, 2021/11/17, 11:56:16.832, 1300755112681, vstest.console.dll, TestPluginCache: Executors2 are ''.
TpTrace Verbose: 0 : 5376, 1, 2021/11/17, 11:56:16.832, 1300755112957, vstest.console.dll, TestPluginCache: Setting providers are ''.
TpTrace Verbose: 0 : 5376, 1, 2021/11/17, 11:56:16.832, 1300755113233, vstest.console.dll, TestPluginCache: Loggers are ''.
TpTrace Information: 0 : 5376, 1, 2021/11/17, 11:56:16.837, 1300755164987, vstest.console.dll, RunTestsArgumentProcessor:Execute: Test run is starting.
TpTrace Verbose: 0 : 5376, 1, 2021/11/17, 11:56:16.837, 1300755165881, vstest.console.dll, RunTestsArgumentProcessor:Execute: Queuing Test run.
TpTrace Information: 0 : 5376, 1, 2021/11/17, 11:56:16.838, 1300755167739, vstest.console.dll, TestRequestManager.RunTests: run tests started.
TpTrace Information: 0 : 5376, 1, 2021/11/17, 11:56:16.845, 1300755243295, vstest.console.dll, AssemblyMetadataProvider.GetFrameWork: Determined framework:'.NETCoreApp,Version=v3.1' for source: 'C:\Users\roshini.lakshmanan\source\repos\Del\ToDo\ToDoAPI\ToDoAPI.UnitTests\bin\Debug\netcoreapp3.1\fine-code-coverage\build-output\ToDoAPI.UnitTests.dll'
TpTrace Information: 0 : 5376, 1, 2021/11/17, 11:56:16.845, 1300755245214, vstest.console.dll, Determined framework for all sources: .NETCoreApp,Version=v3.1
TpTrace Information: 0 : 5376, 1, 2021/11/17, 11:56:16.846, 1300755252005, vstest.console.dll, AssemblyMetadataProvider.GetArchitecture: Determined architecture:AnyCPU info for assembly: C:\Users\roshini.lakshmanan\source\repos\Del\ToDo\ToDoAPI\ToDoAPI.UnitTests\bin\Debug\netcoreapp3.1\fine-code-coverage\build-output\ToDoAPI.UnitTests.dll
TpTrace Information: 0 : 5376, 1, 2021/11/17, 11:56:16.848, 1300755269430, vstest.console.dll, Determined platform for all sources: X64
TpTrace Information: 0 : 5376, 1, 2021/11/17, 11:56:16.850, 1300755294618, vstest.console.dll, Compatible sources list : 
TpTrace Information: 0 : 5376, 1, 2021/11/17, 11:56:16.850, 1300755295694, vstest.console.dll, C:\Users\roshini.lakshmanan\source\repos\Del\ToDo\ToDoAPI\ToDoAPI.UnitTests\bin\Debug\netcoreapp3.1\fine-code-coverage\build-output\ToDoAPI.UnitTests.dll
TpTrace Information: 0 : 5376, 1, 2021/11/17, 11:56:16.853, 1300755322039, vstest.console.dll, InferRunSettingsHelper.IsTestSettingsEnabled: Unable to navigate to RunSettings/MSTest. Current node: RunSettings
TpTrace Information: 0 : 5376, 1, 2021/11/17, 11:56:16.854, 1300755328703, vstest.console.dll, AssemblyResolver.OnResolve: Microsoft.VisualStudio.TestPlatform.Fakes: Resolving assembly.
TpTrace Information: 0 : 5376, 1, 2021/11/17, 11:56:16.854, 1300755329359, vstest.console.dll, AssemblyResolver.OnResolve: Microsoft.VisualStudio.TestPlatform.Fakes: Searching in: 'C:\Program Files\dotnet\sdk\5.0.403\Extensions'.
TpTrace Information: 0 : 5376, 1, 2021/11/17, 11:56:16.854, 1300755330602, vstest.console.dll, AssemblyResolver.OnResolve: Microsoft.VisualStudio.TestPlatform.Fakes: Assembly path does not exist: 'C:\Program Files\dotnet\sdk\5.0.403\Extensions\Microsoft.VisualStudio.TestPlatform.Fakes.dll', returning.
TpTrace Information: 0 : 5376, 1, 2021/11/17, 11:56:16.854, 1300755331406, vstest.console.dll, AssemblyResolver.OnResolve: Microsoft.VisualStudio.TestPlatform.Fakes: Assembly path does not exist: 'C:\Program Files\dotnet\sdk\5.0.403\Extensions\Microsoft.VisualStudio.TestPlatform.Fakes.exe', returning.
TpTrace Information: 0 : 5376, 1, 2021/11/17, 11:56:16.854, 1300755331877, vstest.console.dll, AssemblyResolver.OnResolve: Microsoft.VisualStudio.TestPlatform.Fakes: Searching in: 'C:\Program Files\dotnet\sdk\5.0.403'.
TpTrace Information: 0 : 5376, 1, 2021/11/17, 11:56:16.854, 1300755332655, vstest.console.dll, AssemblyResolver.OnResolve: Microsoft.VisualStudio.TestPlatform.Fakes: Assembly path does not exist: 'C:\Program Files\dotnet\sdk\5.0.403\Microsoft.VisualStudio.TestPlatform.Fakes.dll', returning.
TpTrace Information: 0 : 5376, 1, 2021/11/17, 11:56:16.854, 1300755333468, vstest.console.dll, AssemblyResolver.OnResolve: Microsoft.VisualStudio.TestPlatform.Fakes: Assembly path does not exist: 'C:\Program Files\dotnet\sdk\5.0.403\Microsoft.VisualStudio.TestPlatform.Fakes.exe', returning.
TpTrace Information: 0 : 5376, 1, 2021/11/17, 11:56:16.854, 1300755333842, vstest.console.dll, AssemblyResolver.OnResolve: Microsoft.VisualStudio.TestPlatform.Fakes: Failed to load assembly.
TpTrace Information: 0 : 5376, 1, 2021/11/17, 11:56:16.855, 1300755337467, vstest.console.dll, Failed to create newly implemented Fakes Configurator. Reason:System.IO.FileNotFoundException: Could not load file or assembly 'Microsoft.VisualStudio.TestPlatform.Fakes, Version=16.0.0.0, Culture=neutral, PublicKeyToken=null'. The system cannot find the file specified.
File name: 'Microsoft.VisualStudio.TestPlatform.Fakes, Version=16.0.0.0, Culture=neutral, PublicKeyToken=null'
   at System.Reflection.RuntimeAssembly.InternalLoad(ObjectHandleOnStack assemblyName, ObjectHandleOnStack requestingAssembly, StackCrawlMarkHandle stackMark, Boolean throwOnFileNotFound, ObjectHandleOnStack assemblyLoadContext, ObjectHandleOnStack retAssembly)
   at System.Reflection.RuntimeAssembly.InternalLoad(AssemblyName assemblyName, RuntimeAssembly requestingAssembly, StackCrawlMark& stackMark, Boolean throwOnFileNotFound, AssemblyLoadContext assemblyLoadContext)
   at System.Reflection.Assembly.Load(AssemblyName assemblyRef)
   at Microsoft.VisualStudio.TestPlatform.Common.Utilities.FakesUtilities.TryGetFakesCrossPlatformDataCollectorConfigurator() 
TpTrace Verbose: 0 : 5376, 1, 2021/11/17, 11:56:16.859, 1300755382849, vstest.console.dll, TestPluginCache.DiscoverTestExtensions: finding test extensions in assemblies ends with: TestLogger.dll TPluginInfo: Microsoft.VisualStudio.TestPlatform.Common.ExtensionFramework.Utilities.TestLoggerPluginInformation TExtension: Microsoft.VisualStudio.TestPlatform.ObjectModel.Client.ITestLogger
TpTrace Verbose: 0 : 5376, 1, 2021/11/17, 11:56:16.859, 1300755384404, vstest.console.dll, TestPluginCache.GetExtensionPaths: Filtered extension paths: 
TpTrace Verbose: 0 : 5376, 1, 2021/11/17, 11:56:16.859, 1300755385037, vstest.console.dll, TestPluginCache.GetExtensionPaths: Added default extension paths: C:\Program Files\dotnet\sdk\5.0.403\Extensions\Microsoft.Diagnostics.NETCore.Client.dll
C:\Program Files\dotnet\sdk\5.0.403\Extensions\Microsoft.TestPlatform.Extensions.BlameDataCollector.dll
C:\Program Files\dotnet\sdk\5.0.403\Extensions\Microsoft.TestPlatform.Extensions.EventLogCollector.dll
C:\Program Files\dotnet\sdk\5.0.403\Extensions\Microsoft.TestPlatform.TestHostRuntimeProvider.dll
C:\Program Files\dotnet\sdk\5.0.403\Extensions\Microsoft.VisualStudio.TestPlatform.Extensions.Html.TestLogger.dll
C:\Program Files\dotnet\sdk\5.0.403\Extensions\Microsoft.VisualStudio.TestPlatform.Extensions.Trx.TestLogger.dll
TpTrace Verbose: 0 : 5376, 1, 2021/11/17, 11:56:16.859, 1300755385596, vstest.console.dll, TestPluginCache.GetExtensionPaths: Added unfilterableExtensionPaths: 
TpTrace Information: 0 : 5376, 1, 2021/11/17, 11:56:16.860, 1300755387467, vstest.console.dll, AssemblyResolver.AddSearchDirectories: Adding more searchDirectories C:\Program Files\dotnet\sdk\5.0.403\Extensions,C:\Program Files\dotnet\sdk\5.0.403
TpTrace Verbose: 0 : 5376, 1, 2021/11/17, 11:56:16.860, 1300755388027, vstest.console.dll, TestPluginCache.DiscoverTestExtensions: Discovering the extensions using extension path.
TpTrace Verbose: 0 : 5376, 1, 2021/11/17, 11:56:16.860, 1300755388419, vstest.console.dll, TestPluginCache.GetExtensionPaths: Filtered extension paths: 
TpTrace Verbose: 0 : 5376, 1, 2021/11/17, 11:56:16.860, 1300755388773, vstest.console.dll, TestPluginCache.GetExtensionPaths: Added default extension paths: C:\Program Files\dotnet\sdk\5.0.403\Extensions\Microsoft.Diagnostics.NETCore.Client.dll
C:\Program Files\dotnet\sdk\5.0.403\Extensions\Microsoft.TestPlatform.Extensions.BlameDataCollector.dll
C:\Program Files\dotnet\sdk\5.0.403\Extensions\Microsoft.TestPlatform.Extensions.EventLogCollector.dll
C:\Program Files\dotnet\sdk\5.0.403\Extensions\Microsoft.TestPlatform.TestHostRuntimeProvider.dll
C:\Program Files\dotnet\sdk\5.0.403\Extensions\Microsoft.VisualStudio.TestPlatform.Extensions.Html.TestLogger.dll
C:\Program Files\dotnet\sdk\5.0.403\Extensions\Microsoft.VisualStudio.TestPlatform.Extensions.Trx.TestLogger.dll
TpTrace Verbose: 0 : 5376, 1, 2021/11/17, 11:56:16.860, 1300755389171, vstest.console.dll, TestPluginCache.GetExtensionPaths: Added unfilterableExtensionPaths: 
TpTrace Verbose: 0 : 5376, 1, 2021/11/17, 11:56:16.860, 1300755389507, vstest.console.dll, TestPluginCache.DiscoverTestExtensions: Discovering the extensions using allExtensionPaths: C:\Program Files\dotnet\sdk\5.0.403\Extensions\Microsoft.Diagnostics.NETCore.Client.dll
C:\Program Files\dotnet\sdk\5.0.403\Extensions\Microsoft.TestPlatform.Extensions.BlameDataCollector.dll
C:\Program Files\dotnet\sdk\5.0.403\Extensions\Microsoft.TestPlatform.Extensions.EventLogCollector.dll
C:\Program Files\dotnet\sdk\5.0.403\Extensions\Microsoft.TestPlatform.TestHostRuntimeProvider.dll
C:\Program Files\dotnet\sdk\5.0.403\Extensions\Microsoft.VisualStudio.TestPlatform.Extensions.Html.TestLogger.dll
C:\Program Files\dotnet\sdk\5.0.403\Extensions\Microsoft.VisualStudio.TestPlatform.Extensions.Trx.TestLogger.dll
TpTrace Information: 0 : 5376, 1, 2021/11/17, 11:56:16.860, 1300755390025, vstest.console.dll, AssemblyResolver.AddSearchDirectories: Adding more searchDirectories C:\Program Files\dotnet\sdk\5.0.403\Extensions,C:\Program Files\dotnet\sdk\5.0.403
TpTrace Information: 0 : 5376, 1, 2021/11/17, 11:56:16.860, 1300755390389, vstest.console.dll, AssemblyResolver.AddSearchDirectories: Adding more searchDirectories C:\Program Files\dotnet\sdk\5.0.403\Extensions,C:\Program Files\dotnet\sdk\5.0.403
TpTrace Information: 0 : 5376, 1, 2021/11/17, 11:56:16.860, 1300755390717, vstest.console.dll, AssemblyResolver.AddSearchDirectories: Adding more searchDirectories C:\Program Files\dotnet\sdk\5.0.403\Extensions,C:\Program Files\dotnet\sdk\5.0.403
TpTrace Information: 0 : 5376, 1, 2021/11/17, 11:56:16.860, 1300755391102, vstest.console.dll, AssemblyResolver.AddSearchDirectories: Adding more searchDirectories C:\Program Files\dotnet\sdk\5.0.403\Extensions,C:\Program Files\dotnet\sdk\5.0.403
TpTrace Information: 0 : 5376, 1, 2021/11/17, 11:56:16.860, 1300755391460, vstest.console.dll, AssemblyResolver.AddSearchDirectories: Adding more searchDirectories C:\Program Files\dotnet\sdk\5.0.403\Extensions,C:\Program Files\dotnet\sdk\5.0.403
TpTrace Information: 0 : 5376, 1, 2021/11/17, 11:56:16.860, 1300755391784, vstest.console.dll, AssemblyResolver.AddSearchDirectories: Adding more searchDirectories C:\Program Files\dotnet\sdk\5.0.403\Extensions,C:\Program Files\dotnet\sdk\5.0.403
TpTrace Information: 0 : 5376, 1, 2021/11/17, 11:56:16.860, 1300755394392, vstest.console.dll, AssemblyResolver.OnResolve: Microsoft.Bcl.AsyncInterfaces: Resolving assembly.
TpTrace Information: 0 : 5376, 1, 2021/11/17, 11:56:16.860, 1300755394826, vstest.console.dll, AssemblyResolver.OnResolve: Microsoft.Bcl.AsyncInterfaces: Resolved from cache.
TpTrace Verbose: 0 : 5376, 1, 2021/11/17, 11:56:16.860, 1300755395171, vstest.console.dll, CurrentDomainAssemblyResolve: Resolving assembly 'Microsoft.Bcl.AsyncInterfaces'.
TpTrace Information: 0 : 5376, 1, 2021/11/17, 11:56:16.860, 1300755395705, vstest.console.dll, AssemblyResolver.OnResolve: Microsoft.Bcl.AsyncInterfaces: Resolving assembly.
TpTrace Information: 0 : 5376, 1, 2021/11/17, 11:56:16.860, 1300755396068, vstest.console.dll, AssemblyResolver.OnResolve: Microsoft.Bcl.AsyncInterfaces: Resolved from cache.
TpTrace Verbose: 0 : 5376, 1, 2021/11/17, 11:56:16.860, 1300755396466, vstest.console.dll, CurrentDomainAssemblyResolve: Resolving assembly 'Microsoft.Bcl.AsyncInterfaces'.
TpTrace Verbose: 0 : 5376, 1, 2021/11/17, 11:56:16.860, 1300755396779, vstest.console.dll, CurrentDomainAssemblyResolve: Failed to resolve assembly 'Microsoft.Bcl.AsyncInterfaces'.
TpTrace Verbose: 0 : 5376, 1, 2021/11/17, 11:56:16.861, 1300755398144, vstest.console.dll, CurrentDomainAssemblyResolve: Failed to resolve assembly 'Microsoft.Bcl.AsyncInterfaces'.
TpTrace Warning: 0 : 5376, 1, 2021/11/17, 11:56:16.861, 1300755400674, vstest.console.dll, TestPluginDiscoverer: Failed to get types from assembly 'Microsoft.Diagnostics.NETCore.Client, Version=0.2.2.41902, Culture=neutral, PublicKeyToken=31bf3856ad364e35'.  Skipping test extension scan for this assembly.  Error: System.Reflection.ReflectionTypeLoadException: Unable to load one or more of the requested types.
Could not load file or assembly 'Microsoft.Bcl.AsyncInterfaces, Version=1.0.0.0, Culture=neutral, PublicKeyToken=cc7b13ffcd2ddd51'. The system cannot find the file specified.
   at System.Reflection.RuntimeModule.GetTypes(RuntimeModule module)
   at System.Reflection.RuntimeModule.GetTypes()
   at System.Reflection.Assembly.GetTypes()
   at Microsoft.VisualStudio.TestPlatform.Common.ExtensionFramework.TestPluginDiscoverer.GetTestExtensionsFromAssembly[TPluginInfo,TExtension](Assembly assembly, Dictionary`2 pluginInfos)
System.IO.FileNotFoundException: Could not load file or assembly 'Microsoft.Bcl.AsyncInterfaces, Version=1.0.0.0, Culture=neutral, PublicKeyToken=cc7b13ffcd2ddd51'. The system cannot find the file specified.
File name: 'Microsoft.Bcl.AsyncInterfaces, Version=1.0.0.0, Culture=neutral, PublicKeyToken=cc7b13ffcd2ddd51'
TpTrace Warning: 0 : 5376, 1, 2021/11/17, 11:56:16.861, 1300755401255, vstest.console.dll, LoaderExceptions: System.IO.FileNotFoundException: Could not load file or assembly 'Microsoft.Bcl.AsyncInterfaces, Version=1.0.0.0, Culture=neutral, PublicKeyToken=cc7b13ffcd2ddd51'. The system cannot find the file specified.
File name: 'Microsoft.Bcl.AsyncInterfaces, Version=1.0.0.0, Culture=neutral, PublicKeyToken=cc7b13ffcd2ddd51'
TpTrace Verbose: 0 : 5376, 1, 2021/11/17, 11:56:16.861, 1300755404605, vstest.console.dll, TestPluginCache: Discovered the extensions using extension path ''.
TpTrace Verbose: 0 : 5376, 1, 2021/11/17, 11:56:16.861, 1300755405106, vstest.console.dll, TestPluginCache: Discoverers are ''.
TpTrace Verbose: 0 : 5376, 1, 2021/11/17, 11:56:16.861, 1300755405405, vstest.console.dll, TestPluginCache: Executors are ''.
TpTrace Verbose: 0 : 5376, 1, 2021/11/17, 11:56:16.861, 1300755405683, vstest.console.dll, TestPluginCache: Executors2 are ''.
TpTrace Verbose: 0 : 5376, 1, 2021/11/17, 11:56:16.861, 1300755405959, vstest.console.dll, TestPluginCache: Setting providers are ''.
TpTrace Verbose: 0 : 5376, 1, 2021/11/17, 11:56:16.861, 1300755406603, vstest.console.dll, TestPluginCache: Loggers are 'logger://Microsoft/TestPlatform/Extensions/Blame/v1,logger://Microsoft/TestPlatform/HtmlLogger/v1,logger://Microsoft/TestPlatform/TrxLogger/v1'.
TpTrace Information: 0 : 5376, 1, 2021/11/17, 11:56:16.862, 1300755412382, vstest.console.dll, TestPluginManager.CreateTestExtension: Attempting to load test extension: Microsoft.TestPlatform.Extensions.BlameDataCollector.BlameLogger
TpTrace Information: 0 : 5376, 1, 2021/11/17, 11:56:16.870, 1300755493861, vstest.console.dll, TestPluginManager.CreateTestExtension: Attempting to load test extension: Microsoft.VisualStudio.TestPlatform.CrossPlatEngine.Hosting.DefaultTestHostManager
TpTrace Information: 0 : 5376, 1, 2021/11/17, 11:56:16.870, 1300755496781, vstest.console.dll, TestPluginManager.CreateTestExtension: Attempting to load test extension: Microsoft.VisualStudio.TestPlatform.CrossPlatEngine.Hosting.DotnetTestHostManager
TpTrace Verbose: 0 : 5376, 1, 2021/11/17, 11:56:16.871, 1300755501900, vstest.console.dll, TestEngine: Initializing Parallel Execution as MaxCpuCount is set to: 1
TpTrace Information: 0 : 5376, 1, 2021/11/17, 11:56:16.871, 1300755506155, vstest.console.dll, InferRunSettingsHelper.IsTestSettingsEnabled: Unable to navigate to RunSettings/MSTest. Current node: RunSettings
TpTrace Verbose: 0 : 5376, 1, 2021/11/17, 11:56:17.016, 1300756949498, vstest.console.dll, TestRequestSender is acting as server
TpTrace Verbose: 0 : 5376, 4, 2021/11/17, 11:56:17.019, 1300756984759, vstest.console.dll, DataCollectionRequestSender.InitializeCommunication : Initialize communication. 
TpTrace Information: 0 : 5376, 4, 2021/11/17, 11:56:17.039, 1300757181934, vstest.console.dll, Listening on Endpoint : 127.0.0.1:63749
TpTrace Verbose: 0 : 5376, 4, 2021/11/17, 11:56:17.052, 1300757309072, vstest.console.dll, DotnetDataCollectionLauncher: Full path of dotnet.exe is C:\Program Files\dotnet\dotnet.exe
TpTrace Verbose: 0 : 5376, 4, 2021/11/17, 11:56:17.052, 1300757311295, vstest.console.dll, DotnetDataCollectionLauncher: Adding  --runtimeconfig "C:\Program Files\dotnet\sdk\5.0.403\datacollector.runtimeconfig.json" in args
TpTrace Verbose: 0 : 5376, 4, 2021/11/17, 11:56:17.052, 1300757313114, vstest.console.dll, DotnetDataCollectionLauncher: Adding  --depsfile "C:\Program Files\dotnet\sdk\5.0.403\datacollector.deps.json" in args
TpTrace Information: 0 : 5376, 4, 2021/11/17, 11:56:17.064, 1300757434196, vstest.console.dll, ProxyDataCollectionManager.Initialize: Launched datacollector processId: 15244 port: 63749
TpTrace Information: 0 : 5376, 4, 2021/11/17, 11:56:17.064, 1300757436021, vstest.console.dll, ProxyDataCollectionManager.Initialize: waiting for connection with timeout: 90 seconds
TpTrace Verbose: 0 : 5376, 4, 2021/11/17, 11:56:17.064, 1300757436897, vstest.console.dll, DataCollectionRequestSender.WaitForRequestHandlerConnection : Waiting for connection with timeout: 90000
TpTrace Information: 0 : 5376, 7, 2021/11/17, 11:56:17.411, 1300760901718, vstest.console.dll, Using the buffer size of 16384 bytes
TpTrace Information: 0 : 5376, 7, 2021/11/17, 11:56:17.411, 1300760902878, vstest.console.dll, Accepted Client request and set the flag
TpTrace Verbose: 0 : 5376, 4, 2021/11/17, 11:56:17.411, 1300760902394, vstest.console.dll, ProxyDataCollectionManager.InvokeDataCollectionServiceAction: Starting.
TpTrace Information: 0 : 5376, 4, 2021/11/17, 11:56:17.411, 1300760904969, vstest.console.dll, ProxyDataCollectionManager.BeforeTestRunStart: Get environment variable and port for datacollector processId: 15244 port: 63749
TpTrace Verbose: 0 : 5376, 4, 2021/11/17, 11:56:17.411, 1300760906362, vstest.console.dll, DataCollectionRequestSender.SendBeforeTestRunStartAndGetResult : Send BeforeTestRunStart message with settingsXml <RunSettings><RunConfiguration><ResultsDirectory>C:\Users\roshini.lakshmanan\source\repos\Del\ToDo\ToDoAPI\ToDoAPI.UnitTests\bin\Debug\netcoreapp3.1\fine-code-coverage\coverage-tool-output</ResultsDirectory><TargetPlatform>X64</TargetPlatform><TargetFrameworkVersion>.NETCoreApp,Version=v3.1</TargetFrameworkVersion><DesignMode>False</DesignMode><CollectSourceInformation>False</CollectSourceInformation><TestAdaptersPaths>C:\Program Files\dotnet\sdk\5.0.403\Extensions</TestAdaptersPaths></RunConfiguration><LoggerRunSettings><Loggers><Logger friendlyName="blame" enabled="True" /><Logger friendlyName="Console" uri="logger://microsoft/TestPlatform/ConsoleLogger/v1" assemblyQualifiedName="Microsoft.VisualStudio.TestPlatform.CommandLine.Internal.ConsoleLogger, vstest.console, Version=15.0.0.0, Culture=neutral, PublicKeyToken=b03f5f7f11d50a3a" codeBase="C:\Program Files\dotnet\sdk\5.0.403\vstest.console.dll" enabled="True" /></Loggers></LoggerRunSettings><DataCollectionRunSettings><DataCollectors><DataCollector friendlyName="blame" enabled="True"><Configuration><ResultsDirectory>C:\Users\roshini.lakshmanan\source\repos\Del\ToDo\ToDoAPI\ToDoAPI.UnitTests\bin\Debug\netcoreapp3.1\fine-code-coverage\coverage-tool-output</ResultsDirectory></Configuration></DataCollector></DataCollectors></DataCollectionRunSettings></RunSettings> and sources System.Linq.Enumerable+Concat2Iterator`1[System.String]: 
TpTrace Verbose: 0 : 5376, 4, 2021/11/17, 11:56:17.628, 1300763067342, vstest.console.dll, DataCollectionRequestSender.SendBeforeTestRunStartAndGetResult : Received message: (DataCollection.SendMessage) -> {
  "FriendlyName": null,
  "Uri": null,
  "TestCaseId": "00000000-0000-0000-0000-000000000000",
  "Message": "Logging DataCollector Diagnostics in file: C:\\Users\\roshini.lakshmanan\\source\\repos\\Del\\ToDo\\ToDoAPI\\ToDoAPI.UnitTests\\bin\\Debug\\netcoreapp3.1\\fine-code-coverage\\coverage-tool-output\\diagnostics.datacollector.21-11-17_11-56-17_04648_4.log",
  "Level": 0
}
TpTrace Verbose: 0 : 5376, 4, 2021/11/17, 11:56:17.709, 1300763881868, vstest.console.dll, DataCollectionRequestSender.SendBeforeTestRunStartAndGetResult : Received message: (DataCollection.BeforeTestRunStartResult) -> {
  "EnvironmentVariables": {},
  "DataCollectionEventsPort": 63751
}
TpTrace Information: 0 : 5376, 4, 2021/11/17, 11:56:17.712, 1300763916473, vstest.console.dll, ProxyDataCollectionManager.BeforeTestRunStart: SendBeforeTestRunStartAndGetResult successful, env variable from datacollector:   and testhost port: 63751
TpTrace Information: 0 : 5376, 4, 2021/11/17, 11:56:17.713, 1300763917527, vstest.console.dll, ProxyDataCollectionManager.InvokeDataCollectionServiceAction: Completed.
TpTrace Verbose: 0 : 5376, 1, 2021/11/17, 11:56:17.713, 1300763918860, vstest.console.dll, TestRunRequest.ExecuteAsync: Creating test run request.
TpTrace Verbose: 0 : 5376, 1, 2021/11/17, 11:56:17.713, 1300763921045, vstest.console.dll, TestRunRequest.ExecuteAsync: Starting.
TpTrace Information: 0 : 5376, 1, 2021/11/17, 11:56:17.713, 1300763923158, vstest.console.dll, TestRunRequest.ExecuteAsync: Starting run with settings:TestRunCriteria:
   KeepAlive=False,FrequencyOfRunStatsChangeEvent=10,RunStatsChangeEventTimeout=00:00:01.5000000,TestCaseFilter=,TestExecutorLauncher=
   Settingsxml=<RunSettings>
  <RunConfiguration>
    <ResultsDirectory>C:\Users\roshini.lakshmanan\source\repos\Del\ToDo\ToDoAPI\ToDoAPI.UnitTests\bin\Debug\netcoreapp3.1\fine-code-coverage\coverage-tool-output</ResultsDirectory>
    <TargetPlatform>X64</TargetPlatform>
    <TargetFrameworkVersion>.NETCoreApp,Version=v3.1</TargetFrameworkVersion>
    <DesignMode>False</DesignMode>
    <CollectSourceInformation>False</CollectSourceInformation>
  </RunConfiguration>
  <LoggerRunSettings>
    <Loggers>
      <Logger friendlyName="blame" enabled="True" />
      <Logger friendlyName="Console" uri="logger://microsoft/TestPlatform/ConsoleLogger/v1" assemblyQualifiedName="Microsoft.VisualStudio.TestPlatform.CommandLine.Internal.ConsoleLogger, vstest.console, Version=15.0.0.0, Culture=neutral, PublicKeyToken=b03f5f7f11d50a3a" codeBase="C:\Program Files\dotnet\sdk\5.0.403\vstest.console.dll" enabled="True" />
    </Loggers>
  </LoggerRunSettings>
  <DataCollectionRunSettings>
    <DataCollectors>
      <DataCollector friendlyName="blame" enabled="True">
        <Configuration>
          <ResultsDirectory>C:\Users\roshini.lakshmanan\source\repos\Del\ToDo\ToDoAPI\ToDoAPI.UnitTests\bin\Debug\netcoreapp3.1\fine-code-coverage\coverage-tool-output</ResultsDirectory>
        </Configuration>
      </DataCollector>
    </DataCollectors>
  </DataCollectionRunSettings>
</RunSettings>

TpTrace Verbose: 0 : 5376, 1, 2021/11/17, 11:56:17.713, 1300763923700, vstest.console.dll, TestRunRequest.ExecuteAsync: Wait for the first run request is over.
TpTrace Verbose: 0 : 5376, 1, 2021/11/17, 11:56:17.713, 1300763927092, vstest.console.dll, ParallelProxyExecutionManager: Start execution. Total sources: 1
TpTrace Information: 0 : 5376, 1, 2021/11/17, 11:56:17.714, 1300763932413, vstest.console.dll, ProxyParallelExecutionManager: Triggering test run for next source: C:\Users\roshini.lakshmanan\source\repos\Del\ToDo\ToDoAPI\ToDoAPI.UnitTests\bin\Debug\netcoreapp3.1\fine-code-coverage\build-output\ToDoAPI.UnitTests.dll
TpTrace Verbose: 0 : 5376, 6, 2021/11/17, 11:56:17.714, 1300763934671, vstest.console.dll, ParallelProxyExecutionManager: Execution started. Started clients: 1
TpTrace Verbose: 0 : 5376, 1, 2021/11/17, 11:56:17.714, 1300763934738, vstest.console.dll, ProxyParallelExecutionManager: No sources available for execution.
TpTrace Information: 0 : 5376, 1, 2021/11/17, 11:56:17.714, 1300763936101, vstest.console.dll, TestRunRequest.ExecuteAsync: Started.
TpTrace Verbose: 0 : 5376, 1, 2021/11/17, 11:56:17.714, 1300763936807, vstest.console.dll, TestRunRequest.WaitForCompletion: Waiting with timeout -1.
TpTrace Verbose: 0 : 5376, 6, 2021/11/17, 11:56:17.714, 1300763936934, vstest.console.dll, TestRunRequest:SendTestRunMessage: Starting.
TpTrace Information: 0 : 5376, 6, 2021/11/17, 11:56:17.715, 1300763937830, vstest.console.dll, TestRunRequest:SendTestRunMessage: Completed.
TpTrace Verbose: 0 : 5376, 6, 2021/11/17, 11:56:17.715, 1300763939350, vstest.console.dll, ProxyExecutionManager: Test host is always Lazy initialize.
TpTrace Verbose: 0 : 5376, 6, 2021/11/17, 11:56:17.715, 1300763941107, vstest.console.dll, TestRequestSender.InitializeCommunication: initialize communication. 
TpTrace Information: 0 : 5376, 6, 2021/11/17, 11:56:17.715, 1300763945836, vstest.console.dll, SocketServer.Start: Listening on endpoint : 127.0.0.1:63753
TpTrace Verbose: 0 : 5376, 6, 2021/11/17, 11:56:17.716, 1300763952457, vstest.console.dll, DotnetTestHostmanager: Adding  --runtimeconfig "C:\Users\roshini.lakshmanan\source\repos\Del\ToDo\ToDoAPI\ToDoAPI.UnitTests\bin\Debug\netcoreapp3.1\fine-code-coverage\build-output\ToDoAPI.UnitTests.runtimeconfig.json" in args
TpTrace Verbose: 0 : 5376, 6, 2021/11/17, 11:56:17.716, 1300763953753, vstest.console.dll, DotnetTestHostmanager: Adding  --depsfile "C:\Users\roshini.lakshmanan\source\repos\Del\ToDo\ToDoAPI\ToDoAPI.UnitTests\bin\Debug\netcoreapp3.1\fine-code-coverage\build-output\ToDoAPI.UnitTests.deps.json" in args
TpTrace Information: 0 : 5376, 6, 2021/11/17, 11:56:17.716, 1300763955896, vstest.console.dll, AssemblyResolver.OnResolve: Microsoft.Extensions.DependencyModel: Resolving assembly.
TpTrace Information: 0 : 5376, 6, 2021/11/17, 11:56:17.716, 1300763956384, vstest.console.dll, AssemblyResolver.OnResolve: Microsoft.Extensions.DependencyModel: Searching in: 'C:\Program Files\dotnet\sdk\5.0.403\Extensions'.
TpTrace Information: 0 : 5376, 6, 2021/11/17, 11:56:17.716, 1300763957074, vstest.console.dll, AssemblyResolver.OnResolve: Microsoft.Extensions.DependencyModel: Assembly path does not exist: 'C:\Program Files\dotnet\sdk\5.0.403\Extensions\Microsoft.Extensions.DependencyModel.dll', returning.
TpTrace Information: 0 : 5376, 6, 2021/11/17, 11:56:17.717, 1300763957857, vstest.console.dll, AssemblyResolver.OnResolve: Microsoft.Extensions.DependencyModel: Assembly path does not exist: 'C:\Program Files\dotnet\sdk\5.0.403\Extensions\Microsoft.Extensions.DependencyModel.exe', returning.
TpTrace Information: 0 : 5376, 6, 2021/11/17, 11:56:17.717, 1300763958251, vstest.console.dll, AssemblyResolver.OnResolve: Microsoft.Extensions.DependencyModel: Searching in: 'C:\Program Files\dotnet\sdk\5.0.403'.
TpTrace Information: 0 : 5376, 6, 2021/11/17, 11:56:17.730, 1300764092535, vstest.console.dll, AssemblyResolver.OnResolve: Microsoft.Extensions.DependencyModel: Loading assembly 'C:\Program Files\dotnet\sdk\5.0.403\Microsoft.Extensions.DependencyModel.dll'.
TpTrace Information: 0 : 5376, 6, 2021/11/17, 11:56:17.736, 1300764157051, vstest.console.dll, AssemblyResolver.OnResolve: Resolved assembly: Microsoft.Extensions.DependencyModel, from path: C:\Program Files\dotnet\sdk\5.0.403\Microsoft.Extensions.DependencyModel.dll
TpTrace Verbose: 0 : 5376, 6, 2021/11/17, 11:56:17.737, 1300764163997, vstest.console.dll, DotnetTestHostmanager: Reading file C:\Users\roshini.lakshmanan\source\repos\Del\ToDo\ToDoAPI\ToDoAPI.UnitTests\bin\Debug\netcoreapp3.1\fine-code-coverage\build-output\ToDoAPI.UnitTests.deps.json to get path of testhost.dll
TpTrace Verbose: 0 : 5376, 6, 2021/11/17, 11:56:17.841, 1300765198150, vstest.console.dll, DotnetTestHostmanager: Relative path of testhost.dll with respect to package folder is microsoft.testplatform.testhost/16.5.0\lib/netcoreapp2.1/testhost.dll
TpTrace Verbose: 0 : 5376, 6, 2021/11/17, 11:56:17.841, 1300765207020, vstest.console.dll, DotnetTestHostmanager: Looking for path microsoft.testplatform.testhost/16.5.0\lib/netcoreapp2.1/testhost.dll in folder C:\Users\roshini.lakshmanan\.dotnet\store\|arch|\|tfm|
TpTrace Verbose: 0 : 5376, 6, 2021/11/17, 11:56:17.842, 1300765208139, vstest.console.dll, DotnetTestHostmanager: Looking for path microsoft.testplatform.testhost/16.5.0\lib/netcoreapp2.1/testhost.dll in folder C:\Users\roshini.lakshmanan\.nuget\packages
TpTrace Verbose: 0 : 5376, 6, 2021/11/17, 11:56:17.842, 1300765210143, vstest.console.dll, DotnetTestHostManager: Testhost.exe/testhost.x86.exe found at path: C:\Users\roshini.lakshmanan\.nuget\packages\microsoft.testplatform.testhost\16.5.0\build\netcoreapp2.1\x64\testhost.exe
TpTrace Verbose: 0 : 5376, 6, 2021/11/17, 11:56:17.842, 1300765210685, vstest.console.dll, DotnetTestHostmanager: Full path of host exe is C:\Users\roshini.lakshmanan\.nuget\packages\microsoft.testplatform.testhost\16.5.0\build\netcoreapp2.1\x64\testhost.exe
TpTrace Verbose: 0 : 5376, 4, 2021/11/17, 11:56:17.843, 1300765220672, vstest.console.dll, DotnetTestHostManager: Starting process 'C:\Users\roshini.lakshmanan\.nuget\packages\microsoft.testplatform.testhost\16.5.0\build\netcoreapp2.1\x64\testhost.exe' with command line ' --runtimeconfig "C:\Users\roshini.lakshmanan\source\repos\Del\ToDo\ToDoAPI\ToDoAPI.UnitTests\bin\Debug\netcoreapp3.1\fine-code-coverage\build-output\ToDoAPI.UnitTests.runtimeconfig.json" --depsfile "C:\Users\roshini.lakshmanan\source\repos\Del\ToDo\ToDoAPI\ToDoAPI.UnitTests\bin\Debug\netcoreapp3.1\fine-code-coverage\build-output\ToDoAPI.UnitTests.deps.json" --port 63753 --endpoint 127.0.0.1:063753 --role client --parentprocessid 5376 --diag "C:\Users\roshini.lakshmanan\source\repos\Del\ToDo\ToDoAPI\ToDoAPI.UnitTests\bin\Debug\netcoreapp3.1\fine-code-coverage\coverage-tool-output\diagnostics.host.21-11-17_11-56-17_71609_6.log" --tracelevel 4 --datacollectionport 63751 --telemetryoptedin false'
TpTrace Verbose: 0 : 5376, 4, 2021/11/17, 11:56:17.849, 1300765281052, vstest.console.dll, Test Runtime launched
TpTrace Verbose: 0 : 5376, 6, 2021/11/17, 11:56:17.849, 1300765286630, vstest.console.dll, TestRequestSender.WaitForRequestHandlerConnection: waiting for connection with timeout: 90000
TpTrace Verbose: 0 : 5376, 13, 2021/11/17, 11:56:18.484, 1300771636323, vstest.console.dll, SocketServer.OnClientConnected: Client connected for endPoint: 127.0.0.1:63753, starting MessageLoopAsync:
TpTrace Verbose: 0 : 5376, 4, 2021/11/17, 11:56:18.485, 1300771638775, vstest.console.dll, TcpClientExtensions.MessageLoopAsync: Polling on remoteEndPoint: 127.0.0.1:63754 localEndPoint: 127.0.0.1:63753
TpTrace Verbose: 0 : 5376, 4, 2021/11/17, 11:56:18.649, 1300773285974, vstest.console.dll, TcpClientExtensions.MessageLoopAsync: NotifyDataAvailable remoteEndPoint: 127.0.0.1:63754 localEndPoint: 127.0.0.1:63753
TpTrace Verbose: 0 : 5376, 4, 2021/11/17, 11:56:18.650, 1300773288752, vstest.console.dll, TestRequestSender.CheckVersionWithTestHost: onMessageReceived received message: (ProtocolVersion) -> 2
TpTrace Verbose: 0 : 5376, 4, 2021/11/17, 11:56:18.650, 1300773293576, vstest.console.dll, TcpClientExtensions.MessageLoopAsync: Polling on remoteEndPoint: 127.0.0.1:63754 localEndPoint: 127.0.0.1:63753
TpTrace Verbose: 0 : 5376, 6, 2021/11/17, 11:56:18.650, 1300773295040, vstest.console.dll, TestPluginCache.GetExtensionPaths: Filtered extension paths: 
TpTrace Verbose: 0 : 5376, 6, 2021/11/17, 11:56:18.650, 1300773295804, vstest.console.dll, TestPluginCache.GetExtensionPaths: Added default extension paths: C:\Program Files\dotnet\sdk\5.0.403\Extensions\Microsoft.Diagnostics.NETCore.Client.dll
C:\Program Files\dotnet\sdk\5.0.403\Extensions\Microsoft.TestPlatform.Extensions.BlameDataCollector.dll
C:\Program Files\dotnet\sdk\5.0.403\Extensions\Microsoft.TestPlatform.Extensions.EventLogCollector.dll
C:\Program Files\dotnet\sdk\5.0.403\Extensions\Microsoft.TestPlatform.TestHostRuntimeProvider.dll
C:\Program Files\dotnet\sdk\5.0.403\Extensions\Microsoft.VisualStudio.TestPlatform.Extensions.Html.TestLogger.dll
C:\Program Files\dotnet\sdk\5.0.403\Extensions\Microsoft.VisualStudio.TestPlatform.Extensions.Trx.TestLogger.dll
TpTrace Verbose: 0 : 5376, 6, 2021/11/17, 11:56:18.650, 1300773297070, vstest.console.dll, TestPluginCache.GetExtensionPaths: Added unfilterableExtensionPaths: 
TpTrace Verbose: 0 : 5376, 6, 2021/11/17, 11:56:18.655, 1300773346695, vstest.console.dll, TestRequestSender.InitializeExecution: Sending initializing execution with message: {"Version":2,"MessageType":"TestExecution.Initialize","Payload":["C:\\Users\\roshini.lakshmanan\\source\\repos\\Del\\ToDo\\ToDoAPI\\ToDoAPI.UnitTests\\bin\\Debug\\netcoreapp3.1\\fine-code-coverage\\build-output\\xunit.runner.visualstudio.dotnetcore.testadapter.dll"]}
TpTrace Verbose: 0 : 5376, 4, 2021/11/17, 11:56:18.670, 1300773494814, vstest.console.dll, TcpClientExtensions.MessageLoopAsync: NotifyDataAvailable remoteEndPoint: 127.0.0.1:63754 localEndPoint: 127.0.0.1:63753
TpTrace Verbose: 0 : 5376, 4, 2021/11/17, 11:56:18.670, 1300773496605, vstest.console.dll, TestRequestSender.OnExecutionMessageReceived: Received message: {"Version":2,"MessageType":"TestSession.Message","Payload":{"MessageLevel":0,"Message":"Logging TestHost Diagnostics in file: C:\\Users\\roshini.lakshmanan\\source\\repos\\Del\\ToDo\\ToDoAPI\\ToDoAPI.UnitTests\\bin\\Debug\\netcoreapp3.1\\fine-code-coverage\\coverage-tool-output\\diagnostics.host.21-11-17_11-56-17_71609_6.log"}}
TpTrace Verbose: 0 : 5376, 6, 2021/11/17, 11:56:18.671, 1300773497895, vstest.console.dll, TestRequestSender.StartTestRun: Sending test run with message: {"Version":2,"MessageType":"TestExecution.StartWithSources","Payload":{"AdapterSourceMap":{"_none_":["C:\\Users\\roshini.lakshmanan\\source\\repos\\Del\\ToDo\\ToDoAPI\\ToDoAPI.UnitTests\\bin\\Debug\\netcoreapp3.1\\fine-code-coverage\\build-output\\ToDoAPI.UnitTests.dll"]},"RunSettings":"<RunSettings>\r\n  <RunConfiguration>\r\n    <ResultsDirectory>C:\\Users\\roshini.lakshmanan\\source\\repos\\Del\\ToDo\\ToDoAPI\\ToDoAPI.UnitTests\\bin\\Debug\\netcoreapp3.1\\fine-code-coverage\\coverage-tool-output</ResultsDirectory>\r\n    <TargetPlatform>X64</TargetPlatform>\r\n    <TargetFrameworkVersion>.NETCoreApp,Version=v3.1</TargetFrameworkVersion>\r\n    <DesignMode>False</DesignMode>\r\n    <CollectSourceInformation>False</CollectSourceInformation>\r\n  </RunConfiguration>\r\n  <LoggerRunSettings>\r\n    <Loggers>\r\n      <Logger friendlyName=\"blame\" enabled=\"True\" />\r\n      <Logger friendlyName=\"Console\" uri=\"logger://microsoft/TestPlatform/ConsoleLogger/v1\" assemblyQualifiedName=\"Microsoft.VisualStudio.TestPlatform.CommandLine.Internal.ConsoleLogger, vstest.console, Version=15.0.0.0, Culture=neutral, PublicKeyToken=b03f5f7f11d50a3a\" codeBase=\"C:\\Program Files\\dotnet\\sdk\\5.0.403\\vstest.console.dll\" enabled=\"True\" />\r\n    </Loggers>\r\n  </LoggerRunSettings>\r\n  <DataCollectionRunSettings>\r\n    <DataCollectors>\r\n      <DataCollector friendlyName=\"blame\" enabled=\"True\">\r\n        <Configuration>\r\n          <ResultsDirectory>C:\\Users\\roshini.lakshmanan\\source\\repos\\Del\\ToDo\\ToDoAPI\\ToDoAPI.UnitTests\\bin\\Debug\\netcoreapp3.1\\fine-code-coverage\\coverage-tool-output</ResultsDirectory>\r\n        </Configuration>\r\n      </DataCollector>\r\n    </DataCollectors>\r\n  </DataCollectionRunSettings>\r\n</RunSettings>","TestExecutionContext":{"FrequencyOfRunStatsChangeEvent":10,"RunStatsChangeEventTimeout":"00:00:01.5000000","InIsolation":false,"KeepAlive":false,"AreTestCaseLevelEventsRequired":false,"IsDebug":false,"TestCaseFilter":null,"FilterOptions":null},"Package":null}}
TpTrace Verbose: 0 : 5376, 4, 2021/11/17, 11:56:18.673, 1300773525043, vstest.console.dll, TestRunRequest:SendTestRunMessage: Starting.
TpTrace Information: 0 : 5376, 4, 2021/11/17, 11:56:18.673, 1300773526627, vstest.console.dll, TestRunRequest:SendTestRunMessage: Completed.
TpTrace Verbose: 0 : 5376, 4, 2021/11/17, 11:56:18.674, 1300773528312, vstest.console.dll, TcpClientExtensions.MessageLoopAsync: Polling on remoteEndPoint: 127.0.0.1:63754 localEndPoint: 127.0.0.1:63753
TpTrace Verbose: 0 : 5376, 4, 2021/11/17, 11:56:18.920, 1300775994706, vstest.console.dll, TcpClientExtensions.MessageLoopAsync: NotifyDataAvailable remoteEndPoint: 127.0.0.1:63754 localEndPoint: 127.0.0.1:63753
TpTrace Verbose: 0 : 5376, 4, 2021/11/17, 11:56:18.920, 1300775995660, vstest.console.dll, TestRequestSender.OnExecutionMessageReceived: Received message: {"Version":2,"MessageType":"TestSession.Message","Payload":{"MessageLevel":0,"Message":"[xUnit.net 00:00:00.00] xUnit.net VSTest Adapter v2.4.0 (64-bit .NET Core 3.1.21)"}}
TpTrace Verbose: 0 : 5376, 4, 2021/11/17, 11:56:18.921, 1300775997423, vstest.console.dll, TestRunRequest:SendTestRunMessage: Starting.
TpTrace Information: 0 : 5376, 4, 2021/11/17, 11:56:18.921, 1300775997910, vstest.console.dll, TestRunRequest:SendTestRunMessage: Completed.
TpTrace Verbose: 0 : 5376, 4, 2021/11/17, 11:56:18.921, 1300775998369, vstest.console.dll, TcpClientExtensions.MessageLoopAsync: Polling on remoteEndPoint: 127.0.0.1:63754 localEndPoint: 127.0.0.1:63753
TpTrace Verbose: 0 : 5376, 4, 2021/11/17, 11:56:19.934, 1300786133293, vstest.console.dll, TcpClientExtensions.MessageLoopAsync: Polling on remoteEndPoint: 127.0.0.1:63754 localEndPoint: 127.0.0.1:63753
TpTrace Verbose: 0 : 5376, 4, 2021/11/17, 11:56:20.727, 1300794065785, vstest.console.dll, TcpClientExtensions.MessageLoopAsync: NotifyDataAvailable remoteEndPoint: 127.0.0.1:63754 localEndPoint: 127.0.0.1:63753
TpTrace Verbose: 0 : 5376, 4, 2021/11/17, 11:56:20.727, 1300794066797, vstest.console.dll, TestRequestSender.OnExecutionMessageReceived: Received message: {"Version":2,"MessageType":"TestSession.Message","Payload":{"MessageLevel":0,"Message":"[xUnit.net 00:00:01.81]   Discovering: ToDoAPI.UnitTests"}}
TpTrace Verbose: 0 : 5376, 4, 2021/11/17, 11:56:20.728, 1300794069779, vstest.console.dll, TestRunRequest:SendTestRunMessage: Starting.
TpTrace Information: 0 : 5376, 4, 2021/11/17, 11:56:20.728, 1300794070491, vstest.console.dll, TestRunRequest:SendTestRunMessage: Completed.
TpTrace Verbose: 0 : 5376, 4, 2021/11/17, 11:56:20.728, 1300794070820, vstest.console.dll, TcpClientExtensions.MessageLoopAsync: Polling on remoteEndPoint: 127.0.0.1:63754 localEndPoint: 127.0.0.1:63753
TpTrace Verbose: 0 : 5376, 4, 2021/11/17, 11:56:20.759, 1300794378408, vstest.console.dll, TcpClientExtensions.MessageLoopAsync: NotifyDataAvailable remoteEndPoint: 127.0.0.1:63754 localEndPoint: 127.0.0.1:63753
TpTrace Verbose: 0 : 5376, 4, 2021/11/17, 11:56:20.759, 1300794379615, vstest.console.dll, TestRequestSender.OnExecutionMessageReceived: Received message: {"Version":2,"MessageType":"TestSession.Message","Payload":{"MessageLevel":0,"Message":"[xUnit.net 00:00:01.84]   Discovered:  ToDoAPI.UnitTests"}}
TpTrace Verbose: 0 : 5376, 4, 2021/11/17, 11:56:20.759, 1300794380783, vstest.console.dll, TestRunRequest:SendTestRunMessage: Starting.
TpTrace Information: 0 : 5376, 4, 2021/11/17, 11:56:20.759, 1300794381384, vstest.console.dll, TestRunRequest:SendTestRunMessage: Completed.
TpTrace Verbose: 0 : 5376, 4, 2021/11/17, 11:56:20.759, 1300794381732, vstest.console.dll, TcpClientExtensions.MessageLoopAsync: Polling on remoteEndPoint: 127.0.0.1:63754 localEndPoint: 127.0.0.1:63753
TpTrace Verbose: 0 : 5376, 4, 2021/11/17, 11:56:20.761, 1300794399864, vstest.console.dll, TcpClientExtensions.MessageLoopAsync: NotifyDataAvailable remoteEndPoint: 127.0.0.1:63754 localEndPoint: 127.0.0.1:63753
TpTrace Verbose: 0 : 5376, 4, 2021/11/17, 11:56:20.761, 1300794400634, vstest.console.dll, TestRequestSender.OnExecutionMessageReceived: Received message: {"Version":2,"MessageType":"TestSession.Message","Payload":{"MessageLevel":0,"Message":"[xUnit.net 00:00:01.84]   Starting:    ToDoAPI.UnitTests"}}
TpTrace Verbose: 0 : 5376, 4, 2021/11/17, 11:56:20.761, 1300794401694, vstest.console.dll, TestRunRequest:SendTestRunMessage: Starting.
TpTrace Information: 0 : 5376, 4, 2021/11/17, 11:56:20.761, 1300794402143, vstest.console.dll, TestRunRequest:SendTestRunMessage: Completed.
TpTrace Verbose: 0 : 5376, 4, 2021/11/17, 11:56:20.761, 1300794402642, vstest.console.dll, TcpClientExtensions.MessageLoopAsync: Polling on remoteEndPoint: 127.0.0.1:63754 localEndPoint: 127.0.0.1:63753
TpTrace Verbose: 0 : 5376, 4, 2021/11/17, 11:56:20.831, 1300795103264, vstest.console.dll, TcpClientExtensions.MessageLoopAsync: NotifyDataAvailable remoteEndPoint: 127.0.0.1:63754 localEndPoint: 127.0.0.1:63753
TpTrace Verbose: 0 : 5376, 4, 2021/11/17, 11:56:20.831, 1300795104521, vstest.console.dll, TestRequestSender.OnExecutionMessageReceived: Received message: {"Version":2,"MessageType":"TestExecution.StatsChange","Payload":{"NewTestResults":[],"TestRunStatistics":{"ExecutedTests":0,"Stats":{}},"ActiveTests":[{"Id":"8b085e2e-dada-81cc-2ed6-a244b9d17900","FullyQualifiedName":"ToDoAPI.UnitTests.Controllers.AuthenticationControllerTest.Get_Login_Authentication_Failure","DisplayName":"ToDoAPI.UnitTests.Controllers.AuthenticationControllerTest.Get_Login_Authentication_Failure","ExecutorUri":"executor://xunit/VsTestRunner2/netcoreapp","Source":"C:\\Users\\roshini.lakshmanan\\source\\repos\\Del\\ToDo\\ToDoAPI\\ToDoAPI.UnitTests\\bin\\Debug\\netcoreapp3.1\\fine-code-coverage\\build-output\\ToDoAPI.UnitTests.dll","CodeFilePath":null,"LineNumber":0,"Properties":[]}]}}
TpTrace Verbose: 0 : 5376, 4, 2021/11/17, 11:56:20.845, 1300795243178, vstest.console.dll, TestRunRequest:SendTestRunStatsChange: Starting.
TpTrace Verbose: 0 : 5376, 4, 2021/11/17, 11:56:20.845, 1300795244836, vstest.console.dll, InProgress is ToDoAPI.UnitTests.Controllers.AuthenticationControllerTest.Get_Login_Authentication_Failure
TpTrace Information: 0 : 5376, 4, 2021/11/17, 11:56:20.845, 1300795246159, vstest.console.dll, TestRunRequest:SendTestRunStatsChange: Completed.
TpTrace Verbose: 0 : 5376, 4, 2021/11/17, 11:56:20.845, 1300795246753, vstest.console.dll, TcpClientExtensions.MessageLoopAsync: Polling on remoteEndPoint: 127.0.0.1:63754 localEndPoint: 127.0.0.1:63753
TpTrace Verbose: 0 : 5376, 4, 2021/11/17, 11:56:20.976, 1300796548308, vstest.console.dll, TcpClientExtensions.MessageLoopAsync: NotifyDataAvailable remoteEndPoint: 127.0.0.1:63754 localEndPoint: 127.0.0.1:63753
TpTrace Verbose: 0 : 5376, 4, 2021/11/17, 11:56:20.976, 1300796550974, vstest.console.dll, TestRequestSender.OnExecutionMessageReceived: Received message: {"Version":2,"MessageType":"TestExecution.StatsChange","Payload":{"NewTestResults":[{"TestCase":{"Id":"8b085e2e-dada-81cc-2ed6-a244b9d17900","FullyQualifiedName":"ToDoAPI.UnitTests.Controllers.AuthenticationControllerTest.Get_Login_Authentication_Failure","DisplayName":"ToDoAPI.UnitTests.Controllers.AuthenticationControllerTest.Get_Login_Authentication_Failure","ExecutorUri":"executor://xunit/VsTestRunner2/netcoreapp","Source":"C:\\Users\\roshini.lakshmanan\\source\\repos\\Del\\ToDo\\ToDoAPI\\ToDoAPI.UnitTests\\bin\\Debug\\netcoreapp3.1\\fine-code-coverage\\build-output\\ToDoAPI.UnitTests.dll","CodeFilePath":null,"LineNumber":0,"Properties":[]},"Attachments":[],"Outcome":1,"ErrorMessage":null,"ErrorStackTrace":null,"DisplayName":"ToDoAPI.UnitTests.Controllers.AuthenticationControllerTest.Get_Login_Authentication_Failure","Messages":[],"ComputerName":"INDPRFTCPL488","Duration":"00:00:00.1134017","StartTime":"2021-11-17T06:26:20.9348059+00:00","EndTime":"2021-11-17T06:26:20.9348778+00:00","Properties":[]},{"TestCase":{"Id":"5a4b5976-0185-83c7-85b8-2a170bad4b55","FullyQualifiedName":"ToDoAPI.UnitTests.Controllers.AuthenticationControllerTest.Constructor_IsValid","DisplayName":"ToDoAPI.UnitTests.Controllers.AuthenticationControllerTest.Constructor_IsValid","ExecutorUri":"executor://xunit/VsTestRunner2/netcoreapp","Source":"C:\\Users\\roshini.lakshmanan\\source\\repos\\Del\\ToDo\\ToDoAPI\\ToDoAPI.UnitTests\\bin\\Debug\\netcoreapp3.1\\fine-code-coverage\\build-output\\ToDoAPI.UnitTests.dll","CodeFilePath":null,"LineNumber":0,"Properties":[]},"Attachments":[],"Outcome":1,"ErrorMessage":null,"ErrorStackTrace":null,"DisplayName":"ToDoAPI.UnitTests.Controllers.AuthenticationControllerTest.Constructor_IsValid","Messages":[],"ComputerName":"INDPRFTCPL488","Duration":"00:00:00.0005037","StartTime":"2021-11-17T06:26:20.9557665+00:00","EndTime":"2021-11-17T06:26:20.9557681+00:00","Properties":[]},{"TestCase":{"Id":"ef5b5de8-81c4-c0cc-dd22-a9fdd4f1c20b","FullyQualifiedName":"ToDoAPI.UnitTests.Controllers.ToDoItemsControllerTests.PutToDoItems_Concurrency_itemNotExists_Failure","DisplayName":"ToDoAPI.UnitTests.Controllers.ToDoItemsControllerTests.PutToDoItems_Concurrency_itemNotExists_Failure","ExecutorUri":"executor://xunit/VsTestRunner2/netcoreapp","Source":"C:\\Users\\roshini.lakshmanan\\source\\repos\\Del\\ToDo\\ToDoAPI\\ToDoAPI.UnitTests\\bin\\Debug\\netcoreapp3.1\\fine-code-coverage\\build-output\\ToDoAPI.UnitTests.dll","CodeFilePath":null,"LineNumber":0,"Properties":[]},"Attachments":[],"Outcome":1,"ErrorMessage":null,"ErrorStackTrace":null,"DisplayName":"ToDoAPI.UnitTests.Controllers.ToDoItemsControllerTests.PutToDoItems_Concurrency_itemNotExists_Failure","Messages":[],"ComputerName":"INDPRFTCPL488","Duration":"00:00:00.1234896","StartTime":"2021-11-17T06:26:20.9582909+00:00","EndTime":"2021-11-17T06:26:20.9582928+00:00","Properties":[]},{"TestCase":{"Id":"9e88d2d7-9d0f-6762-e763-ef9237d6228d","FullyQualifiedName":"ToDoAPI.UnitTests.Controllers.AuthenticationControllerTest.RegisterUser_Failure","DisplayName":"ToDoAPI.UnitTests.Controllers.AuthenticationControllerTest.RegisterUser_Failure","ExecutorUri":"executor://xunit/VsTestRunner2/netcoreapp","Source":"C:\\Users\\roshini.lakshmanan\\source\\repos\\Del\\ToDo\\ToDoAPI\\ToDoAPI.UnitTests\\bin\\Debug\\netcoreapp3.1\\fine-code-coverage\\build-output\\ToDoAPI.UnitTests.dll","CodeFilePath":null,"LineNumber":0,"Properties":[]},"Attachments":[],"Outcome":1,"ErrorMessage":null,"ErrorStackTrace":null,"DisplayName":"ToDoAPI.UnitTests.Controllers.AuthenticationControllerTest.RegisterUser_Failure","Messages":[],"ComputerName":"INDPRFTCPL488","Duration":"00:00:00.0080601","StartTime":"2021-11-17T06:26:20.9599243+00:00","EndTime":"2021-11-17T06:26:20.9599258+00:00","Properties":[]},{"TestCase":{"Id":"59fd80d2-61c8-36fc-c9af-67bc4b30c3e1","FullyQualifiedName":"ToDoAPI.UnitTests.Controllers.AuthenticationControllerTest.RegisterUser_Success","DisplayName":"ToDoAPI.UnitTests.Controllers.AuthenticationControllerTest.RegisterUser_Success","ExecutorUri":"executor://xunit/VsTestRunner2/netcoreapp","Source":"C:\\Users\\roshini.lakshmanan\\source\\repos\\Del\\ToDo\\ToDoAPI\\ToDoAPI.UnitTests\\bin\\Debug\\netcoreapp3.1\\fine-code-coverage\\build-output\\ToDoAPI.UnitTests.dll","CodeFilePath":null,"LineNumber":0,"Properties":[]},"Attachments":[],"Outcome":1,"ErrorMessage":null,"ErrorStackTrace":null,"DisplayName":"ToDoAPI.UnitTests.Controllers.AuthenticationControllerTest.RegisterUser_Success","Messages":[],"ComputerName":"INDPRFTCPL488","Duration":"00:00:00.0016927","StartTime":"2021-11-17T06:26:20.9617393+00:00","EndTime":"2021-11-17T06:26:20.961741+00:00","Properties":[]},{"TestCase":{"Id":"da01b979-d21c-6d6c-438d-490b95105aac","FullyQualifiedName":"ToDoAPI.UnitTests.Controllers.ToDoItemsControllerTests.PostToDoItems_WhenUserDetailsNotExists_Failure","DisplayName":"ToDoAPI.UnitTests.Controllers.ToDoItemsControllerTests.PostToDoItems_WhenUserDetailsNotExists_Failure","ExecutorUri":"executor://xunit/VsTestRunner2/netcoreapp","Source":"C:\\Users\\roshini.lakshmanan\\source\\repos\\Del\\ToDo\\ToDoAPI\\ToDoAPI.UnitTests\\bin\\Debug\\netcoreapp3.1\\fine-code-coverage\\build-output\\ToDoAPI.UnitTests.dll","CodeFilePath":null,"LineNumber":0,"Properties":[]},"Attachments":[],"Outcome":1,"ErrorMessage":null,"ErrorStackTrace":null,"DisplayName":"ToDoAPI.UnitTests.Controllers.ToDoItemsControllerTests.PostToDoItems_WhenUserDetailsNotExists_Failure","Messages":[],"ComputerName":"INDPRFTCPL488","Duration":"00:00:00.0050234","StartTime":"2021-11-17T06:26:20.9632758+00:00","EndTime":"2021-11-17T06:26:20.963277+00:00","Properties":[]},{"TestCase":{"Id":"33e09296-479f-85de-29d0-a6bc468bd251","FullyQualifiedName":"ToDoAPI.UnitTests.Controllers.ToDoItemsControllerTests.Constructor_UserProviderIsNull_ThrowsArgumentNullException","DisplayName":"ToDoAPI.UnitTests.Controllers.ToDoItemsControllerTests.Constructor_UserProviderIsNull_ThrowsArgumentNullException","ExecutorUri":"executor://xunit/VsTestRunner2/netcoreapp","Source":"C:\\Users\\roshini.lakshmanan\\source\\repos\\Del\\ToDo\\ToDoAPI\\ToDoAPI.UnitTests\\bin\\Debug\\netcoreapp3.1\\fine-code-coverage\\build-output\\ToDoAPI.UnitTests.dll","CodeFilePath":null,"LineNumber":0,"Properties":[]},"Attachments":[],"Outcome":1,"ErrorMessage":null,"ErrorStackTrace":null,"DisplayName":"ToDoAPI.UnitTests.Controllers.ToDoItemsControllerTests.Constructor_UserProviderIsNull_ThrowsArgumentNullException","Messages":[],"ComputerName":"INDPRFTCPL488","Duration":"00:00:00.0008736","StartTime":"2021-11-17T06:26:20.9648151+00:00","EndTime":"2021-11-17T06:26:20.9648162+00:00","Properties":[]},{"TestCase":{"Id":"6b626935-4a88-0997-6c7c-e804ff77f8e5","FullyQualifiedName":"ToDoAPI.UnitTests.Controllers.ToDoItemsControllerTests.PutToDoItemModel_Success","DisplayName":"ToDoAPI.UnitTests.Controllers.ToDoItemsControllerTests.PutToDoItemModel_Success","ExecutorUri":"executor://xunit/VsTestRunner2/netcoreapp","Source":"C:\\Users\\roshini.lakshmanan\\source\\repos\\Del\\ToDo\\ToDoAPI\\ToDoAPI.UnitTests\\bin\\Debug\\netcoreapp3.1\\fine-code-coverage\\build-output\\ToDoAPI.UnitTests.dll","CodeFilePath":null,"LineNumber":0,"Properties":[]},"Attachments":[],"Outcome":1,"ErrorMessage":null,"ErrorStackTrace":null,"DisplayName":"ToDoAPI.UnitTests.Controllers.ToDoItemsControllerTests.PutToDoItemModel_Success","Messages":[],"ComputerName":"INDPRFTCPL488","Duration":"00:00:00.0006565","StartTime":"2021-11-17T06:26:20.9666724+00:00","EndTime":"2021-11-17T06:26:20.9666738+00:00","Properties":[]}],"TestRunStatistics":{"ExecutedTests":8,"Stats":{"Passed":8}},"ActiveTests":[{"Id":"c1e7956f-fdd0-d4d0-429d-e3a79fdde0df","FullyQualifiedName":"ToDoAPI.UnitTests.Controllers.AuthenticationControllerTest.Get_Login_Authentication_Success","DisplayName":"ToDoAPI.UnitTests.Controllers.AuthenticationControllerTest.Get_Login_Authentication_Success","ExecutorUri":"executor://xunit/VsTestRunner2/netcoreapp","Source":"C:\\Users\\roshini.lakshmanan\\source\\repos\\Del\\ToDo\\ToDoAPI\\ToDoAPI.UnitTests\\bin\\Debug\\netcoreapp3.1\\fine-code-coverage\\build-output\\ToDoAPI.UnitTests.dll","CodeFilePath":null,"LineNumber":0,"Properties":[]},{"Id":"17b80c05-bf2e-0107-0e9f-09395a3e81b7","FullyQualifiedName":"ToDoAPI.UnitTests.Controllers.ToDoItemsControllerTests.PostToDoItems_Success","DisplayName":"ToDoAPI.UnitTests.Controllers.ToDoItemsControllerTests.PostToDoItems_Success","ExecutorUri":"executor://xunit/VsTestRunner2/netcoreapp","Source":"C:\\Users\\roshini.lakshmanan\\source\\repos\\Del\\ToDo\\ToDoAPI\\ToDoAPI.UnitTests\\bin\\Debug\\netcoreapp3.1\\fine-code-coverage\\build-output\\ToDoAPI.UnitTests.dll","CodeFilePath":null,"LineNumber":0,"Properties":[]}]}}
TpTrace Verbose: 0 : 5376, 4, 2021/11/17, 11:56:20.988, 1300796667942, vstest.console.dll, TestRunRequest:SendTestRunStatsChange: Starting.
TpTrace Verbose: 0 : 5376, 4, 2021/11/17, 11:56:20.988, 1300796668723, vstest.console.dll, InProgress is ToDoAPI.UnitTests.Controllers.AuthenticationControllerTest.Get_Login_Authentication_Success
TpTrace Verbose: 0 : 5376, 4, 2021/11/17, 11:56:20.988, 1300796669028, vstest.console.dll, InProgress is ToDoAPI.UnitTests.Controllers.ToDoItemsControllerTests.PostToDoItems_Success
TpTrace Information: 0 : 5376, 4, 2021/11/17, 11:56:20.988, 1300796670386, vstest.console.dll, TestRunRequest:SendTestRunStatsChange: Completed.
TpTrace Verbose: 0 : 5376, 4, 2021/11/17, 11:56:20.988, 1300796670776, vstest.console.dll, TcpClientExtensions.MessageLoopAsync: Polling on remoteEndPoint: 127.0.0.1:63754 localEndPoint: 127.0.0.1:63753
TpTrace Verbose: 0 : 5376, 4, 2021/11/17, 11:56:21.007, 1300796858616, vstest.console.dll, TcpClientExtensions.MessageLoopAsync: NotifyDataAvailable remoteEndPoint: 127.0.0.1:63754 localEndPoint: 127.0.0.1:63753
TpTrace Verbose: 0 : 5376, 4, 2021/11/17, 11:56:21.007, 1300796860932, vstest.console.dll, TestRequestSender.OnExecutionMessageReceived: Received message: {"Version":2,"MessageType":"TestExecution.StatsChange","Payload":{"NewTestResults":[{"TestCase":{"Id":"17b80c05-bf2e-0107-0e9f-09395a3e81b7","FullyQualifiedName":"ToDoAPI.UnitTests.Controllers.ToDoItemsControllerTests.PostToDoItems_Success","DisplayName":"ToDoAPI.UnitTests.Controllers.ToDoItemsControllerTests.PostToDoItems_Success","ExecutorUri":"executor://xunit/VsTestRunner2/netcoreapp","Source":"C:\\Users\\roshini.lakshmanan\\source\\repos\\Del\\ToDo\\ToDoAPI\\ToDoAPI.UnitTests\\bin\\Debug\\netcoreapp3.1\\fine-code-coverage\\build-output\\ToDoAPI.UnitTests.dll","CodeFilePath":null,"LineNumber":0,"Properties":[]},"Attachments":[],"Outcome":1,"ErrorMessage":null,"ErrorStackTrace":null,"DisplayName":"ToDoAPI.UnitTests.Controllers.ToDoItemsControllerTests.PostToDoItems_Success","Messages":[],"ComputerName":"INDPRFTCPL488","Duration":"00:00:00.0066111","StartTime":"2021-11-17T06:26:20.977281+00:00","EndTime":"2021-11-17T06:26:20.9772836+00:00","Properties":[]},{"TestCase":{"Id":"a1cb3ad3-f4a4-3e9d-9827-cbbd66154cee","FullyQualifiedName":"ToDoAPI.UnitTests.Controllers.ToDoItemsControllerTests.DeleteToDoItems_WhenToDoItemNotFound_Failure","DisplayName":"ToDoAPI.UnitTests.Controllers.ToDoItemsControllerTests.DeleteToDoItems_WhenToDoItemNotFound_Failure","ExecutorUri":"executor://xunit/VsTestRunner2/netcoreapp","Source":"C:\\Users\\roshini.lakshmanan\\source\\repos\\Del\\ToDo\\ToDoAPI\\ToDoAPI.UnitTests\\bin\\Debug\\netcoreapp3.1\\fine-code-coverage\\build-output\\ToDoAPI.UnitTests.dll","CodeFilePath":null,"LineNumber":0,"Properties":[]},"Attachments":[],"Outcome":1,"ErrorMessage":null,"ErrorStackTrace":null,"DisplayName":"ToDoAPI.UnitTests.Controllers.ToDoItemsControllerTests.DeleteToDoItems_WhenToDoItemNotFound_Failure","Messages":[],"ComputerName":"INDPRFTCPL488","Duration":"00:00:00.0019417","StartTime":"2021-11-17T06:26:20.9794817+00:00","EndTime":"2021-11-17T06:26:20.9794842+00:00","Properties":[]},{"TestCase":{"Id":"7345891f-72de-9ae9-be8f-bdc421af695c","FullyQualifiedName":"ToDoAPI.UnitTests.Controllers.ToDoItemsControllerTests.PostToDoItems_WhenUserIsNull_Failure","DisplayName":"ToDoAPI.UnitTests.Controllers.ToDoItemsControllerTests.PostToDoItems_WhenUserIsNull_Failure","ExecutorUri":"executor://xunit/VsTestRunner2/netcoreapp","Source":"C:\\Users\\roshini.lakshmanan\\source\\repos\\Del\\ToDo\\ToDoAPI\\ToDoAPI.UnitTests\\bin\\Debug\\netcoreapp3.1\\fine-code-coverage\\build-output\\ToDoAPI.UnitTests.dll","CodeFilePath":null,"LineNumber":0,"Properties":[]},"Attachments":[],"Outcome":1,"ErrorMessage":null,"ErrorStackTrace":null,"DisplayName":"ToDoAPI.UnitTests.Controllers.ToDoItemsControllerTests.PostToDoItems_WhenUserIsNull_Failure","Messages":[],"ComputerName":"INDPRFTCPL488","Duration":"00:00:00.0008190","StartTime":"2021-11-17T06:26:20.9816249+00:00","EndTime":"2021-11-17T06:26:20.9816265+00:00","Properties":[]},{"TestCase":{"Id":"7db3d531-d51d-1606-610e-4e2eac4945e8","FullyQualifiedName":"ToDoAPI.UnitTests.Controllers.ToDoItemsControllerTests.GetToDoItems_Success","DisplayName":"ToDoAPI.UnitTests.Controllers.ToDoItemsControllerTests.GetToDoItems_Success","ExecutorUri":"executor://xunit/VsTestRunner2/netcoreapp","Source":"C:\\Users\\roshini.lakshmanan\\source\\repos\\Del\\ToDo\\ToDoAPI\\ToDoAPI.UnitTests\\bin\\Debug\\netcoreapp3.1\\fine-code-coverage\\build-output\\ToDoAPI.UnitTests.dll","CodeFilePath":null,"LineNumber":0,"Properties":[]},"Attachments":[],"Outcome":1,"ErrorMessage":null,"ErrorStackTrace":null,"DisplayName":"ToDoAPI.UnitTests.Controllers.ToDoItemsControllerTests.GetToDoItems_Success","Messages":[],"ComputerName":"INDPRFTCPL488","Duration":"00:00:00.0022910","StartTime":"2021-11-17T06:26:20.9836016+00:00","EndTime":"2021-11-17T06:26:20.9836035+00:00","Properties":[]},{"TestCase":{"Id":"09732e9d-2d76-c1d0-5e4e-f74b2f7507dd","FullyQualifiedName":"ToDoAPI.UnitTests.Controllers.ToDoItemsControllerTests.GetToDoItems_WhenUserIdInvalid_Failure","DisplayName":"ToDoAPI.UnitTests.Controllers.ToDoItemsControllerTests.GetToDoItems_WhenUserIdInvalid_Failure","ExecutorUri":"executor://xunit/VsTestRunner2/netcoreapp","Source":"C:\\Users\\roshini.lakshmanan\\source\\repos\\Del\\ToDo\\ToDoAPI\\ToDoAPI.UnitTests\\bin\\Debug\\netcoreapp3.1\\fine-code-coverage\\build-output\\ToDoAPI.UnitTests.dll","CodeFilePath":null,"LineNumber":0,"Properties":[]},"Attachments":[],"Outcome":1,"ErrorMessage":null,"ErrorStackTrace":null,"DisplayName":"ToDoAPI.UnitTests.Controllers.ToDoItemsControllerTests.GetToDoItems_WhenUserIdInvalid_Failure","Messages":[],"ComputerName":"INDPRFTCPL488","Duration":"00:00:00.0008972","StartTime":"2021-11-17T06:26:20.9995569+00:00","EndTime":"2021-11-17T06:26:20.9995588+00:00","Properties":[]},{"TestCase":{"Id":"731da8ec-08f6-25e0-1db8-5ea7a1a6d289","FullyQualifiedName":"ToDoAPI.UnitTests.Controllers.ToDoItemsControllerTests.GetToDoItems_WhenToDoItemNotExists_Failure","DisplayName":"ToDoAPI.UnitTests.Controllers.ToDoItemsControllerTests.GetToDoItems_WhenToDoItemNotExists_Failure","ExecutorUri":"executor://xunit/VsTestRunner2/netcoreapp","Source":"C:\\Users\\roshini.lakshmanan\\source\\repos\\Del\\ToDo\\ToDoAPI\\ToDoAPI.UnitTests\\bin\\Debug\\netcoreapp3.1\\fine-code-coverage\\build-output\\ToDoAPI.UnitTests.dll","CodeFilePath":null,"LineNumber":0,"Properties":[]},"Attachments":[],"Outcome":1,"ErrorMessage":null,"ErrorStackTrace":null,"DisplayName":"ToDoAPI.UnitTests.Controllers.ToDoItemsControllerTests.GetToDoItems_WhenToDoItemNotExists_Failure","Messages":[],"ComputerName":"INDPRFTCPL488","Duration":"00:00:00.0017356","StartTime":"2021-11-17T06:26:21.0010879+00:00","EndTime":"2021-11-17T06:26:21.0010891+00:00","Properties":[]},{"TestCase":{"Id":"14d0a080-c3e8-1271-ac9e-d34a4b9daaf7","FullyQualifiedName":"ToDoAPI.UnitTests.Controllers.ToDoItemsControllerTests.Constructor_ToDoItemProviderIsNull_ThrowsArgumentNullException","DisplayName":"ToDoAPI.UnitTests.Controllers.ToDoItemsControllerTests.Constructor_ToDoItemProviderIsNull_ThrowsArgumentNullException","ExecutorUri":"executor://xunit/VsTestRunner2/netcoreapp","Source":"C:\\Users\\roshini.lakshmanan\\source\\repos\\Del\\ToDo\\ToDoAPI\\ToDoAPI.UnitTests\\bin\\Debug\\netcoreapp3.1\\fine-code-coverage\\build-output\\ToDoAPI.UnitTests.dll","CodeFilePath":null,"LineNumber":0,"Properties":[]},"Attachments":[],"Outcome":1,"ErrorMessage":null,"ErrorStackTrace":null,"DisplayName":"ToDoAPI.UnitTests.Controllers.ToDoItemsControllerTests.Constructor_ToDoItemProviderIsNull_ThrowsArgumentNullException","Messages":[],"ComputerName":"INDPRFTCPL488","Duration":"00:00:00.0002630","StartTime":"2021-11-17T06:26:21.0025916+00:00","EndTime":"2021-11-17T06:26:21.0025927+00:00","Properties":[]},{"TestCase":{"Id":"9199d17b-2b7b-1743-7977-0d13dc904982","FullyQualifiedName":"ToDoAPI.UnitTests.Controllers.ToDoItemsControllerTests.GetToDoItems_Exception_Failure","DisplayName":"ToDoAPI.UnitTests.Controllers.ToDoItemsControllerTests.GetToDoItems_Exception_Failure","ExecutorUri":"executor://xunit/VsTestRunner2/netcoreapp","Source":"C:\\Users\\roshini.lakshmanan\\source\\repos\\Del\\ToDo\\ToDoAPI\\ToDoAPI.UnitTests\\bin\\Debug\\netcoreapp3.1\\fine-code-coverage\\build-output\\ToDoAPI.UnitTests.dll","CodeFilePath":null,"LineNumber":0,"Properties":[]},"Attachments":[],"Outcome":1,"ErrorMessage":null,"ErrorStackTrace":null,"DisplayName":"ToDoAPI.UnitTests.Controllers.ToDoItemsControllerTests.GetToDoItems_Exception_Failure","Messages":[],"ComputerName":"INDPRFTCPL488","Duration":"00:00:00.0018952","StartTime":"2021-11-17T06:26:21.0040267+00:00","EndTime":"2021-11-17T06:26:21.0040276+00:00","Properties":[]},{"TestCase":{"Id":"f823bd0b-3e12-3d4e-1f3e-ad6c747f336e","FullyQualifiedName":"ToDoAPI.UnitTests.Controllers.ToDoItemsControllerTests.DeleteToDoItems_Failure","DisplayName":"ToDoAPI.UnitTests.Controllers.ToDoItemsControllerTests.DeleteToDoItems_Failure","ExecutorUri":"executor://xunit/VsTestRunner2/netcoreapp","Source":"C:\\Users\\roshini.lakshmanan\\source\\repos\\Del\\ToDo\\ToDoAPI\\ToDoAPI.UnitTests\\bin\\Debug\\netcoreapp3.1\\fine-code-coverage\\build-output\\ToDoAPI.UnitTests.dll","CodeFilePath":null,"LineNumber":0,"Properties":[]},"Attachments":[],"Outcome":1,"ErrorMessage":null,"ErrorStackTrace":null,"DisplayName":"ToDoAPI.UnitTests.Controllers.ToDoItemsControllerTests.DeleteToDoItems_Failure","Messages":[],"ComputerName":"INDPRFTCPL488","Duration":"00:00:00.0011975","StartTime":"2021-11-17T06:26:21.0054397+00:00","EndTime":"2021-11-17T06:26:21.0054406+00:00","Properties":[]}],"TestRunStatistics":{"ExecutedTests":17,"Stats":{"Passed":17}},"ActiveTests":[{"Id":"1e77b636-d8af-1425-a18b-92feae37a4a0","FullyQualifiedName":"ToDoAPI.UnitTests.Controllers.ToDoItemsControllerTests.PutToDoItemModel_WhenToDoItemIdNotMatch_Failure","DisplayName":"ToDoAPI.UnitTests.Controllers.ToDoItemsControllerTests.PutToDoItemModel_WhenToDoItemIdNotMatch_Failure","ExecutorUri":"executor://xunit/VsTestRunner2/netcoreapp","Source":"C:\\Users\\roshini.lakshmanan\\source\\repos\\Del\\ToDo\\ToDoAPI\\ToDoAPI.UnitTests\\bin\\Debug\\netcoreapp3.1\\fine-code-coverage\\build-output\\ToDoAPI.UnitTests.dll","CodeFilePath":null,"LineNumber":0,"Properties":[]}]}}
TpTrace Verbose: 0 : 5376, 4, 2021/11/17, 11:56:21.008, 1300796874366, vstest.console.dll, TestRunRequest:SendTestRunStatsChange: Starting.
TpTrace Verbose: 0 : 5376, 4, 2021/11/17, 11:56:21.008, 1300796874814, vstest.console.dll, InProgress is ToDoAPI.UnitTests.Controllers.ToDoItemsControllerTests.PutToDoItemModel_WhenToDoItemIdNotMatch_Failure
TpTrace Information: 0 : 5376, 4, 2021/11/17, 11:56:21.008, 1300796875358, vstest.console.dll, TestRunRequest:SendTestRunStatsChange: Completed.
TpTrace Verbose: 0 : 5376, 4, 2021/11/17, 11:56:21.008, 1300796875624, vstest.console.dll, TcpClientExtensions.MessageLoopAsync: Polling on remoteEndPoint: 127.0.0.1:63754 localEndPoint: 127.0.0.1:63753
TpTrace Verbose: 0 : 5376, 4, 2021/11/17, 11:56:21.104, 1300797832157, vstest.console.dll, TcpClientExtensions.MessageLoopAsync: NotifyDataAvailable remoteEndPoint: 127.0.0.1:63754 localEndPoint: 127.0.0.1:63753
TpTrace Verbose: 0 : 5376, 4, 2021/11/17, 11:56:21.104, 1300797834241, vstest.console.dll, TestRequestSender.OnExecutionMessageReceived: Received message: {"Version":2,"MessageType":"TestExecution.StatsChange","Payload":{"NewTestResults":[{"TestCase":{"Id":"1e77b636-d8af-1425-a18b-92feae37a4a0","FullyQualifiedName":"ToDoAPI.UnitTests.Controllers.ToDoItemsControllerTests.PutToDoItemModel_WhenToDoItemIdNotMatch_Failure","DisplayName":"ToDoAPI.UnitTests.Controllers.ToDoItemsControllerTests.PutToDoItemModel_WhenToDoItemIdNotMatch_Failure","ExecutorUri":"executor://xunit/VsTestRunner2/netcoreapp","Source":"C:\\Users\\roshini.lakshmanan\\source\\repos\\Del\\ToDo\\ToDoAPI\\ToDoAPI.UnitTests\\bin\\Debug\\netcoreapp3.1\\fine-code-coverage\\build-output\\ToDoAPI.UnitTests.dll","CodeFilePath":null,"LineNumber":0,"Properties":[]},"Attachments":[],"Outcome":1,"ErrorMessage":null,"ErrorStackTrace":null,"DisplayName":"ToDoAPI.UnitTests.Controllers.ToDoItemsControllerTests.PutToDoItemModel_WhenToDoItemIdNotMatch_Failure","Messages":[],"ComputerName":"INDPRFTCPL488","Duration":"00:00:00.0012784","StartTime":"2021-11-17T06:26:21.0080833+00:00","EndTime":"2021-11-17T06:26:21.008085+00:00","Properties":[]},{"TestCase":{"Id":"c4cc1799-ebbb-0ddf-ce68-57d583f3203b","FullyQualifiedName":"ToDoAPI.UnitTests.Controllers.ToDoItemsControllerTests.PutToDoItems_Failure","DisplayName":"ToDoAPI.UnitTests.Controllers.ToDoItemsControllerTests.PutToDoItems_Failure","ExecutorUri":"executor://xunit/VsTestRunner2/netcoreapp","Source":"C:\\Users\\roshini.lakshmanan\\source\\repos\\Del\\ToDo\\ToDoAPI\\ToDoAPI.UnitTests\\bin\\Debug\\netcoreapp3.1\\fine-code-coverage\\build-output\\ToDoAPI.UnitTests.dll","CodeFilePath":null,"LineNumber":0,"Properties":[]},"Attachments":[],"Outcome":1,"ErrorMessage":null,"ErrorStackTrace":null,"DisplayName":"ToDoAPI.UnitTests.Controllers.ToDoItemsControllerTests.PutToDoItems_Failure","Messages":[],"ComputerName":"INDPRFTCPL488","Duration":"00:00:00.0010743","StartTime":"2021-11-17T06:26:21.0097254+00:00","EndTime":"2021-11-17T06:26:21.0097266+00:00","Properties":[]},{"TestCase":{"Id":"65110059-c15f-68a0-4b94-7c2dfdb6d303","FullyQualifiedName":"ToDoAPI.UnitTests.Controllers.ToDoItemsControllerTests.PostToDoItems_WhenUserIdInvalid_Failure","DisplayName":"ToDoAPI.UnitTests.Controllers.ToDoItemsControllerTests.PostToDoItems_WhenUserIdInvalid_Failure","ExecutorUri":"executor://xunit/VsTestRunner2/netcoreapp","Source":"C:\\Users\\roshini.lakshmanan\\source\\repos\\Del\\ToDo\\ToDoAPI\\ToDoAPI.UnitTests\\bin\\Debug\\netcoreapp3.1\\fine-code-coverage\\build-output\\ToDoAPI.UnitTests.dll","CodeFilePath":null,"LineNumber":0,"Properties":[]},"Attachments":[],"Outcome":1,"ErrorMessage":null,"ErrorStackTrace":null,"DisplayName":"ToDoAPI.UnitTests.Controllers.ToDoItemsControllerTests.PostToDoItems_WhenUserIdInvalid_Failure","Messages":[],"ComputerName":"INDPRFTCPL488","Duration":"00:00:00.0007500","StartTime":"2021-11-17T06:26:21.0111456+00:00","EndTime":"2021-11-17T06:26:21.0111467+00:00","Properties":[]},{"TestCase":{"Id":"3945b9fd-1b9d-e619-8395-d7ec0be85b35","FullyQualifiedName":"ToDoAPI.UnitTests.Controllers.ToDoItemsControllerTests.PutToDoItems_Concurrency_itemExists_Failure","DisplayName":"ToDoAPI.UnitTests.Controllers.ToDoItemsControllerTests.PutToDoItems_Concurrency_itemExists_Failure","ExecutorUri":"executor://xunit/VsTestRunner2/netcoreapp","Source":"C:\\Users\\roshini.lakshmanan\\source\\repos\\Del\\ToDo\\ToDoAPI\\ToDoAPI.UnitTests\\bin\\Debug\\netcoreapp3.1\\fine-code-coverage\\build-output\\ToDoAPI.UnitTests.dll","CodeFilePath":null,"LineNumber":0,"Properties":[]},"Attachments":[],"Outcome":1,"ErrorMessage":null,"ErrorStackTrace":null,"DisplayName":"ToDoAPI.UnitTests.Controllers.ToDoItemsControllerTests.PutToDoItems_Concurrency_itemExists_Failure","Messages":[],"ComputerName":"INDPRFTCPL488","Duration":"00:00:00.0028497","StartTime":"2021-11-17T06:26:21.0124767+00:00","EndTime":"2021-11-17T06:26:21.0124776+00:00","Properties":[]},{"TestCase":{"Id":"ea072548-af90-56fe-998d-139a7837aa3b","FullyQualifiedName":"ToDoAPI.UnitTests.Controllers.ToDoItemsControllerTests.GetToDoItems_WhenUserIsNull_Failure","DisplayName":"ToDoAPI.UnitTests.Controllers.ToDoItemsControllerTests.GetToDoItems_WhenUserIsNull_Failure","ExecutorUri":"executor://xunit/VsTestRunner2/netcoreapp","Source":"C:\\Users\\roshini.lakshmanan\\source\\repos\\Del\\ToDo\\ToDoAPI\\ToDoAPI.UnitTests\\bin\\Debug\\netcoreapp3.1\\fine-code-coverage\\build-output\\ToDoAPI.UnitTests.dll","CodeFilePath":null,"LineNumber":0,"Properties":[]},"Attachments":[],"Outcome":1,"ErrorMessage":null,"ErrorStackTrace":null,"DisplayName":"ToDoAPI.UnitTests.Controllers.ToDoItemsControllerTests.GetToDoItems_WhenUserIsNull_Failure","Messages":[],"ComputerName":"INDPRFTCPL488","Duration":"00:00:00.0006710","StartTime":"2021-11-17T06:26:21.0137744+00:00","EndTime":"2021-11-17T06:26:21.0137753+00:00","Properties":[]},{"TestCase":{"Id":"079d0629-3ed9-7d1f-a933-d896b9998360","FullyQualifiedName":"ToDoAPI.UnitTests.Controllers.ToDoItemsControllerTests.DeleteToDoItems_Success","DisplayName":"ToDoAPI.UnitTests.Controllers.ToDoItemsControllerTests.DeleteToDoItems_Success","ExecutorUri":"executor://xunit/VsTestRunner2/netcoreapp","Source":"C:\\Users\\roshini.lakshmanan\\source\\repos\\Del\\ToDo\\ToDoAPI\\ToDoAPI.UnitTests\\bin\\Debug\\netcoreapp3.1\\fine-code-coverage\\build-output\\ToDoAPI.UnitTests.dll","CodeFilePath":null,"LineNumber":0,"Properties":[]},"Attachments":[],"Outcome":1,"ErrorMessage":null,"ErrorStackTrace":null,"DisplayName":"ToDoAPI.UnitTests.Controllers.ToDoItemsControllerTests.DeleteToDoItems_Success","Messages":[],"ComputerName":"INDPRFTCPL488","Duration":"00:00:00.0014387","StartTime":"2021-11-17T06:26:21.0150289+00:00","EndTime":"2021-11-17T06:26:21.0150298+00:00","Properties":[]},{"TestCase":{"Id":"05d19116-17e5-08ad-f80c-e9b546ecdfa9","FullyQualifiedName":"ToDoAPI.UnitTests.Controllers.ToDoItemsControllerTests.GetToDoItemOnId_Success","DisplayName":"ToDoAPI.UnitTests.Controllers.ToDoItemsControllerTests.GetToDoItemOnId_Success","ExecutorUri":"executor://xunit/VsTestRunner2/netcoreapp","Source":"C:\\Users\\roshini.lakshmanan\\source\\repos\\Del\\ToDo\\ToDoAPI\\ToDoAPI.UnitTests\\bin\\Debug\\netcoreapp3.1\\fine-code-coverage\\build-output\\ToDoAPI.UnitTests.dll","CodeFilePath":null,"LineNumber":0,"Properties":[]},"Attachments":[],"Outcome":1,"ErrorMessage":null,"ErrorStackTrace":null,"DisplayName":"ToDoAPI.UnitTests.Controllers.ToDoItemsControllerTests.GetToDoItemOnId_Success","Messages":[],"ComputerName":"INDPRFTCPL488","Duration":"00:00:00.0011754","StartTime":"2021-11-17T06:26:21.0162853+00:00","EndTime":"2021-11-17T06:26:21.0162862+00:00","Properties":[]},{"TestCase":{"Id":"c1e7956f-fdd0-d4d0-429d-e3a79fdde0df","FullyQualifiedName":"ToDoAPI.UnitTests.Controllers.AuthenticationControllerTest.Get_Login_Authentication_Success","DisplayName":"ToDoAPI.UnitTests.Controllers.AuthenticationControllerTest.Get_Login_Authentication_Success","ExecutorUri":"executor://xunit/VsTestRunner2/netcoreapp","Source":"C:\\Users\\roshini.lakshmanan\\source\\repos\\Del\\ToDo\\ToDoAPI\\ToDoAPI.UnitTests\\bin\\Debug\\netcoreapp3.1\\fine-code-coverage\\build-output\\ToDoAPI.UnitTests.dll","CodeFilePath":null,"LineNumber":0,"Properties":[]},"Attachments":[],"Outcome":1,"ErrorMessage":null,"ErrorStackTrace":null,"DisplayName":"ToDoAPI.UnitTests.Controllers.AuthenticationControllerTest.Get_Login_Authentication_Success","Messages":[],"ComputerName":"INDPRFTCPL488","Duration":"00:00:00.1557043","StartTime":"2021-11-17T06:26:21.1004276+00:00","EndTime":"2021-11-17T06:26:21.10043+00:00","Properties":[]},{"TestCase":{"Id":"072759e6-2666-7992-11e6-930ae2f0f33a","FullyQualifiedName":"ToDoAPI.UnitTests.Controllers.AuthenticationControllerTest.RegisterUser_Exception_Failure","DisplayName":"ToDoAPI.UnitTests.Controllers.AuthenticationControllerTest.RegisterUser_Exception_Failure","ExecutorUri":"executor://xunit/VsTestRunner2/netcoreapp","Source":"C:\\Users\\roshini.lakshmanan\\source\\repos\\Del\\ToDo\\ToDoAPI\\ToDoAPI.UnitTests\\bin\\Debug\\netcoreapp3.1\\fine-code-coverage\\build-output\\ToDoAPI.UnitTests.dll","CodeFilePath":null,"LineNumber":0,"Properties":[]},"Attachments":[],"Outcome":1,"ErrorMessage":null,"ErrorStackTrace":null,"DisplayName":"ToDoAPI.UnitTests.Controllers.AuthenticationControllerTest.RegisterUser_Exception_Failure","Messages":[],"ComputerName":"INDPRFTCPL488","Duration":"00:00:00.0012826","StartTime":"2021-11-17T06:26:21.1023555+00:00","EndTime":"2021-11-17T06:26:21.1023582+00:00","Properties":[]}],"TestRunStatistics":{"ExecutedTests":26,"Stats":{"Passed":26}},"ActiveTests":[{"Id":"88457d97-4520-74e1-d21c-f88ea542d997","FullyQualifiedName":"ToDoAPI.UnitTests.Controllers.AuthenticationControllerTest.Constructor_UserProviderIsNull_ThrowsArgumentNullException","DisplayName":"ToDoAPI.UnitTests.Controllers.AuthenticationControllerTest.Constructor_UserProviderIsNull_ThrowsArgumentNullException","ExecutorUri":"executor://xunit/VsTestRunner2/netcoreapp","Source":"C:\\Users\\roshini.lakshmanan\\source\\repos\\Del\\ToDo\\ToDoAPI\\ToDoAPI.UnitTests\\bin\\Debug\\netcoreapp3.1\\fine-code-coverage\\build-output\\ToDoAPI.UnitTests.dll","CodeFilePath":null,"LineNumber":0,"Properties":[]}]}}
TpTrace Verbose: 0 : 5376, 4, 2021/11/17, 11:56:21.106, 1300797847746, vstest.console.dll, TestRunRequest:SendTestRunStatsChange: Starting.
TpTrace Verbose: 0 : 5376, 4, 2021/11/17, 11:56:21.106, 1300797848532, vstest.console.dll, InProgress is ToDoAPI.UnitTests.Controllers.AuthenticationControllerTest.Constructor_UserProviderIsNull_ThrowsArgumentNullException
TpTrace Information: 0 : 5376, 4, 2021/11/17, 11:56:21.106, 1300797849230, vstest.console.dll, TestRunRequest:SendTestRunStatsChange: Completed.
TpTrace Verbose: 0 : 5376, 4, 2021/11/17, 11:56:21.106, 1300797849712, vstest.console.dll, TcpClientExtensions.MessageLoopAsync: Polling on remoteEndPoint: 127.0.0.1:63754 localEndPoint: 127.0.0.1:63753
TpTrace Verbose: 0 : 5376, 4, 2021/11/17, 11:56:21.110, 1300797893677, vstest.console.dll, TcpClientExtensions.MessageLoopAsync: NotifyDataAvailable remoteEndPoint: 127.0.0.1:63754 localEndPoint: 127.0.0.1:63753
TpTrace Verbose: 0 : 5376, 4, 2021/11/17, 11:56:21.110, 1300797894745, vstest.console.dll, TestRequestSender.OnExecutionMessageReceived: Received message: {"Version":2,"MessageType":"TestSession.Message","Payload":{"MessageLevel":0,"Message":"[xUnit.net 00:00:02.19]   Finished:    ToDoAPI.UnitTests"}}
TpTrace Verbose: 0 : 5376, 4, 2021/11/17, 11:56:21.110, 1300797895868, vstest.console.dll, TestRunRequest:SendTestRunMessage: Starting.
TpTrace Information: 0 : 5376, 4, 2021/11/17, 11:56:21.110, 1300797896482, vstest.console.dll, TestRunRequest:SendTestRunMessage: Completed.
TpTrace Verbose: 0 : 5376, 4, 2021/11/17, 11:56:21.110, 1300797896764, vstest.console.dll, TcpClientExtensions.MessageLoopAsync: Polling on remoteEndPoint: 127.0.0.1:63754 localEndPoint: 127.0.0.1:63753
TpTrace Verbose: 0 : 5376, 4, 2021/11/17, 11:56:21.131, 1300798105187, vstest.console.dll, TcpClientExtensions.MessageLoopAsync: NotifyDataAvailable remoteEndPoint: 127.0.0.1:63754 localEndPoint: 127.0.0.1:63753
TpTrace Verbose: 0 : 5376, 4, 2021/11/17, 11:56:21.132, 1300798107959, vstest.console.dll, TestRequestSender.OnExecutionMessageReceived: Received message: {"Version":2,"MessageType":"TestExecution.Completed","Payload":{"TestRunCompleteArgs":{"TestRunStatistics":{"ExecutedTests":29,"Stats":{"Passed":29}},"IsCanceled":false,"IsAborted":false,"Error":null,"AttachmentSets":[],"ElapsedTimeInRunningTests":"00:00:02.2006417","Metrics":{}},"LastRunTests":{"NewTestResults":[{"TestCase":{"Id":"88457d97-4520-74e1-d21c-f88ea542d997","FullyQualifiedName":"ToDoAPI.UnitTests.Controllers.AuthenticationControllerTest.Constructor_UserProviderIsNull_ThrowsArgumentNullException","DisplayName":"ToDoAPI.UnitTests.Controllers.AuthenticationControllerTest.Constructor_UserProviderIsNull_ThrowsArgumentNullException","ExecutorUri":"executor://xunit/VsTestRunner2/netcoreapp","Source":"C:\\Users\\roshini.lakshmanan\\source\\repos\\Del\\ToDo\\ToDoAPI\\ToDoAPI.UnitTests\\bin\\Debug\\netcoreapp3.1\\fine-code-coverage\\build-output\\ToDoAPI.UnitTests.dll","CodeFilePath":null,"LineNumber":0,"Properties":[]},"Attachments":[],"Outcome":1,"ErrorMessage":null,"ErrorStackTrace":null,"DisplayName":"ToDoAPI.UnitTests.Controllers.AuthenticationControllerTest.Constructor_UserProviderIsNull_ThrowsArgumentNullException","Messages":[],"ComputerName":"INDPRFTCPL488","Duration":"00:00:00.0002636","StartTime":"2021-11-17T06:26:21.105258+00:00","EndTime":"2021-11-17T06:26:21.10526+00:00","Properties":[]},{"TestCase":{"Id":"48804269-b1ec-2a15-f4e8-b30f8a0b22be","FullyQualifiedName":"ToDoAPI.UnitTests.Controllers.AuthenticationControllerTest.Constructor_ConfigurationIsNull_ThrowsArgumentNullException","DisplayName":"ToDoAPI.UnitTests.Controllers.AuthenticationControllerTest.Constructor_ConfigurationIsNull_ThrowsArgumentNullException","ExecutorUri":"executor://xunit/VsTestRunner2/netcoreapp","Source":"C:\\Users\\roshini.lakshmanan\\source\\repos\\Del\\ToDo\\ToDoAPI\\ToDoAPI.UnitTests\\bin\\Debug\\netcoreapp3.1\\fine-code-coverage\\build-output\\ToDoAPI.UnitTests.dll","CodeFilePath":null,"LineNumber":0,"Properties":[]},"Attachments":[],"Outcome":1,"ErrorMessage":null,"ErrorStackTrace":null,"DisplayName":"ToDoAPI.UnitTests.Controllers.AuthenticationControllerTest.Constructor_ConfigurationIsNull_ThrowsArgumentNullException","Messages":[],"ComputerName":"INDPRFTCPL488","Duration":"00:00:00.0003570","StartTime":"2021-11-17T06:26:21.107194+00:00","EndTime":"2021-11-17T06:26:21.1071953+00:00","Properties":[]},{"TestCase":{"Id":"e783e95b-2ac6-afdf-c960-8563c7945207","FullyQualifiedName":"ToDoAPI.UnitTests.Controllers.AuthenticationControllerTest.Get_Login_Authentication_Exception_Failure","DisplayName":"ToDoAPI.UnitTests.Controllers.AuthenticationControllerTest.Get_Login_Authentication_Exception_Failure","ExecutorUri":"executor://xunit/VsTestRunner2/netcoreapp","Source":"C:\\Users\\roshini.lakshmanan\\source\\repos\\Del\\ToDo\\ToDoAPI\\ToDoAPI.UnitTests\\bin\\Debug\\netcoreapp3.1\\fine-code-coverage\\build-output\\ToDoAPI.UnitTests.dll","CodeFilePath":null,"LineNumber":0,"Properties":[]},"Attachments":[],"Outcome":1,"ErrorMessage":null,"ErrorStackTrace":null,"DisplayName":"ToDoAPI.UnitTests.Controllers.AuthenticationControllerTest.Get_Login_Authentication_Exception_Failure","Messages":[],"ComputerName":"INDPRFTCPL488","Duration":"00:00:00.0009576","StartTime":"2021-11-17T06:26:21.1085686+00:00","EndTime":"2021-11-17T06:26:21.1085696+00:00","Properties":[]}],"TestRunStatistics":{"ExecutedTests":29,"Stats":{"Passed":29}},"ActiveTests":[]},"RunAttachments":[],"ExecutorUris":["executor://xunit/VsTestRunner2/netcoreapp"]}}
TpTrace Verbose: 0 : 5376, 4, 2021/11/17, 11:56:21.132, 1300798110868, vstest.console.dll, TestRequestSender.EndSession: Sending end session.
TpTrace Verbose: 0 : 5376, 4, 2021/11/17, 11:56:21.132, 1300798112239, vstest.console.dll, ProxyOperationManager.Close: waiting for test host to exit for 100 ms
TpTrace Warning: 0 : 5376, 12, 2021/11/17, 11:56:21.182, 1300798614020, vstest.console.dll, TestHostManagerCallbacks.ErrorReceivedCallback Test host standard error line: 
TpTrace Verbose: 0 : 5376, 7, 2021/11/17, 11:56:21.195, 1300798745868, vstest.console.dll, TestHostProvider.ExitCallBack: Host exited starting callback.
TpTrace Information: 0 : 5376, 7, 2021/11/17, 11:56:21.196, 1300798750250, vstest.console.dll, TestHostManagerCallbacks.ExitCallBack: Testhost processId: 27576 exited with exitcode: 0 error: ''
TpTrace Verbose: 0 : 5376, 7, 2021/11/17, 11:56:21.196, 1300798750725, vstest.console.dll, DotnetTestHostManager.OnHostExited: invoking OnHostExited callback
TpTrace Verbose: 0 : 5376, 7, 2021/11/17, 11:56:21.196, 1300798751332, vstest.console.dll, CrossPlatEngine.TestHostManagerHostExited: calling on client process exit callback.
TpTrace Information: 0 : 5376, 7, 2021/11/17, 11:56:21.196, 1300798751864, vstest.console.dll, TestRequestSender.OnClientProcessExit: Test host process exited. Standard error: 
TpTrace Warning: 0 : 5376, 4, 2021/11/17, 11:56:21.196, 1300798752168, vstest.console.dll, ProxyOperationManager: Timed out waiting for test host to exit. Will terminate process.
TpTrace Information: 0 : 5376, 7, 2021/11/17, 11:56:21.196, 1300798752229, vstest.console.dll, SocketServer.Stop: Stop server endPoint: 127.0.0.1:63753
TpTrace Information: 0 : 5376, 7, 2021/11/17, 11:56:21.196, 1300798753459, vstest.console.dll, SocketServer.Stop: Cancellation requested. Stopping message loop.
TpTrace Verbose: 0 : 5376, 4, 2021/11/17, 11:56:21.197, 1300798757761, vstest.console.dll, ProxyDataCollectionManager.InvokeDataCollectionServiceAction: Starting.
TpTrace Information: 0 : 5376, 4, 2021/11/17, 11:56:21.197, 1300798758342, vstest.console.dll, ProxyDataCollectionManager.AfterTestRunEnd: Get attachment set for datacollector processId: 15244 port: 63749
TpTrace Verbose: 0 : 5376, 4, 2021/11/17, 11:56:21.197, 1300798758815, vstest.console.dll, DataCollectionRequestSender.SendAfterTestRunStartAndGetResult : Send AfterTestRunEnd message with isCancelled: False
TpTrace Verbose: 0 : 5376, 4, 2021/11/17, 11:56:21.208, 1300798872763, vstest.console.dll, DataCollectionRequestSender.SendAfterTestRunStartAndGetResult : Received message: (DataCollection.AfterTestRunEndResult) -> {
  "AttachmentSets": [],
  "Metrics": {}
}
TpTrace Information: 0 : 5376, 4, 2021/11/17, 11:56:21.210, 1300798894638, vstest.console.dll, ProxyDataCollectionManager.InvokeDataCollectionServiceAction: Completed.
TpTrace Information: 0 : 5376, 7, 2021/11/17, 11:56:21.247, 1300799266122, vstest.console.dll, DataCollectionLauncher.ExitCallBack: Data collector exited with exitcode: 0 error: ''
TpTrace Verbose: 0 : 5376, 4, 2021/11/17, 11:56:21.261, 1300799398985, vstest.console.dll, TestRunRequest:SendTestRunStatsChange: Starting.
TpTrace Information: 0 : 5376, 4, 2021/11/17, 11:56:21.261, 1300799399792, vstest.console.dll, TestRunRequest:SendTestRunStatsChange: Completed.
TpTrace Verbose: 0 : 5376, 4, 2021/11/17, 11:56:21.261, 1300799401074, vstest.console.dll, ParallelProxyExecutionManager: HandlePartialRunComplete: Total completed clients = 1, Run complete = True, Run canceled: False.
TpTrace Warning: 0 : 5376, 9, 2021/11/17, 11:56:21.289, 1300799680763, vstest.console.dll, DataCollectionLauncher.ErrorReceivedCallback datacollector standard error line: 
TpTrace Verbose: 0 : 5376, 4, 2021/11/17, 11:56:21.317, 1300799966094, vstest.console.dll, TestRunRequest:TestRunComplete: Starting. IsAborted:False IsCanceled:False.
TpTrace Verbose: 0 : 5376, 4, 2021/11/17, 11:56:21.318, 1300799967875, vstest.console.dll, TestLoggerManager.HandleTestRunComplete: Ignoring as the object is disposed.
TpTrace Verbose: 0 : 5376, 1, 2021/11/17, 11:56:21.318, 1300799971303, vstest.console.dll, TestRunRequest.Dispose: Starting.
TpTrace Information: 0 : 5376, 4, 2021/11/17, 11:56:21.318, 1300799971542, vstest.console.dll, TestRunRequest:TestRunComplete: Completed.
TpTrace Verbose: 0 : 5376, 4, 2021/11/17, 11:56:21.318, 1300799972739, vstest.console.dll, TestRequestSender.SetOperationComplete: Setting operation complete.
TpTrace Information: 0 : 5376, 1, 2021/11/17, 11:56:21.318, 1300799972927, vstest.console.dll, TestRunRequest.Dispose: Completed.
TpTrace Information: 0 : 5376, 1, 2021/11/17, 11:56:21.318, 1300799973612, vstest.console.dll, TestRequestManager.RunTests: run tests completed.
TpTrace Information: 0 : 5376, 4, 2021/11/17, 11:56:21.318, 1300799973071, vstest.console.dll, SocketServer.Stop: Stop server endPoint: 127.0.0.1:63753
TpTrace Information: 0 : 5376, 1, 2021/11/17, 11:56:21.318, 1300799974580, vstest.console.dll, RunTestsArgumentProcessor:Execute: Test run is completed.
TpTrace Information: 0 : 5376, 4, 2021/11/17, 11:56:21.318, 1300799974723, vstest.console.dll, SocketServer.Stop: Cancellation requested. Stopping message loop.
TpTrace Information: 0 : 5376, 4, 2021/11/17, 11:56:21.318, 1300799975938, vstest.console.dll, SocketServer.PrivateStop: Stop server endPoint: 127.0.0.1:63753 error: 
TpTrace Verbose: 0 : 5376, 1, 2021/11/17, 11:56:21.318, 1300799976406, vstest.console.dll, Executor.Execute: Exiting with exit code of 0
TpTrace Verbose: 0 : 5376, 4, 2021/11/17, 11:56:21.319, 1300799980385, vstest.console.dll, LengthPrefixCommunicationChannel.Dispose: Dispose reader and writer.
TpTrace Information: 0 : 5376, 4, 2021/11/17, 11:56:21.319, 1300799981921, vstest.console.dll, SocketServer.Stop: Raise disconnected event endPoint: 127.0.0.1:63753 error: 
